knn with k=1:
       Quality        │   #    │ #With Prob. │ Total 
══════════════════════╪════════╪═════════════╪════════
 Exact                │     27 │           0 │     27 
 Majority             │      0 │           0 │      0 
 Plurality            │      0 │           0 │      0 
 PluralityThenMinDist │      0 │           0 │      0 
 Contains             │      0 │           0 │      0 
 Wrong                │ 150481 │       10243 │ 160724 
 NoResult             │   9605 │          16 │   9621 

#Domains with at least x classification results of quality or higher:
        Method        │   0    │ 1  │ 2 │ 3 │ 4 │ 5 │ 6 │ 7 │ 8 │ 9 │ 10 
══════════════════════╪════════╪════╪═══╪═══╪═══╪═══╪═══╪═══╪═══╪═══╪════
 Contains             │ 170372 │ 27 │ 0 │ 0 │ 0 │ 0 │ 0 │ 0 │ 0 │ 0 │  0 
 PluralityThenMinDist │ 170372 │ 27 │ 0 │ 0 │ 0 │ 0 │ 0 │ 0 │ 0 │ 0 │  0 
 Plurality            │ 170372 │ 27 │ 0 │ 0 │ 0 │ 0 │ 0 │ 0 │ 0 │ 0 │  0 
 Majority             │ 170372 │ 27 │ 0 │ 0 │ 0 │ 0 │ 0 │ 0 │ 0 │ 0 │  0 
 Exact                │ 170372 │ 27 │ 0 │ 0 │ 0 │ 0 │ 0 │ 0 │ 0 │ 0 │  0 


knn with k=3:
       Quality        │   #    │ #With Prob. │ Total 
══════════════════════╪════════╪═════════════╪════════
 Exact                │     10 │           0 │     10 
 Majority             │      8 │           0 │      8 
 Plurality            │      0 │           0 │      0 
 PluralityThenMinDist │      7 │           0 │      7 
 Contains             │      5 │           0 │      5 
 Wrong                │ 150478 │       10243 │ 160721 
 NoResult             │   9605 │          16 │   9621 

#Domains with at least x classification results of quality or higher:
        Method        │   0    │ 1  │ 2 │ 3 │ 4 │ 5 │ 6 │ 7 │ 8 │ 9 │ 10 
══════════════════════╪════════╪════╪═══╪═══╪═══╪═══╪═══╪═══╪═══╪═══╪════
 Contains             │ 170372 │ 30 │ 0 │ 0 │ 0 │ 0 │ 0 │ 0 │ 0 │ 0 │  0 
 PluralityThenMinDist │ 170372 │ 25 │ 0 │ 0 │ 0 │ 0 │ 0 │ 0 │ 0 │ 0 │  0 
 Plurality            │ 170372 │ 18 │ 0 │ 0 │ 0 │ 0 │ 0 │ 0 │ 0 │ 0 │  0 
 Majority             │ 170372 │ 18 │ 0 │ 0 │ 0 │ 0 │ 0 │ 0 │ 0 │ 0 │  0 
 Exact                │ 170372 │ 10 │ 0 │ 0 │ 0 │ 0 │ 0 │ 0 │ 0 │ 0 │  0 


knn with k=5:
       Quality        │   #    │ #With Prob. │ Total 
══════════════════════╪════════╪═════════════╪════════
 Exact                │      5 │           0 │      5 
 Majority             │     11 │           0 │     11 
 Plurality            │      9 │           0 │      9 
 PluralityThenMinDist │      4 │           0 │      4 
 Contains             │      9 │           0 │      9 
 Wrong                │ 150470 │       10243 │ 160713 
 NoResult             │   9605 │          16 │   9621 

#Domains with at least x classification results of quality or higher:
        Method        │   0    │ 1  │ 2 │ 3 │ 4 │ 5 │ 6 │ 7 │ 8 │ 9 │ 10 
══════════════════════╪════════╪════╪═══╪═══╪═══╪═══╪═══╪═══╪═══╪═══╪════
 Contains             │ 170372 │ 38 │ 0 │ 0 │ 0 │ 0 │ 0 │ 0 │ 0 │ 0 │  0 
 PluralityThenMinDist │ 170372 │ 29 │ 0 │ 0 │ 0 │ 0 │ 0 │ 0 │ 0 │ 0 │  0 
 Plurality            │ 170372 │ 25 │ 0 │ 0 │ 0 │ 0 │ 0 │ 0 │ 0 │ 0 │  0 
 Majority             │ 170372 │ 16 │ 0 │ 0 │ 0 │ 0 │ 0 │ 0 │ 0 │ 0 │  0 
 Exact                │ 170372 │  5 │ 0 │ 0 │ 0 │ 0 │ 0 │ 0 │ 0 │ 0 │  0 


knn with k=7:
       Quality        │   #    │ #With Prob. │ Total 
══════════════════════╪════════╪═════════════╪════════
 Exact                │      3 │           0 │      3 
 Majority             │      9 │           0 │      9 
 Plurality            │     13 │           0 │     13 
 PluralityThenMinDist │      3 │           0 │      3 
 Contains             │     12 │           0 │     12 
 Wrong                │ 150468 │       10243 │ 160711 
 NoResult             │   9605 │          16 │   9621 

#Domains with at least x classification results of quality or higher:
        Method        │   0    │ 1  │ 2 │ 3 │ 4 │ 5 │ 6 │ 7 │ 8 │ 9 │ 10 
══════════════════════╪════════╪════╪═══╪═══╪═══╪═══╪═══╪═══╪═══╪═══╪════
 Contains             │ 170372 │ 40 │ 0 │ 0 │ 0 │ 0 │ 0 │ 0 │ 0 │ 0 │  0 
 PluralityThenMinDist │ 170372 │ 28 │ 0 │ 0 │ 0 │ 0 │ 0 │ 0 │ 0 │ 0 │  0 
 Plurality            │ 170372 │ 25 │ 0 │ 0 │ 0 │ 0 │ 0 │ 0 │ 0 │ 0 │  0 
 Majority             │ 170372 │ 12 │ 0 │ 0 │ 0 │ 0 │ 0 │ 0 │ 0 │ 0 │  0 
 Exact                │ 170372 │  3 │ 0 │ 0 │ 0 │ 0 │ 0 │ 0 │ 0 │ 0 │  0 


knn with k=9:
       Quality        │   #    │ #With Prob. │ Total 
══════════════════════╪════════╪═════════════╪════════
 Exact                │      2 │           0 │      2 
 Majority             │     12 │           0 │     12 
 Plurality            │     14 │           0 │     14 
 PluralityThenMinDist │      1 │           0 │      1 
 Contains             │     14 │           0 │     14 
 Wrong                │ 150465 │       10243 │ 160708 
 NoResult             │   9605 │          16 │   9621 

#Domains with at least x classification results of quality or higher:
        Method        │   0    │ 1  │ 2 │ 3 │ 4 │ 5 │ 6 │ 7 │ 8 │ 9 │ 10 
══════════════════════╪════════╪════╪═══╪═══╪═══╪═══╪═══╪═══╪═══╪═══╪════
 Contains             │ 170372 │ 43 │ 0 │ 0 │ 0 │ 0 │ 0 │ 0 │ 0 │ 0 │  0 
 PluralityThenMinDist │ 170372 │ 29 │ 0 │ 0 │ 0 │ 0 │ 0 │ 0 │ 0 │ 0 │  0 
 Plurality            │ 170372 │ 28 │ 0 │ 0 │ 0 │ 0 │ 0 │ 0 │ 0 │ 0 │  0 
 Majority             │ 170372 │ 14 │ 0 │ 0 │ 0 │ 0 │ 0 │ 0 │ 0 │ 0 │  0 
 Exact                │ 170372 │  2 │ 0 │ 0 │ 0 │ 0 │ 0 │ 0 │ 0 │ 0 │  0 

