knn with k=1:
       Quality        │   #   │ #With Prob. │ Total 
══════════════════════╪═══════╪═════════════╪═══════
 Exact                │ 64011 │          98 │ 64109 
 Majority             │     0 │           0 │     0 
 Plurality            │     0 │           0 │     0 
 PluralityThenMinDist │     0 │           0 │     0 
 Contains             │     0 │           0 │     0 
 Wrong                │ 22393 │        4150 │ 26543 
 NoResult             │  1400 │           0 │  1400 

#Domains with at least x classification results of quality or higher:
        Method        │  0   │  1   │  2   │  3   │  4   │  5   │  6   │  7   │  8   │  9   │  10 
══════════════════════╪══════╪══════╪══════╪══════╪══════╪══════╪══════╪══════╪══════╪══════╪══════
 Contains             │ 9207 │ 8610 │ 8438 │ 8101 │ 7739 │ 7234 │ 6656 │ 5939 │ 5065 │ 3937 │ 2390 
 PluralityThenMinDist │ 9207 │ 8610 │ 8438 │ 8101 │ 7739 │ 7234 │ 6656 │ 5939 │ 5065 │ 3937 │ 2390 
 Plurality            │ 9207 │ 8610 │ 8438 │ 8101 │ 7739 │ 7234 │ 6656 │ 5939 │ 5065 │ 3937 │ 2390 
 Majority             │ 9207 │ 8610 │ 8438 │ 8101 │ 7739 │ 7234 │ 6656 │ 5939 │ 5065 │ 3937 │ 2390 
 Exact                │ 9207 │ 8610 │ 8438 │ 8101 │ 7739 │ 7234 │ 6656 │ 5939 │ 5065 │ 3937 │ 2390 


knn with k=3:
       Quality        │   #   │ #With Prob. │ Total 
══════════════════════╪═══════╪═════════════╪═══════
 Exact                │ 39932 │          53 │ 39985 
 Majority             │ 17581 │          43 │ 17624 
 Plurality            │     0 │           0 │     0 
 PluralityThenMinDist │  7192 │           0 │  7192 
 Contains             │  7526 │          92 │  7618 
 Wrong                │ 14173 │        4060 │ 18233 
 NoResult             │  1400 │           0 │  1400 

#Domains with at least x classification results of quality or higher:
        Method        │  0   │  1   │  2   │  3   │  4   │  5   │  6   │  7   │  8   │  9   │  10 
══════════════════════╪══════╪══════╪══════╪══════╪══════╪══════╪══════╪══════╪══════╪══════╪══════
 Contains             │ 9207 │ 8749 │ 8704 │ 8513 │ 8318 │ 8050 │ 7656 │ 7107 │ 6383 │ 5336 │ 3603 
 PluralityThenMinDist │ 9207 │ 8587 │ 8397 │ 8081 │ 7718 │ 7241 │ 6711 │ 6054 │ 5222 │ 4162 │ 2628 
 Plurality            │ 9207 │ 8217 │ 7853 │ 7434 │ 6955 │ 6397 │ 5827 │ 5179 │ 4339 │ 3358 │ 2050 
 Majority             │ 9207 │ 8217 │ 7853 │ 7434 │ 6955 │ 6397 │ 5827 │ 5179 │ 4339 │ 3358 │ 2050 
 Exact                │ 9207 │ 6998 │ 6206 │ 5528 │ 4956 │ 4366 │ 3731 │ 3088 │ 2436 │ 1752 │  924 


knn with k=5:
       Quality        │   #   │ #With Prob. │ Total 
══════════════════════╪═══════╪═════════════╪═══════
 Exact                │ 25272 │          31 │ 25303 
 Majority             │ 26325 │          56 │ 26381 
 Plurality            │  8711 │          36 │  8747 
 PluralityThenMinDist │  5201 │           1 │  5202 
 Contains             │  9516 │         161 │  9677 
 Wrong                │ 11379 │        3963 │ 15342 
 NoResult             │  1400 │           0 │  1400 

#Domains with at least x classification results of quality or higher:
        Method        │  0   │  1   │  2   │  3   │  4   │  5   │  6   │  7   │  8   │  9   │  10 
══════════════════════╪══════╪══════╪══════╪══════╪══════╪══════╪══════╪══════╪══════╪══════╪══════
 Contains             │ 9207 │ 8795 │ 8763 │ 8643 │ 8502 │ 8280 │ 7982 │ 7514 │ 6852 │ 5850 │ 4129 
 PluralityThenMinDist │ 9207 │ 8588 │ 8379 │ 8094 │ 7762 │ 7325 │ 6767 │ 6163 │ 5398 │ 4320 │ 2837 
 Plurality            │ 9207 │ 8387 │ 8025 │ 7669 │ 7238 │ 6742 │ 6141 │ 5496 │ 4675 │ 3704 │ 2354 
 Majority             │ 9207 │ 7774 │ 7249 │ 6737 │ 6253 │ 5717 │ 5113 │ 4456 │ 3730 │ 2879 │ 1776 
 Exact                │ 9207 │ 5134 │ 4241 │ 3596 │ 3031 │ 2598 │ 2172 │ 1765 │ 1363 │  926 │  477 


knn with k=7:
       Quality        │   #   │ #With Prob. │ Total 
══════════════════════╪═══════╪═════════════╪═══════
 Exact                │ 15411 │          18 │ 15429 
 Majority             │ 30588 │          68 │ 30656 
 Plurality            │ 14834 │          41 │ 14875 
 PluralityThenMinDist │  4940 │           3 │  4943 
 Contains             │ 10750 │         240 │ 10990 
 Wrong                │  9881 │        3878 │ 13759 
 NoResult             │  1400 │           0 │  1400 

#Domains with at least x classification results of quality or higher:
        Method        │  0   │  1   │  2   │  3   │  4   │  5   │  6   │  7   │  8   │  9   │  10 
══════════════════════╪══════╪══════╪══════╪══════╪══════╪══════╪══════╪══════╪══════╪══════╪══════
 Contains             │ 9207 │ 8818 │ 8796 │ 8689 │ 8577 │ 8389 │ 8133 │ 7740 │ 7133 │ 6168 │ 4450 
 PluralityThenMinDist │ 9207 │ 8573 │ 8375 │ 8079 │ 7768 │ 7349 │ 6822 │ 6209 │ 5430 │ 4405 │ 2893 
 Plurality            │ 9207 │ 8382 │ 8044 │ 7677 │ 7284 │ 6786 │ 6210 │ 5574 │ 4757 │ 3806 │ 2440 
 Majority             │ 9207 │ 7187 │ 6583 │ 6041 │ 5551 │ 5073 │ 4484 │ 3922 │ 3222 │ 2487 │ 1535 
 Exact                │ 9207 │ 3607 │ 2726 │ 2153 │ 1778 │ 1454 │ 1196 │  976 │  740 │  528 │  271 


knn with k=9:
       Quality        │   #   │ #With Prob. │ Total 
══════════════════════╪═══════╪═════════════╪═══════
 Exact                │  9140 │          10 │  9150 
 Majority             │ 31568 │          47 │ 31615 
 Plurality            │ 19873 │          73 │ 19946 
 PluralityThenMinDist │  4979 │           0 │  4979 
 Contains             │ 11997 │         331 │ 12328 
 Wrong                │  8847 │        3787 │ 12634 
 NoResult             │  1400 │           0 │  1400 

#Domains with at least x classification results of quality or higher:
        Method        │  0   │  1   │  2   │  3   │  4   │  5   │  6   │  7   │  8   │  9   │  10 
══════════════════════╪══════╪══════╪══════╪══════╪══════╪══════╪══════╪══════╪══════╪══════╪══════
 Contains             │ 9207 │ 8840 │ 8821 │ 8722 │ 8626 │ 8461 │ 8249 │ 7875 │ 7331 │ 6405 │ 4688 
 PluralityThenMinDist │ 9207 │ 8539 │ 8332 │ 8044 │ 7724 │ 7308 │ 6788 │ 6198 │ 5428 │ 4415 │ 2914 
 Plurality            │ 9207 │ 8338 │ 8001 │ 7636 │ 7262 │ 6743 │ 6177 │ 5530 │ 4749 │ 3810 │ 2465 
 Majority             │ 9207 │ 6582 │ 5911 │ 5337 │ 4886 │ 4409 │ 3939 │ 3425 │ 2810 │ 2135 │ 1331 
 Exact                │ 9207 │ 2320 │ 1645 │ 1269 │ 1041 │  815 │  662 │  553 │  411 │  285 │  149 

