knn with k=1:
       Quality        │   #   │ #With Prob. │ Total 
══════════════════════╪═══════╪═════════════╪═══════
 Exact                │ 64569 │          98 │ 64667 
 Majority             │     0 │           0 │     0 
 Plurality            │     0 │           0 │     0 
 PluralityThenMinDist │     0 │           0 │     0 
 Contains             │     0 │           0 │     0 
 Wrong                │ 23235 │        4150 │ 27385 
 NoResult             │     0 │           0 │     0 

#Domains with at least x classification results of quality or higher:
        Method        │  0   │  1   │  2   │  3   │  4   │  5   │  6   │  7   │  8   │  9   │  10 
══════════════════════╪══════╪══════╪══════╪══════╪══════╪══════╪══════╪══════╪══════╪══════╪══════
 Contains             │ 9207 │ 8630 │ 8461 │ 8145 │ 7778 │ 7292 │ 6728 │ 6021 │ 5150 │ 4008 │ 2454 
 PluralityThenMinDist │ 9207 │ 8630 │ 8461 │ 8145 │ 7778 │ 7292 │ 6728 │ 6021 │ 5150 │ 4008 │ 2454 
 Plurality            │ 9207 │ 8630 │ 8461 │ 8145 │ 7778 │ 7292 │ 6728 │ 6021 │ 5150 │ 4008 │ 2454 
 Majority             │ 9207 │ 8630 │ 8461 │ 8145 │ 7778 │ 7292 │ 6728 │ 6021 │ 5150 │ 4008 │ 2454 
 Exact                │ 9207 │ 8630 │ 8461 │ 8145 │ 7778 │ 7292 │ 6728 │ 6021 │ 5150 │ 4008 │ 2454 


knn with k=3:
       Quality        │   #   │ #With Prob. │ Total 
══════════════════════╪═══════╪═════════════╪═══════
 Exact                │ 38936 │          53 │ 38989 
 Majority             │ 18217 │          43 │ 18260 
 Plurality            │     0 │           0 │     0 
 PluralityThenMinDist │  7996 │           0 │  7996 
 Contains             │  8005 │          92 │  8097 
 Wrong                │ 14650 │        4060 │ 18710 
 NoResult             │     0 │           0 │     0 

#Domains with at least x classification results of quality or higher:
        Method        │  0   │  1   │  2   │  3   │  4   │  5   │  6   │  7   │  8   │  9   │  10 
══════════════════════╪══════╪══════╪══════╪══════╪══════╪══════╪══════╪══════╪══════╪══════╪══════
 Contains             │ 9207 │ 8770 │ 8726 │ 8563 │ 8381 │ 8136 │ 7766 │ 7228 │ 6543 │ 5492 │ 3737 
 PluralityThenMinDist │ 9207 │ 8607 │ 8415 │ 8111 │ 7753 │ 7291 │ 6764 │ 6113 │ 5292 │ 4217 │ 2682 
 Plurality            │ 9207 │ 8208 │ 7822 │ 7394 │ 6916 │ 6340 │ 5781 │ 5129 │ 4303 │ 3314 │ 2042 
 Majority             │ 9207 │ 8208 │ 7822 │ 7394 │ 6916 │ 6340 │ 5781 │ 5129 │ 4303 │ 3314 │ 2042 
 Exact                │ 9207 │ 6861 │ 6063 │ 5396 │ 4825 │ 4261 │ 3649 │ 3003 │ 2344 │ 1688 │  899 


knn with k=5:
       Quality        │   #   │ #With Prob. │ Total 
══════════════════════╪═══════╪═════════════╪═══════
 Exact                │ 22962 │          31 │ 22993 
 Majority             │ 27276 │          56 │ 27332 
 Plurality            │  9922 │          36 │  9958 
 PluralityThenMinDist │  5766 │           1 │  5767 
 Contains             │ 10244 │         161 │ 10405 
 Wrong                │ 11634 │        3963 │ 15597 
 NoResult             │     0 │           0 │     0 

#Domains with at least x classification results of quality or higher:
        Method        │  0   │  1   │  2   │  3   │  4   │  5   │  6   │  7   │  8   │  9   │  10 
══════════════════════╪══════╪══════╪══════╪══════╪══════╪══════╪══════╪══════╪══════╪══════╪══════
 Contains             │ 9207 │ 8817 │ 8786 │ 8692 │ 8569 │ 8381 │ 8109 │ 7662 │ 7046 │ 6065 │ 4328 
 PluralityThenMinDist │ 9207 │ 8608 │ 8393 │ 8122 │ 7791 │ 7356 │ 6818 │ 6226 │ 5465 │ 4381 │ 2890 
 Plurality            │ 9207 │ 8391 │ 8004 │ 7652 │ 7218 │ 6714 │ 6130 │ 5475 │ 4656 │ 3676 │ 2367 
 Majority             │ 9207 │ 7670 │ 7089 │ 6577 │ 6091 │ 5553 │ 4961 │ 4317 │ 3603 │ 2754 │ 1710 
 Exact                │ 9207 │ 4678 │ 3852 │ 3256 │ 2739 │ 2373 │ 1992 │ 1593 │ 1234 │  834 │  442 


knn with k=7:
       Quality        │   #   │ #With Prob. │ Total 
══════════════════════╪═══════╪═════════════╪═══════
 Exact                │ 12014 │          18 │ 12032 
 Majority             │ 31454 │          68 │ 31522 
 Plurality            │ 17221 │          41 │ 17262 
 PluralityThenMinDist │  5471 │           3 │  5474 
 Contains             │ 11705 │         240 │ 11945 
 Wrong                │  9939 │        3878 │ 13817 
 NoResult             │     0 │           0 │     0 

#Domains with at least x classification results of quality or higher:
        Method        │  0   │  1   │  2   │  3   │  4   │  5   │  6   │  7   │  8   │  9   │  10 
══════════════════════╪══════╪══════╪══════╪══════╪══════╪══════╪══════╪══════╪══════╪══════╪══════
 Contains             │ 9207 │ 8840 │ 8819 │ 8744 │ 8647 │ 8496 │ 8267 │ 7914 │ 7357 │ 6437 │ 4714 
 PluralityThenMinDist │ 9207 │ 8588 │ 8388 │ 8099 │ 7790 │ 7383 │ 6867 │ 6265 │ 5500 │ 4468 │ 2942 
 Plurality            │ 9207 │ 8387 │ 8029 │ 7658 │ 7259 │ 6758 │ 6191 │ 5547 │ 4757 │ 3785 │ 2445 
 Majority             │ 9207 │ 6922 │ 6266 │ 5734 │ 5249 │ 4785 │ 4232 │ 3667 │ 2999 │ 2285 │ 1415 
 Exact                │ 9207 │ 2799 │ 2096 │ 1657 │ 1353 │ 1136 │  945 │  770 │  601 │  444 │  231 


knn with k=9:
       Quality        │   #   │ #With Prob. │ Total 
══════════════════════╪═══════╪═════════════╪═══════
 Exact                │  4703 │          10 │  4713 
 Majority             │ 32234 │          47 │ 32281 
 Plurality            │ 23493 │          73 │ 23566 
 PluralityThenMinDist │  5488 │           0 │  5488 
 Contains             │ 13121 │         331 │ 13452 
 Wrong                │  8765 │        3787 │ 12552 
 NoResult             │     0 │           0 │     0 

#Domains with at least x classification results of quality or higher:
        Method        │  0   │  1   │  2   │  3   │  4   │  5   │  6   │  7   │  8   │  9   │  10 
══════════════════════╪══════╪══════╪══════╪══════╪══════╪══════╪══════╪══════╪══════╪══════╪══════
 Contains             │ 9207 │ 8863 │ 8845 │ 8779 │ 8699 │ 8574 │ 8394 │ 8073 │ 7581 │ 6701 │ 4991 
 PluralityThenMinDist │ 9207 │ 8554 │ 8339 │ 8055 │ 7741 │ 7341 │ 6841 │ 6242 │ 5498 │ 4469 │ 2968 
 Plurality            │ 9207 │ 8340 │ 7988 │ 7626 │ 7229 │ 6707 │ 6156 │ 5515 │ 4733 │ 3793 │ 2473 
 Majority             │ 9207 │ 6077 │ 5384 │ 4873 │ 4430 │ 3987 │ 3578 │ 3087 │ 2521 │ 1892 │ 1165 
 Exact                │ 9207 │ 1128 │  780 │  618 │  522 │  428 │  365 │  312 │  256 │  196 │  108 

