knn with k=1:
       Quality        │  #  │ #With Prob. │ Total 
══════════════════════╪═════╪═════════════╪═══════
 Exact                │ 113 │           0 │   113 
 Majority             │   0 │           0 │     0 
 Plurality            │   0 │           0 │     0 
 PluralityThenMinDist │   0 │           0 │     0 
 Contains             │   0 │           0 │     0 
 Wrong                │ 273 │           2 │   275 
 NoResult             │   0 │           0 │     0 

#Domains with at least x classification results of quality or higher:
        Method        │  0  │ 1  │ 2  │ 3 │ 4 │ 5 │ 6 │ 7 │ 8 │ 9 │ 10 
══════════════════════╪═════╪════╪════╪═══╪═══╪═══╪═══╪═══╪═══╪═══╪════
 Contains             │ 194 │ 77 │ 36 │ 0 │ 0 │ 0 │ 0 │ 0 │ 0 │ 0 │  0 
 PluralityThenMinDist │ 194 │ 77 │ 36 │ 0 │ 0 │ 0 │ 0 │ 0 │ 0 │ 0 │  0 
 Plurality            │ 194 │ 77 │ 36 │ 0 │ 0 │ 0 │ 0 │ 0 │ 0 │ 0 │  0 
 Majority             │ 194 │ 77 │ 36 │ 0 │ 0 │ 0 │ 0 │ 0 │ 0 │ 0 │  0 
 Exact                │ 194 │ 77 │ 36 │ 0 │ 0 │ 0 │ 0 │ 0 │ 0 │ 0 │  0 


knn with k=3:
       Quality        │  #  │ #With Prob. │ Total 
══════════════════════╪═════╪═════════════╪═══════
 Exact                │  70 │           0 │    70 
 Majority             │  42 │           0 │    42 
 Plurality            │   0 │           0 │     0 
 PluralityThenMinDist │   7 │           0 │     7 
 Contains             │  25 │           0 │    25 
 Wrong                │ 242 │           2 │   244 
 NoResult             │   0 │           0 │     0 

#Domains with at least x classification results of quality or higher:
        Method        │  0  │ 1  │ 2  │ 3 │ 4 │ 5 │ 6 │ 7 │ 8 │ 9 │ 10 
══════════════════════╪═════╪════╪════╪═══╪═══╪═══╪═══╪═══╪═══╪═══╪════
 Contains             │ 194 │ 92 │ 52 │ 0 │ 0 │ 0 │ 0 │ 0 │ 0 │ 0 │  0 
 PluralityThenMinDist │ 194 │ 79 │ 40 │ 0 │ 0 │ 0 │ 0 │ 0 │ 0 │ 0 │  0 
 Plurality            │ 194 │ 77 │ 35 │ 0 │ 0 │ 0 │ 0 │ 0 │ 0 │ 0 │  0 
 Majority             │ 194 │ 77 │ 35 │ 0 │ 0 │ 0 │ 0 │ 0 │ 0 │ 0 │  0 
 Exact                │ 194 │ 51 │ 19 │ 0 │ 0 │ 0 │ 0 │ 0 │ 0 │ 0 │  0 


knn with k=5:
       Quality        │  #  │ #With Prob. │ Total 
══════════════════════╪═════╪═════════════╪═══════
 Exact                │  47 │           0 │    47 
 Majority             │  48 │           0 │    48 
 Plurality            │  15 │           0 │    15 
 PluralityThenMinDist │   9 │           0 │     9 
 Contains             │  35 │           0 │    35 
 Wrong                │ 232 │           2 │   234 
 NoResult             │   0 │           0 │     0 

#Domains with at least x classification results of quality or higher:
        Method        │  0  │ 1  │ 2  │ 3 │ 4 │ 5 │ 6 │ 7 │ 8 │ 9 │ 10 
══════════════════════╪═════╪════╪════╪═══╪═══╪═══╪═══╪═══╪═══╪═══╪════
 Contains             │ 194 │ 98 │ 56 │ 0 │ 0 │ 0 │ 0 │ 0 │ 0 │ 0 │  0 
 PluralityThenMinDist │ 194 │ 81 │ 38 │ 0 │ 0 │ 0 │ 0 │ 0 │ 0 │ 0 │  0 
 Plurality            │ 194 │ 79 │ 31 │ 0 │ 0 │ 0 │ 0 │ 0 │ 0 │ 0 │  0 
 Majority             │ 194 │ 67 │ 28 │ 0 │ 0 │ 0 │ 0 │ 0 │ 0 │ 0 │  0 
 Exact                │ 194 │ 33 │ 14 │ 0 │ 0 │ 0 │ 0 │ 0 │ 0 │ 0 │  0 


knn with k=7:
       Quality        │  #  │ #With Prob. │ Total 
══════════════════════╪═════╪═════════════╪═══════
 Exact                │  38 │           0 │    38 
 Majority             │  46 │           0 │    46 
 Plurality            │  31 │           0 │    31 
 PluralityThenMinDist │   9 │           0 │     9 
 Contains             │  36 │           0 │    36 
 Wrong                │ 226 │           2 │   228 
 NoResult             │   0 │           0 │     0 

#Domains with at least x classification results of quality or higher:
        Method        │  0  │  1  │ 2  │ 3 │ 4 │ 5 │ 6 │ 7 │ 8 │ 9 │ 10 
══════════════════════╪═════╪═════╪════╪═══╪═══╪═══╪═══╪═══╪═══╪═══╪════
 Contains             │ 194 │ 101 │ 59 │ 0 │ 0 │ 0 │ 0 │ 0 │ 0 │ 0 │  0 
 PluralityThenMinDist │ 194 │  83 │ 41 │ 0 │ 0 │ 0 │ 0 │ 0 │ 0 │ 0 │  0 
 Plurality            │ 194 │  81 │ 34 │ 0 │ 0 │ 0 │ 0 │ 0 │ 0 │ 0 │  0 
 Majority             │ 194 │  58 │ 26 │ 0 │ 0 │ 0 │ 0 │ 0 │ 0 │ 0 │  0 
 Exact                │ 194 │  27 │ 11 │ 0 │ 0 │ 0 │ 0 │ 0 │ 0 │ 0 │  0 


knn with k=9:
       Quality        │  #  │ #With Prob. │ Total 
══════════════════════╪═════╪═════════════╪═══════
 Exact                │  32 │           0 │    32 
 Majority             │  46 │           0 │    46 
 Plurality            │  43 │           0 │    43 
 PluralityThenMinDist │   5 │           0 │     5 
 Contains             │  47 │           0 │    47 
 Wrong                │ 213 │           2 │   215 
 NoResult             │   0 │           0 │     0 

#Domains with at least x classification results of quality or higher:
        Method        │  0  │  1  │ 2  │ 3 │ 4 │ 5 │ 6 │ 7 │ 8 │ 9 │ 10 
══════════════════════╪═════╪═════╪════╪═══╪═══╪═══╪═══╪═══╪═══╪═══╪════
 Contains             │ 194 │ 108 │ 65 │ 0 │ 0 │ 0 │ 0 │ 0 │ 0 │ 0 │  0 
 PluralityThenMinDist │ 194 │  86 │ 40 │ 0 │ 0 │ 0 │ 0 │ 0 │ 0 │ 0 │  0 
 Plurality            │ 194 │  83 │ 38 │ 0 │ 0 │ 0 │ 0 │ 0 │ 0 │ 0 │  0 
 Majority             │ 194 │  57 │ 21 │ 0 │ 0 │ 0 │ 0 │ 0 │ 0 │ 0 │  0 
 Exact                │ 194 │  23 │  9 │ 0 │ 0 │ 0 │ 0 │ 0 │ 0 │ 0 │  0 

