knn with k=1:
       Quality        │  #  │ #With Prob. │ Total 
══════════════════════╪═════╪═════════════╪═══════
 Exact                │ 213 │           0 │   213 
 Majority             │   0 │           0 │     0 
 Plurality            │   0 │           0 │     0 
 PluralityThenMinDist │   0 │           0 │     0 
 Contains             │   0 │           0 │     0 
 Wrong                │ 171 │           2 │   173 
 NoResult             │   0 │           0 │     0 

#Domains with at least x classification results of quality or higher:
        Method        │  0  │  1  │ 2  │ 3 │ 4 │ 5 │ 6 │ 7 │ 8 │ 9 │ 10 
══════════════════════╪═════╪═════╪════╪═══╪═══╪═══╪═══╪═══╪═══╪═══╪════
 Contains             │ 193 │ 137 │ 76 │ 0 │ 0 │ 0 │ 0 │ 0 │ 0 │ 0 │  0 
 PluralityThenMinDist │ 193 │ 137 │ 76 │ 0 │ 0 │ 0 │ 0 │ 0 │ 0 │ 0 │  0 
 Plurality            │ 193 │ 137 │ 76 │ 0 │ 0 │ 0 │ 0 │ 0 │ 0 │ 0 │  0 
 Majority             │ 193 │ 137 │ 76 │ 0 │ 0 │ 0 │ 0 │ 0 │ 0 │ 0 │  0 
 Exact                │ 193 │ 137 │ 76 │ 0 │ 0 │ 0 │ 0 │ 0 │ 0 │ 0 │  0 


knn with k=3:
       Quality        │  #  │ #With Prob. │ Total 
══════════════════════╪═════╪═════════════╪═══════
 Exact                │ 141 │           0 │   141 
 Majority             │  52 │           0 │    52 
 Plurality            │   0 │           0 │     0 
 PluralityThenMinDist │  29 │           0 │    29 
 Contains             │  36 │           0 │    36 
 Wrong                │ 126 │           2 │   128 
 NoResult             │   0 │           0 │     0 

#Domains with at least x classification results of quality or higher:
        Method        │  0  │  1  │ 2  │ 3 │ 4 │ 5 │ 6 │ 7 │ 8 │ 9 │ 10 
══════════════════════╪═════╪═════╪════╪═══╪═══╪═══╪═══╪═══╪═══╪═══╪════
 Contains             │ 193 │ 159 │ 99 │ 0 │ 0 │ 0 │ 0 │ 0 │ 0 │ 0 │  0 
 PluralityThenMinDist │ 193 │ 142 │ 80 │ 0 │ 0 │ 0 │ 0 │ 0 │ 0 │ 0 │  0 
 Plurality            │ 193 │ 122 │ 71 │ 0 │ 0 │ 0 │ 0 │ 0 │ 0 │ 0 │  0 
 Majority             │ 193 │ 122 │ 71 │ 0 │ 0 │ 0 │ 0 │ 0 │ 0 │ 0 │  0 
 Exact                │ 193 │  92 │ 49 │ 0 │ 0 │ 0 │ 0 │ 0 │ 0 │ 0 │  0 


knn with k=5:
       Quality        │  #  │ #With Prob. │ Total 
══════════════════════╪═════╪═════════════╪═══════
 Exact                │ 106 │           0 │   106 
 Majority             │  65 │           0 │    65 
 Plurality            │  43 │           0 │    43 
 PluralityThenMinDist │  13 │           0 │    13 
 Contains             │  49 │           0 │    49 
 Wrong                │ 108 │           2 │   110 
 NoResult             │   0 │           0 │     0 

#Domains with at least x classification results of quality or higher:
        Method        │  0  │  1  │  2  │ 3 │ 4 │ 5 │ 6 │ 7 │ 8 │ 9 │ 10 
══════════════════════╪═════╪═════╪═════╪═══╪═══╪═══╪═══╪═══╪═══╪═══╪════
 Contains             │ 193 │ 163 │ 113 │ 0 │ 0 │ 0 │ 0 │ 0 │ 0 │ 0 │  0 
 PluralityThenMinDist │ 193 │ 143 │  84 │ 0 │ 0 │ 0 │ 0 │ 0 │ 0 │ 0 │  0 
 Plurality            │ 193 │ 132 │  82 │ 0 │ 0 │ 0 │ 0 │ 0 │ 0 │ 0 │  0 
 Majority             │ 193 │ 108 │  63 │ 0 │ 0 │ 0 │ 0 │ 0 │ 0 │ 0 │  0 
 Exact                │ 193 │  70 │  36 │ 0 │ 0 │ 0 │ 0 │ 0 │ 0 │ 0 │  0 


knn with k=7:
       Quality        │ #  │ #With Prob. │ Total 
══════════════════════╪════╪═════════════╪═══════
 Exact                │ 89 │           0 │    89 
 Majority             │ 66 │           0 │    66 
 Plurality            │ 65 │           0 │    65 
 PluralityThenMinDist │ 13 │           0 │    13 
 Contains             │ 52 │           0 │    52 
 Wrong                │ 99 │           2 │   101 
 NoResult             │  0 │           0 │     0 

#Domains with at least x classification results of quality or higher:
        Method        │  0  │  1  │  2  │ 3 │ 4 │ 5 │ 6 │ 7 │ 8 │ 9 │ 10 
══════════════════════╪═════╪═════╪═════╪═══╪═══╪═══╪═══╪═══╪═══╪═══╪════
 Contains             │ 193 │ 169 │ 116 │ 0 │ 0 │ 0 │ 0 │ 0 │ 0 │ 0 │  0 
 PluralityThenMinDist │ 193 │ 145 │  88 │ 0 │ 0 │ 0 │ 0 │ 0 │ 0 │ 0 │  0 
 Plurality            │ 193 │ 137 │  83 │ 0 │ 0 │ 0 │ 0 │ 0 │ 0 │ 0 │  0 
 Majority             │ 193 │  94 │  61 │ 0 │ 0 │ 0 │ 0 │ 0 │ 0 │ 0 │  0 
 Exact                │ 193 │  56 │  33 │ 0 │ 0 │ 0 │ 0 │ 0 │ 0 │ 0 │  0 


knn with k=9:
       Quality        │ #  │ #With Prob. │ Total 
══════════════════════╪════╪═════════════╪═══════
 Exact                │ 72 │           0 │    72 
 Majority             │ 75 │           0 │    75 
 Plurality            │ 74 │           0 │    74 
 PluralityThenMinDist │ 16 │           0 │    16 
 Contains             │ 55 │           0 │    55 
 Wrong                │ 92 │           2 │    94 
 NoResult             │  0 │           0 │     0 

#Domains with at least x classification results of quality or higher:
        Method        │  0  │  1  │  2  │ 3 │ 4 │ 5 │ 6 │ 7 │ 8 │ 9 │ 10 
══════════════════════╪═════╪═════╪═════╪═══╪═══╪═══╪═══╪═══╪═══╪═══╪════
 Contains             │ 193 │ 171 │ 121 │ 0 │ 0 │ 0 │ 0 │ 0 │ 0 │ 0 │  0 
 PluralityThenMinDist │ 193 │ 146 │  91 │ 0 │ 0 │ 0 │ 0 │ 0 │ 0 │ 0 │  0 
 Plurality            │ 193 │ 135 │  86 │ 0 │ 0 │ 0 │ 0 │ 0 │ 0 │ 0 │  0 
 Majority             │ 193 │  89 │  58 │ 0 │ 0 │ 0 │ 0 │ 0 │ 0 │ 0 │  0 
 Exact                │ 193 │  44 │  28 │ 0 │ 0 │ 0 │ 0 │ 0 │ 0 │ 0 │  0 

