knn with k=1:
       Quality        │  #  │ #With Prob. │ Total 
══════════════════════╪═════╪═════════════╪═══════
 Exact                │ 124 │           0 │   124 
 Majority             │   0 │           0 │     0 
 Plurality            │   0 │           0 │     0 
 PluralityThenMinDist │   0 │           0 │     0 
 Contains             │   0 │           0 │     0 
 Wrong                │ 264 │           2 │   266 
 NoResult             │   0 │           0 │     0 

#Domains with at least x classification results of quality or higher:
        Method        │  0  │ 1  │ 2  │ 3 │ 4 │ 5 │ 6 │ 7 │ 8 │ 9 │ 10 
══════════════════════╪═════╪════╪════╪═══╪═══╪═══╪═══╪═══╪═══╪═══╪════
 Contains             │ 195 │ 84 │ 40 │ 0 │ 0 │ 0 │ 0 │ 0 │ 0 │ 0 │  0 
 PluralityThenMinDist │ 195 │ 84 │ 40 │ 0 │ 0 │ 0 │ 0 │ 0 │ 0 │ 0 │  0 
 Plurality            │ 195 │ 84 │ 40 │ 0 │ 0 │ 0 │ 0 │ 0 │ 0 │ 0 │  0 
 Majority             │ 195 │ 84 │ 40 │ 0 │ 0 │ 0 │ 0 │ 0 │ 0 │ 0 │  0 
 Exact                │ 195 │ 84 │ 40 │ 0 │ 0 │ 0 │ 0 │ 0 │ 0 │ 0 │  0 


knn with k=3:
       Quality        │  #  │ #With Prob. │ Total 
══════════════════════╪═════╪═════════════╪═══════
 Exact                │  74 │           0 │    74 
 Majority             │  33 │           0 │    33 
 Plurality            │   0 │           0 │     0 
 PluralityThenMinDist │  20 │           0 │    20 
 Contains             │  26 │           0 │    26 
 Wrong                │ 235 │           2 │   237 
 NoResult             │   0 │           0 │     0 

#Domains with at least x classification results of quality or higher:
        Method        │  0  │ 1  │ 2  │ 3 │ 4 │ 5 │ 6 │ 7 │ 8 │ 9 │ 10 
══════════════════════╪═════╪════╪════╪═══╪═══╪═══╪═══╪═══╪═══╪═══╪════
 Contains             │ 195 │ 95 │ 58 │ 0 │ 0 │ 0 │ 0 │ 0 │ 0 │ 0 │  0 
 PluralityThenMinDist │ 195 │ 83 │ 44 │ 0 │ 0 │ 0 │ 0 │ 0 │ 0 │ 0 │  0 
 Plurality            │ 195 │ 70 │ 37 │ 0 │ 0 │ 0 │ 0 │ 0 │ 0 │ 0 │  0 
 Majority             │ 195 │ 70 │ 37 │ 0 │ 0 │ 0 │ 0 │ 0 │ 0 │ 0 │  0 
 Exact                │ 195 │ 50 │ 24 │ 0 │ 0 │ 0 │ 0 │ 0 │ 0 │ 0 │  0 


knn with k=5:
       Quality        │  #  │ #With Prob. │ Total 
══════════════════════╪═════╪═════════════╪═══════
 Exact                │  53 │           0 │    53 
 Majority             │  51 │           0 │    51 
 Plurality            │  27 │           0 │    27 
 PluralityThenMinDist │   9 │           0 │     9 
 Contains             │  23 │           0 │    23 
 Wrong                │ 225 │           2 │   227 
 NoResult             │   0 │           0 │     0 

#Domains with at least x classification results of quality or higher:
        Method        │  0  │ 1  │ 2  │ 3 │ 4 │ 5 │ 6 │ 7 │ 8 │ 9 │ 10 
══════════════════════╪═════╪════╪════╪═══╪═══╪═══╪═══╪═══╪═══╪═══╪════
 Contains             │ 195 │ 98 │ 65 │ 0 │ 0 │ 0 │ 0 │ 0 │ 0 │ 0 │  0 
 PluralityThenMinDist │ 195 │ 90 │ 50 │ 0 │ 0 │ 0 │ 0 │ 0 │ 0 │ 0 │  0 
 Plurality            │ 195 │ 86 │ 45 │ 0 │ 0 │ 0 │ 0 │ 0 │ 0 │ 0 │  0 
 Majority             │ 195 │ 70 │ 34 │ 0 │ 0 │ 0 │ 0 │ 0 │ 0 │ 0 │  0 
 Exact                │ 195 │ 38 │ 15 │ 0 │ 0 │ 0 │ 0 │ 0 │ 0 │ 0 │  0 


knn with k=7:
       Quality        │  #  │ #With Prob. │ Total 
══════════════════════╪═════╪═════════════╪═══════
 Exact                │  47 │           0 │    47 
 Majority             │  47 │           0 │    47 
 Plurality            │  39 │           0 │    39 
 PluralityThenMinDist │  10 │           0 │    10 
 Contains             │  31 │           0 │    31 
 Wrong                │ 214 │           2 │   216 
 NoResult             │   0 │           0 │     0 

#Domains with at least x classification results of quality or higher:
        Method        │  0  │  1  │ 2  │ 3 │ 4 │ 5 │ 6 │ 7 │ 8 │ 9 │ 10 
══════════════════════╪═════╪═════╪════╪═══╪═══╪═══╪═══╪═══╪═══╪═══╪════
 Contains             │ 195 │ 104 │ 70 │ 0 │ 0 │ 0 │ 0 │ 0 │ 0 │ 0 │  0 
 PluralityThenMinDist │ 195 │  91 │ 52 │ 0 │ 0 │ 0 │ 0 │ 0 │ 0 │ 0 │  0 
 Plurality            │ 195 │  85 │ 48 │ 0 │ 0 │ 0 │ 0 │ 0 │ 0 │ 0 │  0 
 Majority             │ 195 │  64 │ 30 │ 0 │ 0 │ 0 │ 0 │ 0 │ 0 │ 0 │  0 
 Exact                │ 195 │  36 │ 11 │ 0 │ 0 │ 0 │ 0 │ 0 │ 0 │ 0 │  0 


knn with k=9:
       Quality        │  #  │ #With Prob. │ Total 
══════════════════════╪═════╪═════════════╪═══════
 Exact                │  37 │           0 │    37 
 Majority             │  52 │           0 │    52 
 Plurality            │  50 │           0 │    50 
 PluralityThenMinDist │   6 │           0 │     6 
 Contains             │  33 │           0 │    33 
 Wrong                │ 210 │           2 │   212 
 NoResult             │   0 │           0 │     0 

#Domains with at least x classification results of quality or higher:
        Method        │  0  │  1  │ 2  │ 3 │ 4 │ 5 │ 6 │ 7 │ 8 │ 9 │ 10 
══════════════════════╪═════╪═════╪════╪═══╪═══╪═══╪═══╪═══╪═══╪═══╪════
 Contains             │ 195 │ 108 │ 70 │ 0 │ 0 │ 0 │ 0 │ 0 │ 0 │ 0 │  0 
 PluralityThenMinDist │ 195 │  91 │ 54 │ 0 │ 0 │ 0 │ 0 │ 0 │ 0 │ 0 │  0 
 Plurality            │ 195 │  86 │ 53 │ 0 │ 0 │ 0 │ 0 │ 0 │ 0 │ 0 │  0 
 Majority             │ 195 │  61 │ 28 │ 0 │ 0 │ 0 │ 0 │ 0 │ 0 │ 0 │  0 
 Exact                │ 195 │  27 │ 10 │ 0 │ 0 │ 0 │ 0 │ 0 │ 0 │ 0 │  0 

