knn with k=1:
       Quality        │  #  │ #With Prob. │ Total 
══════════════════════╪═════╪═════════════╪═══════
 Exact                │  57 │           0 │    57 
 Majority             │   0 │           0 │     0 
 Plurality            │   0 │           0 │     0 
 PluralityThenMinDist │   0 │           0 │     0 
 Contains             │   0 │           0 │     0 
 Wrong                │ 102 │           1 │   103 
 NoResult             │   0 │           0 │     0 

#Domains with at least x classification results of quality or higher:
        Method        │ 0  │ 1  │ 2  │ 3 │ 4 │ 5 │ 6 │ 7 │ 8 │ 9 │ 10 
══════════════════════╪════╪════╪════╪═══╪═══╪═══╪═══╪═══╪═══╪═══╪════
 Contains             │ 80 │ 40 │ 17 │ 0 │ 0 │ 0 │ 0 │ 0 │ 0 │ 0 │  0 
 PluralityThenMinDist │ 80 │ 40 │ 17 │ 0 │ 0 │ 0 │ 0 │ 0 │ 0 │ 0 │  0 
 Plurality            │ 80 │ 40 │ 17 │ 0 │ 0 │ 0 │ 0 │ 0 │ 0 │ 0 │  0 
 Majority             │ 80 │ 40 │ 17 │ 0 │ 0 │ 0 │ 0 │ 0 │ 0 │ 0 │  0 
 Exact                │ 80 │ 40 │ 17 │ 0 │ 0 │ 0 │ 0 │ 0 │ 0 │ 0 │  0 


knn with k=3:
       Quality        │ #  │ #With Prob. │ Total 
══════════════════════╪════╪═════════════╪═══════
 Exact                │ 32 │           0 │    32 
 Majority             │ 17 │           0 │    17 
 Plurality            │  0 │           0 │     0 
 PluralityThenMinDist │ 13 │           0 │    13 
 Contains             │ 13 │           0 │    13 
 Wrong                │ 84 │           1 │    85 
 NoResult             │  0 │           0 │     0 

#Domains with at least x classification results of quality or higher:
        Method        │ 0  │ 1  │ 2  │ 3 │ 4 │ 5 │ 6 │ 7 │ 8 │ 9 │ 10 
══════════════════════╪════╪════╪════╪═══╪═══╪═══╪═══╪═══╪═══╪═══╪════
 Contains             │ 80 │ 49 │ 26 │ 0 │ 0 │ 0 │ 0 │ 0 │ 0 │ 0 │  0 
 PluralityThenMinDist │ 80 │ 43 │ 19 │ 0 │ 0 │ 0 │ 0 │ 0 │ 0 │ 0 │  0 
 Plurality            │ 80 │ 36 │ 13 │ 0 │ 0 │ 0 │ 0 │ 0 │ 0 │ 0 │  0 
 Majority             │ 80 │ 36 │ 13 │ 0 │ 0 │ 0 │ 0 │ 0 │ 0 │ 0 │  0 
 Exact                │ 80 │ 25 │  7 │ 0 │ 0 │ 0 │ 0 │ 0 │ 0 │ 0 │  0 


knn with k=5:
       Quality        │ #  │ #With Prob. │ Total 
══════════════════════╪════╪═════════════╪═══════
 Exact                │ 20 │           0 │    20 
 Majority             │ 27 │           0 │    27 
 Plurality            │ 14 │           0 │    14 
 PluralityThenMinDist │  8 │           0 │     8 
 Contains             │  9 │           0 │     9 
 Wrong                │ 81 │           1 │    82 
 NoResult             │  0 │           0 │     0 

#Domains with at least x classification results of quality or higher:
        Method        │ 0  │ 1  │ 2  │ 3 │ 4 │ 5 │ 6 │ 7 │ 8 │ 9 │ 10 
══════════════════════╪════╪════╪════╪═══╪═══╪═══╪═══╪═══╪═══╪═══╪════
 Contains             │ 80 │ 49 │ 29 │ 0 │ 0 │ 0 │ 0 │ 0 │ 0 │ 0 │  0 
 PluralityThenMinDist │ 80 │ 46 │ 23 │ 0 │ 0 │ 0 │ 0 │ 0 │ 0 │ 0 │  0 
 Plurality            │ 80 │ 43 │ 18 │ 0 │ 0 │ 0 │ 0 │ 0 │ 0 │ 0 │  0 
 Majority             │ 80 │ 34 │ 13 │ 0 │ 0 │ 0 │ 0 │ 0 │ 0 │ 0 │  0 
 Exact                │ 80 │ 16 │  4 │ 0 │ 0 │ 0 │ 0 │ 0 │ 0 │ 0 │  0 


knn with k=7:
       Quality        │ #  │ #With Prob. │ Total 
══════════════════════╪════╪═════════════╪═══════
 Exact                │ 16 │           0 │    16 
 Majority             │ 30 │           0 │    30 
 Plurality            │ 14 │           0 │    14 
 PluralityThenMinDist │  8 │           0 │     8 
 Contains             │ 14 │           0 │    14 
 Wrong                │ 77 │           1 │    78 
 NoResult             │  0 │           0 │     0 

#Domains with at least x classification results of quality or higher:
        Method        │ 0  │ 1  │ 2  │ 3 │ 4 │ 5 │ 6 │ 7 │ 8 │ 9 │ 10 
══════════════════════╪════╪════╪════╪═══╪═══╪═══╪═══╪═══╪═══╪═══╪════
 Contains             │ 80 │ 51 │ 31 │ 0 │ 0 │ 0 │ 0 │ 0 │ 0 │ 0 │  0 
 PluralityThenMinDist │ 80 │ 44 │ 24 │ 0 │ 0 │ 0 │ 0 │ 0 │ 0 │ 0 │  0 
 Plurality            │ 80 │ 42 │ 18 │ 0 │ 0 │ 0 │ 0 │ 0 │ 0 │ 0 │  0 
 Majority             │ 80 │ 33 │ 13 │ 0 │ 0 │ 0 │ 0 │ 0 │ 0 │ 0 │  0 
 Exact                │ 80 │ 12 │  4 │ 0 │ 0 │ 0 │ 0 │ 0 │ 0 │ 0 │  0 


knn with k=9:
       Quality        │ #  │ #With Prob. │ Total 
══════════════════════╪════╪═════════════╪═══════
 Exact                │ 13 │           0 │    13 
 Majority             │ 34 │           0 │    34 
 Plurality            │ 16 │           0 │    16 
 PluralityThenMinDist │  5 │           0 │     5 
 Contains             │ 17 │           0 │    17 
 Wrong                │ 74 │           1 │    75 
 NoResult             │  0 │           0 │     0 

#Domains with at least x classification results of quality or higher:
        Method        │ 0  │ 1  │ 2  │ 3 │ 4 │ 5 │ 6 │ 7 │ 8 │ 9 │ 10 
══════════════════════╪════╪════╪════╪═══╪═══╪═══╪═══╪═══╪═══╪═══╪════
 Contains             │ 80 │ 54 │ 31 │ 0 │ 0 │ 0 │ 0 │ 0 │ 0 │ 0 │  0 
 PluralityThenMinDist │ 80 │ 44 │ 24 │ 0 │ 0 │ 0 │ 0 │ 0 │ 0 │ 0 │  0 
 Plurality            │ 80 │ 42 │ 21 │ 0 │ 0 │ 0 │ 0 │ 0 │ 0 │ 0 │  0 
 Majority             │ 80 │ 33 │ 14 │ 0 │ 0 │ 0 │ 0 │ 0 │ 0 │ 0 │  0 
 Exact                │ 80 │  9 │  4 │ 0 │ 0 │ 0 │ 0 │ 0 │ 0 │ 0 │  0 

