knn with k=1:
       Quality        │  #  │ #With Prob. │ Total 
══════════════════════╪═════╪═════════════╪═══════
 Exact                │ 118 │           0 │   118 
 Majority             │   0 │           0 │     0 
 Plurality            │   0 │           0 │     0 
 PluralityThenMinDist │   0 │           0 │     0 
 Contains             │   0 │           0 │     0 
 Wrong                │ 272 │           2 │   274 
 NoResult             │   0 │           0 │     0 

#Domains with at least x classification results of quality or higher:
        Method        │  0  │ 1  │ 2  │ 3 │ 4 │ 5 │ 6 │ 7 │ 8 │ 9 │ 10 
══════════════════════╪═════╪════╪════╪═══╪═══╪═══╪═══╪═══╪═══╪═══╪════
 Contains             │ 196 │ 79 │ 39 │ 0 │ 0 │ 0 │ 0 │ 0 │ 0 │ 0 │  0 
 PluralityThenMinDist │ 196 │ 79 │ 39 │ 0 │ 0 │ 0 │ 0 │ 0 │ 0 │ 0 │  0 
 Plurality            │ 196 │ 79 │ 39 │ 0 │ 0 │ 0 │ 0 │ 0 │ 0 │ 0 │  0 
 Majority             │ 196 │ 79 │ 39 │ 0 │ 0 │ 0 │ 0 │ 0 │ 0 │ 0 │  0 
 Exact                │ 196 │ 79 │ 39 │ 0 │ 0 │ 0 │ 0 │ 0 │ 0 │ 0 │  0 


knn with k=3:
       Quality        │  #  │ #With Prob. │ Total 
══════════════════════╪═════╪═════════════╪═══════
 Exact                │  80 │           0 │    80 
 Majority             │  29 │           0 │    29 
 Plurality            │   0 │           0 │     0 
 PluralityThenMinDist │  11 │           0 │    11 
 Contains             │  23 │           0 │    23 
 Wrong                │ 247 │           2 │   249 
 NoResult             │   0 │           0 │     0 

#Domains with at least x classification results of quality or higher:
        Method        │  0  │ 1  │ 2  │ 3 │ 4 │ 5 │ 6 │ 7 │ 8 │ 9 │ 10 
══════════════════════╪═════╪════╪════╪═══╪═══╪═══╪═══╪═══╪═══╪═══╪════
 Contains             │ 196 │ 93 │ 50 │ 0 │ 0 │ 0 │ 0 │ 0 │ 0 │ 0 │  0 
 PluralityThenMinDist │ 196 │ 82 │ 38 │ 0 │ 0 │ 0 │ 0 │ 0 │ 0 │ 0 │  0 
 Plurality            │ 196 │ 74 │ 35 │ 0 │ 0 │ 0 │ 0 │ 0 │ 0 │ 0 │  0 
 Majority             │ 196 │ 74 │ 35 │ 0 │ 0 │ 0 │ 0 │ 0 │ 0 │ 0 │  0 
 Exact                │ 196 │ 53 │ 27 │ 0 │ 0 │ 0 │ 0 │ 0 │ 0 │ 0 │  0 


knn with k=5:
       Quality        │  #  │ #With Prob. │ Total 
══════════════════════╪═════╪═════════════╪═══════
 Exact                │  65 │           0 │    65 
 Majority             │  34 │           0 │    34 
 Plurality            │  18 │           0 │    18 
 PluralityThenMinDist │   6 │           0 │     6 
 Contains             │  29 │           0 │    29 
 Wrong                │ 238 │           2 │   240 
 NoResult             │   0 │           0 │     0 

#Domains with at least x classification results of quality or higher:
        Method        │  0  │ 1  │ 2  │ 3 │ 4 │ 5 │ 6 │ 7 │ 8 │ 9 │ 10 
══════════════════════╪═════╪════╪════╪═══╪═══╪═══╪═══╪═══╪═══╪═══╪════
 Contains             │ 196 │ 99 │ 53 │ 0 │ 0 │ 0 │ 0 │ 0 │ 0 │ 0 │  0 
 PluralityThenMinDist │ 196 │ 85 │ 38 │ 0 │ 0 │ 0 │ 0 │ 0 │ 0 │ 0 │  0 
 Plurality            │ 196 │ 80 │ 37 │ 0 │ 0 │ 0 │ 0 │ 0 │ 0 │ 0 │  0 
 Majority             │ 196 │ 67 │ 32 │ 0 │ 0 │ 0 │ 0 │ 0 │ 0 │ 0 │  0 
 Exact                │ 196 │ 39 │ 26 │ 0 │ 0 │ 0 │ 0 │ 0 │ 0 │ 0 │  0 


knn with k=7:
       Quality        │  #  │ #With Prob. │ Total 
══════════════════════╪═════╪═════════════╪═══════
 Exact                │  55 │           0 │    55 
 Majority             │  40 │           0 │    40 
 Plurality            │  23 │           0 │    23 
 PluralityThenMinDist │   7 │           0 │     7 
 Contains             │  36 │           0 │    36 
 Wrong                │ 229 │           2 │   231 
 NoResult             │   0 │           0 │     0 

#Domains with at least x classification results of quality or higher:
        Method        │  0  │  1  │ 2  │ 3 │ 4 │ 5 │ 6 │ 7 │ 8 │ 9 │ 10 
══════════════════════╪═════╪═════╪════╪═══╪═══╪═══╪═══╪═══╪═══╪═══╪════
 Contains             │ 196 │ 105 │ 56 │ 0 │ 0 │ 0 │ 0 │ 0 │ 0 │ 0 │  0 
 PluralityThenMinDist │ 196 │  85 │ 40 │ 0 │ 0 │ 0 │ 0 │ 0 │ 0 │ 0 │  0 
 Plurality            │ 196 │  80 │ 38 │ 0 │ 0 │ 0 │ 0 │ 0 │ 0 │ 0 │  0 
 Majority             │ 196 │  64 │ 31 │ 0 │ 0 │ 0 │ 0 │ 0 │ 0 │ 0 │  0 
 Exact                │ 196 │  33 │ 22 │ 0 │ 0 │ 0 │ 0 │ 0 │ 0 │ 0 │  0 


knn with k=9:
       Quality        │  #  │ #With Prob. │ Total 
══════════════════════╪═════╪═════════════╪═══════
 Exact                │  50 │           0 │    50 
 Majority             │  40 │           0 │    40 
 Plurality            │  28 │           0 │    28 
 PluralityThenMinDist │  10 │           0 │    10 
 Contains             │  37 │           0 │    37 
 Wrong                │ 225 │           2 │   227 
 NoResult             │   0 │           0 │     0 

#Domains with at least x classification results of quality or higher:
        Method        │  0  │  1  │ 2  │ 3 │ 4 │ 5 │ 6 │ 7 │ 8 │ 9 │ 10 
══════════════════════╪═════╪═════╪════╪═══╪═══╪═══╪═══╪═══╪═══╪═══╪════
 Contains             │ 196 │ 107 │ 58 │ 0 │ 0 │ 0 │ 0 │ 0 │ 0 │ 0 │  0 
 PluralityThenMinDist │ 196 │  85 │ 43 │ 0 │ 0 │ 0 │ 0 │ 0 │ 0 │ 0 │  0 
 Plurality            │ 196 │  78 │ 40 │ 0 │ 0 │ 0 │ 0 │ 0 │ 0 │ 0 │  0 
 Majority             │ 196 │  59 │ 31 │ 0 │ 0 │ 0 │ 0 │ 0 │ 0 │ 0 │  0 
 Exact                │ 196 │  31 │ 19 │ 0 │ 0 │ 0 │ 0 │ 0 │ 0 │ 0 │  0 

