knn with k=1:
       Quality        │  #  │ #With Prob. │ Total 
══════════════════════╪═════╪═════════════╪═══════
 Exact                │ 124 │           0 │   124 
 Majority             │   0 │           0 │     0 
 Plurality            │   0 │           0 │     0 
 PluralityThenMinDist │   0 │           0 │     0 
 Contains             │   0 │           0 │     0 
 Wrong                │ 258 │           4 │   262 
 NoResult             │   0 │           0 │     0 

#Domains with at least x classification results of quality or higher:
        Method        │  0  │ 1  │ 2  │ 3 │ 4 │ 5 │ 6 │ 7 │ 8 │ 9 │ 10 
══════════════════════╪═════╪════╪════╪═══╪═══╪═══╪═══╪═══╪═══╪═══╪════
 Contains             │ 193 │ 87 │ 37 │ 0 │ 0 │ 0 │ 0 │ 0 │ 0 │ 0 │  0 
 PluralityThenMinDist │ 193 │ 87 │ 37 │ 0 │ 0 │ 0 │ 0 │ 0 │ 0 │ 0 │  0 
 Plurality            │ 193 │ 87 │ 37 │ 0 │ 0 │ 0 │ 0 │ 0 │ 0 │ 0 │  0 
 Majority             │ 193 │ 87 │ 37 │ 0 │ 0 │ 0 │ 0 │ 0 │ 0 │ 0 │  0 
 Exact                │ 193 │ 87 │ 37 │ 0 │ 0 │ 0 │ 0 │ 0 │ 0 │ 0 │  0 


knn with k=3:
       Quality        │  #  │ #With Prob. │ Total 
══════════════════════╪═════╪═════════════╪═══════
 Exact                │  71 │           0 │    71 
 Majority             │  43 │           0 │    43 
 Plurality            │   0 │           0 │     0 
 PluralityThenMinDist │  12 │           0 │    12 
 Contains             │  37 │           0 │    37 
 Wrong                │ 219 │           4 │   223 
 NoResult             │   0 │           0 │     0 

#Domains with at least x classification results of quality or higher:
        Method        │  0  │  1  │ 2  │ 3 │ 4 │ 5 │ 6 │ 7 │ 8 │ 9 │ 10 
══════════════════════╪═════╪═════╪════╪═══╪═══╪═══╪═══╪═══╪═══╪═══╪════
 Contains             │ 193 │ 105 │ 58 │ 0 │ 0 │ 0 │ 0 │ 0 │ 0 │ 0 │  0 
 PluralityThenMinDist │ 193 │  84 │ 42 │ 0 │ 0 │ 0 │ 0 │ 0 │ 0 │ 0 │  0 
 Plurality            │ 193 │  76 │ 38 │ 0 │ 0 │ 0 │ 0 │ 0 │ 0 │ 0 │  0 
 Majority             │ 193 │  76 │ 38 │ 0 │ 0 │ 0 │ 0 │ 0 │ 0 │ 0 │  0 
 Exact                │ 193 │  53 │ 18 │ 0 │ 0 │ 0 │ 0 │ 0 │ 0 │ 0 │  0 


knn with k=5:
       Quality        │  #  │ #With Prob. │ Total 
══════════════════════╪═════╪═════════════╪═══════
 Exact                │  54 │           0 │    54 
 Majority             │  53 │           0 │    53 
 Plurality            │  13 │           0 │    13 
 PluralityThenMinDist │   5 │           0 │     5 
 Contains             │  51 │           0 │    51 
 Wrong                │ 206 │           4 │   210 
 NoResult             │   0 │           0 │     0 

#Domains with at least x classification results of quality or higher:
        Method        │  0  │  1  │ 2  │ 3 │ 4 │ 5 │ 6 │ 7 │ 8 │ 9 │ 10 
══════════════════════╪═════╪═════╪════╪═══╪═══╪═══╪═══╪═══╪═══╪═══╪════
 Contains             │ 193 │ 111 │ 65 │ 0 │ 0 │ 0 │ 0 │ 0 │ 0 │ 0 │  0 
 PluralityThenMinDist │ 193 │  82 │ 43 │ 0 │ 0 │ 0 │ 0 │ 0 │ 0 │ 0 │  0 
 Plurality            │ 193 │  78 │ 42 │ 0 │ 0 │ 0 │ 0 │ 0 │ 0 │ 0 │  0 
 Majority             │ 193 │  70 │ 37 │ 0 │ 0 │ 0 │ 0 │ 0 │ 0 │ 0 │  0 
 Exact                │ 193 │  42 │ 12 │ 0 │ 0 │ 0 │ 0 │ 0 │ 0 │ 0 │  0 


knn with k=7:
       Quality        │  #  │ #With Prob. │ Total 
══════════════════════╪═════╪═════════════╪═══════
 Exact                │  43 │           0 │    43 
 Majority             │  56 │           0 │    56 
 Plurality            │  28 │           0 │    28 
 PluralityThenMinDist │   4 │           0 │     4 
 Contains             │  50 │           0 │    50 
 Wrong                │ 201 │           4 │   205 
 NoResult             │   0 │           0 │     0 

#Domains with at least x classification results of quality or higher:
        Method        │  0  │  1  │ 2  │ 3 │ 4 │ 5 │ 6 │ 7 │ 8 │ 9 │ 10 
══════════════════════╪═════╪═════╪════╪═══╪═══╪═══╪═══╪═══╪═══╪═══╪════
 Contains             │ 193 │ 113 │ 68 │ 0 │ 0 │ 0 │ 0 │ 0 │ 0 │ 0 │  0 
 PluralityThenMinDist │ 193 │  86 │ 45 │ 0 │ 0 │ 0 │ 0 │ 0 │ 0 │ 0 │  0 
 Plurality            │ 193 │  82 │ 45 │ 0 │ 0 │ 0 │ 0 │ 0 │ 0 │ 0 │  0 
 Majority             │ 193 │  66 │ 33 │ 0 │ 0 │ 0 │ 0 │ 0 │ 0 │ 0 │  0 
 Exact                │ 193 │  32 │ 11 │ 0 │ 0 │ 0 │ 0 │ 0 │ 0 │ 0 │  0 


knn with k=9:
       Quality        │  #  │ #With Prob. │ Total 
══════════════════════╪═════╪═════════════╪═══════
 Exact                │  40 │           0 │    40 
 Majority             │  50 │           0 │    50 
 Plurality            │  36 │           0 │    36 
 PluralityThenMinDist │   9 │           0 │     9 
 Contains             │  53 │           0 │    53 
 Wrong                │ 194 │           4 │   198 
 NoResult             │   0 │           0 │     0 

#Domains with at least x classification results of quality or higher:
        Method        │  0  │  1  │ 2  │ 3 │ 4 │ 5 │ 6 │ 7 │ 8 │ 9 │ 10 
══════════════════════╪═════╪═════╪════╪═══╪═══╪═══╪═══╪═══╪═══╪═══╪════
 Contains             │ 193 │ 115 │ 73 │ 0 │ 0 │ 0 │ 0 │ 0 │ 0 │ 0 │  0 
 PluralityThenMinDist │ 193 │  87 │ 48 │ 0 │ 0 │ 0 │ 0 │ 0 │ 0 │ 0 │  0 
 Plurality            │ 193 │  82 │ 44 │ 0 │ 0 │ 0 │ 0 │ 0 │ 0 │ 0 │  0 
 Majority             │ 193 │  59 │ 31 │ 0 │ 0 │ 0 │ 0 │ 0 │ 0 │ 0 │  0 
 Exact                │ 193 │  29 │ 11 │ 0 │ 0 │ 0 │ 0 │ 0 │ 0 │ 0 │  0 

