knn with k=1:
       Quality        │  #  │ #With Prob. │ Total 
══════════════════════╪═════╪═════════════╪═══════
 Exact                │ 102 │           0 │   102 
 Majority             │   0 │           0 │     0 
 Plurality            │   0 │           0 │     0 
 PluralityThenMinDist │   0 │           0 │     0 
 Contains             │   0 │           0 │     0 
 Wrong                │ 282 │           4 │   286 
 NoResult             │   0 │           0 │     0 

#Domains with at least x classification results of quality or higher:
        Method        │  0  │ 1  │ 2  │ 3 │ 4 │ 5 │ 6 │ 7 │ 8 │ 9 │ 10 
══════════════════════╪═════╪════╪════╪═══╪═══╪═══╪═══╪═══╪═══╪═══╪════
 Contains             │ 194 │ 77 │ 25 │ 0 │ 0 │ 0 │ 0 │ 0 │ 0 │ 0 │  0 
 PluralityThenMinDist │ 194 │ 77 │ 25 │ 0 │ 0 │ 0 │ 0 │ 0 │ 0 │ 0 │  0 
 Plurality            │ 194 │ 77 │ 25 │ 0 │ 0 │ 0 │ 0 │ 0 │ 0 │ 0 │  0 
 Majority             │ 194 │ 77 │ 25 │ 0 │ 0 │ 0 │ 0 │ 0 │ 0 │ 0 │  0 
 Exact                │ 194 │ 77 │ 25 │ 0 │ 0 │ 0 │ 0 │ 0 │ 0 │ 0 │  0 


knn with k=3:
       Quality        │  #  │ #With Prob. │ Total 
══════════════════════╪═════╪═════════════╪═══════
 Exact                │  57 │           0 │    57 
 Majority             │  27 │           0 │    27 
 Plurality            │   0 │           0 │     0 
 PluralityThenMinDist │  15 │           0 │    15 
 Contains             │  38 │           0 │    38 
 Wrong                │ 247 │           4 │   251 
 NoResult             │   0 │           0 │     0 

#Domains with at least x classification results of quality or higher:
        Method        │  0  │ 1  │ 2  │ 3 │ 4 │ 5 │ 6 │ 7 │ 8 │ 9 │ 10 
══════════════════════╪═════╪════╪════╪═══╪═══╪═══╪═══╪═══╪═══╪═══╪════
 Contains             │ 194 │ 90 │ 47 │ 0 │ 0 │ 0 │ 0 │ 0 │ 0 │ 0 │  0 
 PluralityThenMinDist │ 194 │ 73 │ 26 │ 0 │ 0 │ 0 │ 0 │ 0 │ 0 │ 0 │  0 
 Plurality            │ 194 │ 63 │ 21 │ 0 │ 0 │ 0 │ 0 │ 0 │ 0 │ 0 │  0 
 Majority             │ 194 │ 63 │ 21 │ 0 │ 0 │ 0 │ 0 │ 0 │ 0 │ 0 │  0 
 Exact                │ 194 │ 45 │ 12 │ 0 │ 0 │ 0 │ 0 │ 0 │ 0 │ 0 │  0 


knn with k=5:
       Quality        │  #  │ #With Prob. │ Total 
══════════════════════╪═════╪═════════════╪═══════
 Exact                │  47 │           0 │    47 
 Majority             │  32 │           0 │    32 
 Plurality            │  21 │           0 │    21 
 PluralityThenMinDist │   8 │           0 │     8 
 Contains             │  42 │           0 │    42 
 Wrong                │ 234 │           4 │   238 
 NoResult             │   0 │           0 │     0 

#Domains with at least x classification results of quality or higher:
        Method        │  0  │ 1  │ 2  │ 3 │ 4 │ 5 │ 6 │ 7 │ 8 │ 9 │ 10 
══════════════════════╪═════╪════╪════╪═══╪═══╪═══╪═══╪═══╪═══╪═══╪════
 Contains             │ 194 │ 97 │ 53 │ 0 │ 0 │ 0 │ 0 │ 0 │ 0 │ 0 │  0 
 PluralityThenMinDist │ 194 │ 78 │ 30 │ 0 │ 0 │ 0 │ 0 │ 0 │ 0 │ 0 │  0 
 Plurality            │ 194 │ 72 │ 28 │ 0 │ 0 │ 0 │ 0 │ 0 │ 0 │ 0 │  0 
 Majority             │ 194 │ 59 │ 20 │ 0 │ 0 │ 0 │ 0 │ 0 │ 0 │ 0 │  0 
 Exact                │ 194 │ 37 │ 10 │ 0 │ 0 │ 0 │ 0 │ 0 │ 0 │ 0 │  0 


knn with k=7:
       Quality        │  #  │ #With Prob. │ Total 
══════════════════════╪═════╪═════════════╪═══════
 Exact                │  39 │           0 │    39 
 Majority             │  36 │           0 │    36 
 Plurality            │  29 │           0 │    29 
 PluralityThenMinDist │  10 │           0 │    10 
 Contains             │  46 │           0 │    46 
 Wrong                │ 224 │           4 │   228 
 NoResult             │   0 │           0 │     0 

#Domains with at least x classification results of quality or higher:
        Method        │  0  │  1  │ 2  │ 3 │ 4 │ 5 │ 6 │ 7 │ 8 │ 9 │ 10 
══════════════════════╪═════╪═════╪════╪═══╪═══╪═══╪═══╪═══╪═══╪═══╪════
 Contains             │ 194 │ 101 │ 59 │ 0 │ 0 │ 0 │ 0 │ 0 │ 0 │ 0 │  0 
 PluralityThenMinDist │ 194 │  82 │ 32 │ 0 │ 0 │ 0 │ 0 │ 0 │ 0 │ 0 │  0 
 Plurality            │ 194 │  77 │ 27 │ 0 │ 0 │ 0 │ 0 │ 0 │ 0 │ 0 │  0 
 Majority             │ 194 │  57 │ 18 │ 0 │ 0 │ 0 │ 0 │ 0 │ 0 │ 0 │  0 
 Exact                │ 194 │  31 │  8 │ 0 │ 0 │ 0 │ 0 │ 0 │ 0 │ 0 │  0 


knn with k=9:
       Quality        │  #  │ #With Prob. │ Total 
══════════════════════╪═════╪═════════════╪═══════
 Exact                │  34 │           0 │    34 
 Majority             │  36 │           0 │    36 
 Plurality            │  45 │           0 │    45 
 PluralityThenMinDist │   8 │           0 │     8 
 Contains             │  47 │           0 │    47 
 Wrong                │ 214 │           4 │   218 
 NoResult             │   0 │           0 │     0 

#Domains with at least x classification results of quality or higher:
        Method        │  0  │  1  │ 2  │ 3 │ 4 │ 5 │ 6 │ 7 │ 8 │ 9 │ 10 
══════════════════════╪═════╪═════╪════╪═══╪═══╪═══╪═══╪═══╪═══╪═══╪════
 Contains             │ 194 │ 106 │ 64 │ 0 │ 0 │ 0 │ 0 │ 0 │ 0 │ 0 │  0 
 PluralityThenMinDist │ 194 │  85 │ 38 │ 0 │ 0 │ 0 │ 0 │ 0 │ 0 │ 0 │  0 
 Plurality            │ 194 │  79 │ 36 │ 0 │ 0 │ 0 │ 0 │ 0 │ 0 │ 0 │  0 
 Majority             │ 194 │  52 │ 18 │ 0 │ 0 │ 0 │ 0 │ 0 │ 0 │ 0 │  0 
 Exact                │ 194 │  28 │  6 │ 0 │ 0 │ 0 │ 0 │ 0 │ 0 │ 0 │  0 

