[2019-06-12T16:22:34Z INFO  dns_sequence] Start loading confusion domains...
[2019-06-12T16:22:34Z INFO  dns_sequence] Done loading confusion domains.
[2019-06-12T16:22:34Z INFO  dns_sequence] Start loading dnstap files...
[2019-06-12T16:22:34Z INFO  dns_sequence] Done loading dnstap files. Found 9244 domains.
[2019-06-12T16:22:34Z INFO  dns_sequence] Testing for fold 0
[2019-06-12T16:22:34Z INFO  dns_sequence] Start splitting trainings and test data...
[2019-06-12T16:22:34Z INFO  dns_sequence] Done splitting trainings and test data.
[2019-06-12T16:22:34Z INFO  dns_sequence] Start classification for k=1...
[2019-06-12T16:28:14Z INFO  dns_sequence] Done classification for k=1, start evaluation...
[2019-06-12T16:28:14Z INFO  dns_sequence] Done evaluation for k=1
[2019-06-12T16:28:14Z INFO  dns_sequence] Start classification for k=3...
[2019-06-12T16:34:21Z INFO  dns_sequence] Done classification for k=3, start evaluation...
[2019-06-12T16:34:22Z INFO  dns_sequence] Done evaluation for k=3
[2019-06-12T16:34:22Z INFO  dns_sequence] Start classification for k=5...
[2019-06-12T16:40:44Z INFO  dns_sequence] Done classification for k=5, start evaluation...
[2019-06-12T16:40:44Z INFO  dns_sequence] Done evaluation for k=5
[2019-06-12T16:40:44Z INFO  dns_sequence] Start classification for k=7...
[2019-06-12T16:47:18Z INFO  dns_sequence] Done classification for k=7, start evaluation...
[2019-06-12T16:47:18Z INFO  dns_sequence] Done evaluation for k=7
[2019-06-12T16:47:18Z INFO  dns_sequence] Start classification for k=9...
[2019-06-12T16:54:05Z INFO  dns_sequence] Done classification for k=9, start evaluation...
[2019-06-12T16:54:05Z INFO  dns_sequence] Done evaluation for k=9
[2019-06-12T16:54:05Z INFO  dns_sequence] Testing for fold 1
[2019-06-12T16:54:05Z INFO  dns_sequence] Start splitting trainings and test data...
[2019-06-12T16:54:05Z INFO  dns_sequence] Done splitting trainings and test data.
[2019-06-12T16:54:05Z INFO  dns_sequence] Start classification for k=1...
[2019-06-12T16:59:44Z INFO  dns_sequence] Done classification for k=1, start evaluation...
[2019-06-12T16:59:44Z INFO  dns_sequence] Done evaluation for k=1
[2019-06-12T16:59:44Z INFO  dns_sequence] Start classification for k=3...
[2019-06-12T17:05:50Z INFO  dns_sequence] Done classification for k=3, start evaluation...
[2019-06-12T17:05:50Z INFO  dns_sequence] Done evaluation for k=3
[2019-06-12T17:05:50Z INFO  dns_sequence] Start classification for k=5...
[2019-06-12T17:12:11Z INFO  dns_sequence] Done classification for k=5, start evaluation...
[2019-06-12T17:12:11Z INFO  dns_sequence] Done evaluation for k=5
[2019-06-12T17:12:11Z INFO  dns_sequence] Start classification for k=7...
[2019-06-12T17:18:44Z INFO  dns_sequence] Done classification for k=7, start evaluation...
[2019-06-12T17:18:44Z INFO  dns_sequence] Done evaluation for k=7
[2019-06-12T17:18:44Z INFO  dns_sequence] Start classification for k=9...
[2019-06-12T17:25:29Z INFO  dns_sequence] Done classification for k=9, start evaluation...
[2019-06-12T17:25:29Z INFO  dns_sequence] Done evaluation for k=9
[2019-06-12T17:25:29Z INFO  dns_sequence] Testing for fold 2
[2019-06-12T17:25:29Z INFO  dns_sequence] Start splitting trainings and test data...
[2019-06-12T17:25:29Z INFO  dns_sequence] Done splitting trainings and test data.
[2019-06-12T17:25:29Z INFO  dns_sequence] Start classification for k=1...
[2019-06-12T17:31:04Z INFO  dns_sequence] Done classification for k=1, start evaluation...
[2019-06-12T17:31:04Z INFO  dns_sequence] Done evaluation for k=1
[2019-06-12T17:31:04Z INFO  dns_sequence] Start classification for k=3...
[2019-06-12T17:37:08Z INFO  dns_sequence] Done classification for k=3, start evaluation...
[2019-06-12T17:37:08Z INFO  dns_sequence] Done evaluation for k=3
[2019-06-12T17:37:08Z INFO  dns_sequence] Start classification for k=5...
[2019-06-12T17:43:27Z INFO  dns_sequence] Done classification for k=5, start evaluation...
[2019-06-12T17:43:27Z INFO  dns_sequence] Done evaluation for k=5
[2019-06-12T17:43:27Z INFO  dns_sequence] Start classification for k=7...
[2019-06-12T17:49:57Z INFO  dns_sequence] Done classification for k=7, start evaluation...
[2019-06-12T17:49:57Z INFO  dns_sequence] Done evaluation for k=7
[2019-06-12T17:49:57Z INFO  dns_sequence] Start classification for k=9...
[2019-06-12T17:56:40Z INFO  dns_sequence] Done classification for k=9, start evaluation...
[2019-06-12T17:56:40Z INFO  dns_sequence] Done evaluation for k=9
[2019-06-12T17:56:40Z INFO  dns_sequence] Testing for fold 3
[2019-06-12T17:56:40Z INFO  dns_sequence] Start splitting trainings and test data...
[2019-06-12T17:56:40Z INFO  dns_sequence] Done splitting trainings and test data.
[2019-06-12T17:56:40Z INFO  dns_sequence] Start classification for k=1...
[2019-06-12T18:02:15Z INFO  dns_sequence] Done classification for k=1, start evaluation...
[2019-06-12T18:02:15Z INFO  dns_sequence] Done evaluation for k=1
[2019-06-12T18:02:15Z INFO  dns_sequence] Start classification for k=3...
[2019-06-12T18:08:18Z INFO  dns_sequence] Done classification for k=3, start evaluation...
[2019-06-12T18:08:18Z INFO  dns_sequence] Done evaluation for k=3
[2019-06-12T18:08:18Z INFO  dns_sequence] Start classification for k=5...
[2019-06-12T18:14:36Z INFO  dns_sequence] Done classification for k=5, start evaluation...
[2019-06-12T18:14:36Z INFO  dns_sequence] Done evaluation for k=5
[2019-06-12T18:14:36Z INFO  dns_sequence] Start classification for k=7...
[2019-06-12T18:21:08Z INFO  dns_sequence] Done classification for k=7, start evaluation...
[2019-06-12T18:21:08Z INFO  dns_sequence] Done evaluation for k=7
[2019-06-12T18:21:08Z INFO  dns_sequence] Start classification for k=9...
[2019-06-12T18:27:52Z INFO  dns_sequence] Done classification for k=9, start evaluation...
[2019-06-12T18:27:52Z INFO  dns_sequence] Done evaluation for k=9
[2019-06-12T18:27:52Z INFO  dns_sequence] Testing for fold 4
[2019-06-12T18:27:52Z INFO  dns_sequence] Start splitting trainings and test data...
[2019-06-12T18:27:52Z INFO  dns_sequence] Done splitting trainings and test data.
[2019-06-12T18:27:52Z INFO  dns_sequence] Start classification for k=1...
[2019-06-12T18:33:44Z INFO  dns_sequence] Done classification for k=1, start evaluation...
[2019-06-12T18:33:44Z INFO  dns_sequence] Done evaluation for k=1
[2019-06-12T18:33:44Z INFO  dns_sequence] Start classification for k=3...
[2019-06-12T18:40:05Z INFO  dns_sequence] Done classification for k=3, start evaluation...
[2019-06-12T18:40:05Z INFO  dns_sequence] Done evaluation for k=3
[2019-06-12T18:40:05Z INFO  dns_sequence] Start classification for k=5...
[2019-06-12T18:46:43Z INFO  dns_sequence] Done classification for k=5, start evaluation...
[2019-06-12T18:46:43Z INFO  dns_sequence] Done evaluation for k=5
[2019-06-12T18:46:43Z INFO  dns_sequence] Start classification for k=7...
[2019-06-12T18:53:34Z INFO  dns_sequence] Done classification for k=7, start evaluation...
[2019-06-12T18:53:34Z INFO  dns_sequence] Done evaluation for k=7
[2019-06-12T18:53:34Z INFO  dns_sequence] Start classification for k=9...
[2019-06-12T19:00:40Z INFO  dns_sequence] Done classification for k=9, start evaluation...
[2019-06-12T19:00:40Z INFO  dns_sequence] Done evaluation for k=9
[2019-06-12T19:00:40Z INFO  dns_sequence] Testing for fold 5
[2019-06-12T19:00:40Z INFO  dns_sequence] Start splitting trainings and test data...
[2019-06-12T19:00:40Z INFO  dns_sequence] Done splitting trainings and test data.
[2019-06-12T19:00:40Z INFO  dns_sequence] Start classification for k=1...
[2019-06-12T19:06:33Z INFO  dns_sequence] Done classification for k=1, start evaluation...
[2019-06-12T19:06:34Z INFO  dns_sequence] Done evaluation for k=1
[2019-06-12T19:06:34Z INFO  dns_sequence] Start classification for k=3...
[2019-06-12T19:12:56Z INFO  dns_sequence] Done classification for k=3, start evaluation...
[2019-06-12T19:12:56Z INFO  dns_sequence] Done evaluation for k=3
[2019-06-12T19:12:56Z INFO  dns_sequence] Start classification for k=5...
[2019-06-12T19:19:35Z INFO  dns_sequence] Done classification for k=5, start evaluation...
[2019-06-12T19:19:35Z INFO  dns_sequence] Done evaluation for k=5
[2019-06-12T19:19:35Z INFO  dns_sequence] Start classification for k=7...
[2019-06-12T19:26:26Z INFO  dns_sequence] Done classification for k=7, start evaluation...
[2019-06-12T19:26:27Z INFO  dns_sequence] Done evaluation for k=7
[2019-06-12T19:26:27Z INFO  dns_sequence] Start classification for k=9...
[2019-06-12T19:33:33Z INFO  dns_sequence] Done classification for k=9, start evaluation...
[2019-06-12T19:33:33Z INFO  dns_sequence] Done evaluation for k=9
[2019-06-12T19:33:33Z INFO  dns_sequence] Testing for fold 6
[2019-06-12T19:33:33Z INFO  dns_sequence] Start splitting trainings and test data...
[2019-06-12T19:33:33Z INFO  dns_sequence] Done splitting trainings and test data.
[2019-06-12T19:33:33Z INFO  dns_sequence] Start classification for k=1...
[2019-06-12T19:39:26Z INFO  dns_sequence] Done classification for k=1, start evaluation...
[2019-06-12T19:39:26Z INFO  dns_sequence] Done evaluation for k=1
[2019-06-12T19:39:26Z INFO  dns_sequence] Start classification for k=3...
[2019-06-12T19:45:48Z INFO  dns_sequence] Done classification for k=3, start evaluation...
[2019-06-12T19:45:48Z INFO  dns_sequence] Done evaluation for k=3
[2019-06-12T19:45:48Z INFO  dns_sequence] Start classification for k=5...
[2019-06-12T19:52:27Z INFO  dns_sequence] Done classification for k=5, start evaluation...
[2019-06-12T19:52:27Z INFO  dns_sequence] Done evaluation for k=5
[2019-06-12T19:52:27Z INFO  dns_sequence] Start classification for k=7...
[2019-06-12T19:59:20Z INFO  dns_sequence] Done classification for k=7, start evaluation...
[2019-06-12T19:59:20Z INFO  dns_sequence] Done evaluation for k=7
[2019-06-12T19:59:20Z INFO  dns_sequence] Start classification for k=9...
[2019-06-12T20:06:26Z INFO  dns_sequence] Done classification for k=9, start evaluation...
[2019-06-12T20:06:26Z INFO  dns_sequence] Done evaluation for k=9
[2019-06-12T20:06:26Z INFO  dns_sequence] Testing for fold 7
[2019-06-12T20:06:26Z INFO  dns_sequence] Start splitting trainings and test data...
[2019-06-12T20:06:26Z INFO  dns_sequence] Done splitting trainings and test data.
[2019-06-12T20:06:26Z INFO  dns_sequence] Start classification for k=1...
[2019-06-12T20:12:19Z INFO  dns_sequence] Done classification for k=1, start evaluation...
[2019-06-12T20:12:19Z INFO  dns_sequence] Done evaluation for k=1
[2019-06-12T20:12:19Z INFO  dns_sequence] Start classification for k=3...
[2019-06-12T20:18:42Z INFO  dns_sequence] Done classification for k=3, start evaluation...
[2019-06-12T20:18:42Z INFO  dns_sequence] Done evaluation for k=3
[2019-06-12T20:18:42Z INFO  dns_sequence] Start classification for k=5...
[2019-06-12T20:25:20Z INFO  dns_sequence] Done classification for k=5, start evaluation...
[2019-06-12T20:25:20Z INFO  dns_sequence] Done evaluation for k=5
[2019-06-12T20:25:20Z INFO  dns_sequence] Start classification for k=7...
[2019-06-12T20:32:12Z INFO  dns_sequence] Done classification for k=7, start evaluation...
[2019-06-12T20:32:12Z INFO  dns_sequence] Done evaluation for k=7
[2019-06-12T20:32:12Z INFO  dns_sequence] Start classification for k=9...
[2019-06-12T20:39:18Z INFO  dns_sequence] Done classification for k=9, start evaluation...
[2019-06-12T20:39:18Z INFO  dns_sequence] Done evaluation for k=9
[2019-06-12T20:39:18Z INFO  dns_sequence] Testing for fold 8
[2019-06-12T20:39:18Z INFO  dns_sequence] Start splitting trainings and test data...
[2019-06-12T20:39:18Z INFO  dns_sequence] Done splitting trainings and test data.
[2019-06-12T20:39:18Z INFO  dns_sequence] Start classification for k=1...
[2019-06-12T20:45:10Z INFO  dns_sequence] Done classification for k=1, start evaluation...
[2019-06-12T20:45:10Z INFO  dns_sequence] Done evaluation for k=1
[2019-06-12T20:45:10Z INFO  dns_sequence] Start classification for k=3...
[2019-06-12T20:51:31Z INFO  dns_sequence] Done classification for k=3, start evaluation...
[2019-06-12T20:51:31Z INFO  dns_sequence] Done evaluation for k=3
[2019-06-12T20:51:31Z INFO  dns_sequence] Start classification for k=5...
[2019-06-12T20:58:09Z INFO  dns_sequence] Done classification for k=5, start evaluation...
[2019-06-12T20:58:09Z INFO  dns_sequence] Done evaluation for k=5
[2019-06-12T20:58:09Z INFO  dns_sequence] Start classification for k=7...
[2019-06-12T21:05:00Z INFO  dns_sequence] Done classification for k=7, start evaluation...
[2019-06-12T21:05:00Z INFO  dns_sequence] Done evaluation for k=7
[2019-06-12T21:05:00Z INFO  dns_sequence] Start classification for k=9...
[2019-06-12T21:12:05Z INFO  dns_sequence] Done classification for k=9, start evaluation...
[2019-06-12T21:12:05Z INFO  dns_sequence] Done evaluation for k=9
[2019-06-12T21:12:05Z INFO  dns_sequence] Testing for fold 9
[2019-06-12T21:12:05Z INFO  dns_sequence] Start splitting trainings and test data...
[2019-06-12T21:12:05Z INFO  dns_sequence] Done splitting trainings and test data.
[2019-06-12T21:12:05Z INFO  dns_sequence] Start classification for k=1...
[2019-06-12T21:17:57Z INFO  dns_sequence] Done classification for k=1, start evaluation...
[2019-06-12T21:17:57Z INFO  dns_sequence] Done evaluation for k=1
[2019-06-12T21:17:57Z INFO  dns_sequence] Start classification for k=3...
[2019-06-12T21:24:19Z INFO  dns_sequence] Done classification for k=3, start evaluation...
[2019-06-12T21:24:19Z INFO  dns_sequence] Done evaluation for k=3
[2019-06-12T21:24:19Z INFO  dns_sequence] Start classification for k=5...
[2019-06-12T21:30:56Z INFO  dns_sequence] Done classification for k=5, start evaluation...
[2019-06-12T21:30:56Z INFO  dns_sequence] Done evaluation for k=5
[2019-06-12T21:30:56Z INFO  dns_sequence] Start classification for k=7...
[2019-06-12T21:37:46Z INFO  dns_sequence] Done classification for k=7, start evaluation...
[2019-06-12T21:37:46Z INFO  dns_sequence] Done evaluation for k=7
[2019-06-12T21:37:46Z INFO  dns_sequence] Start classification for k=9...
[2019-06-12T21:44:50Z INFO  dns_sequence] Done classification for k=9, start evaluation...
[2019-06-12T21:44:50Z INFO  dns_sequence] Done evaluation for k=9
knn with k=1:
       Quality        │   #   │ #With Prob. │ Total 
══════════════════════╪═══════╪═════════════╪═══════
 Exact                │ 76052 │         357 │ 76409 
 Majority             │     0 │           0 │     0 
 Plurality            │     0 │           0 │     0 
 PluralityThenMinDist │     0 │           0 │     0 
 Contains             │     0 │           0 │     0 
 Wrong                │ 10471 │        5505 │ 15976 
 NoResult             │     0 │           0 │     0 

#Domains with at least x classification results of quality or higher:
        Method        │  0   │  1   │  2   │  3   │  4   │  5   │  6   │  7   │  8   │  9   │  10 
══════════════════════╪══════╪══════╪══════╪══════╪══════╪══════╪══════╪══════╪══════╪══════╪══════
 Contains             │ 9244 │ 8329 │ 8274 │ 8201 │ 8117 │ 8017 │ 7871 │ 7698 │ 7400 │ 6870 │ 5632 
 PluralityThenMinDist │ 9244 │ 8329 │ 8274 │ 8201 │ 8117 │ 8017 │ 7871 │ 7698 │ 7400 │ 6870 │ 5632 
 Plurality            │ 9244 │ 8329 │ 8274 │ 8201 │ 8117 │ 8017 │ 7871 │ 7698 │ 7400 │ 6870 │ 5632 
 Majority             │ 9244 │ 8329 │ 8274 │ 8201 │ 8117 │ 8017 │ 7871 │ 7698 │ 7400 │ 6870 │ 5632 
 Exact                │ 9244 │ 8329 │ 8274 │ 8201 │ 8117 │ 8017 │ 7871 │ 7698 │ 7400 │ 6870 │ 5632 


knn with k=3:
       Quality        │   #   │ #With Prob. │ Total 
══════════════════════╪═══════╪═════════════╪═══════
 Exact                │ 65388 │         293 │ 65681 
 Majority             │  8421 │          80 │  8501 
 Plurality            │     0 │           0 │     0 
 PluralityThenMinDist │  2025 │           3 │  2028 
 Contains             │  3572 │          83 │  3655 
 Wrong                │  7117 │        5403 │ 12520 
 NoResult             │     0 │           0 │     0 

#Domains with at least x classification results of quality or higher:
        Method        │  0   │  1   │  2   │  3   │  4   │  5   │  6   │  7   │  8   │  9   │  10 
══════════════════════╪══════╪══════╪══════╪══════╪══════╪══════╪══════╪══════╪══════╪══════╪══════
 Contains             │ 9244 │ 8459 │ 8420 │ 8353 │ 8295 │ 8237 │ 8158 │ 8044 │ 7879 │ 7524 │ 6496 
 PluralityThenMinDist │ 9244 │ 8326 │ 8260 │ 8194 │ 8101 │ 8008 │ 7860 │ 7658 │ 7356 │ 6840 │ 5607 
 Plurality            │ 9244 │ 8267 │ 8183 │ 8113 │ 7988 │ 7856 │ 7664 │ 7416 │ 7069 │ 6428 │ 5198 
 Majority             │ 9244 │ 8267 │ 8183 │ 8113 │ 7988 │ 7856 │ 7664 │ 7416 │ 7069 │ 6428 │ 5198 
 Exact                │ 9244 │ 7922 │ 7745 │ 7557 │ 7375 │ 7113 │ 6797 │ 6399 │ 5885 │ 5089 │ 3799 


knn with k=5:
       Quality        │   #   │ #With Prob. │ Total 
══════════════════════╪═══════╪═════════════╪═══════
 Exact                │ 54027 │         234 │ 54261 
 Majority             │ 17224 │         139 │ 17363 
 Plurality            │  2324 │           9 │  2333 
 PluralityThenMinDist │  2010 │           4 │  2014 
 Contains             │  4982 │         126 │  5108 
 Wrong                │  5956 │        5350 │ 11306 
 NoResult             │     0 │           0 │     0 

#Domains with at least x classification results of quality or higher:
        Method        │  0   │  1   │  2   │  3   │  4   │  5   │  6   │  7   │  8   │  9   │  10 
══════════════════════╪══════╪══════╪══════╪══════╪══════╪══════╪══════╪══════╪══════╪══════╪══════
 Contains             │ 9244 │ 8513 │ 8472 │ 8406 │ 8365 │ 8313 │ 8248 │ 8173 │ 8034 │ 7741 │ 6814 
 PluralityThenMinDist │ 9244 │ 8336 │ 8262 │ 8187 │ 8101 │ 7997 │ 7834 │ 7618 │ 7296 │ 6759 │ 5581 
 Plurality            │ 9244 │ 8292 │ 8199 │ 8114 │ 7993 │ 7839 │ 7642 │ 7387 │ 6983 │ 6354 │ 5154 
 Majority             │ 9244 │ 8176 │ 8062 │ 7957 │ 7837 │ 7647 │ 7417 │ 7111 │ 6637 │ 5987 │ 4793 
 Exact                │ 9244 │ 7114 │ 6757 │ 6445 │ 6138 │ 5866 │ 5578 │ 5133 │ 4581 │ 3865 │ 2784 


knn with k=7:
       Quality        │   #   │ #With Prob. │ Total 
══════════════════════╪═══════╪═════════════╪═══════
 Exact                │ 41165 │         184 │ 41349 
 Majority             │ 27058 │         189 │ 27247 
 Plurality            │  4789 │          25 │  4814 
 PluralityThenMinDist │  2161 │           4 │  2165 
 Contains             │  6148 │         184 │  6332 
 Wrong                │  5202 │        5276 │ 10478 
 NoResult             │     0 │           0 │     0 

#Domains with at least x classification results of quality or higher:
        Method        │  0   │  1   │  2   │  3   │  4   │  5   │  6   │  7   │  8   │  9   │  10 
══════════════════════╪══════╪══════╪══════╪══════╪══════╪══════╪══════╪══════╪══════╪══════╪══════
 Contains             │ 9244 │ 8545 │ 8513 │ 8454 │ 8424 │ 8376 │ 8319 │ 8251 │ 8138 │ 7881 │ 7006 
 PluralityThenMinDist │ 9244 │ 8338 │ 8257 │ 8180 │ 8087 │ 7974 │ 7810 │ 7578 │ 7221 │ 6639 │ 5491 
 Plurality            │ 9244 │ 8284 │ 8179 │ 8077 │ 7960 │ 7804 │ 7602 │ 7310 │ 6888 │ 6232 │ 5074 
 Majority             │ 9244 │ 8013 │ 7855 │ 7705 │ 7547 │ 7380 │ 7089 │ 6735 │ 6270 │ 5587 │ 4415 
 Exact                │ 9244 │ 5932 │ 5445 │ 5060 │ 4723 │ 4392 │ 4037 │ 3701 │ 3314 │ 2780 │ 1965 


knn with k=9:
       Quality        │   #   │ #With Prob. │ Total 
══════════════════════╪═══════╪═════════════╪═══════
 Exact                │ 22453 │          89 │ 22542 
 Majority             │ 41959 │         258 │ 42217 
 Plurality            │  7913 │          50 │  7963 
 PluralityThenMinDist │  2285 │           8 │  2293 
 Contains             │  7166 │         256 │  7422 
 Wrong                │  4747 │        5201 │  9948 
 NoResult             │     0 │           0 │     0 

#Domains with at least x classification results of quality or higher:
        Method        │  0   │  1   │  2   │  3   │  4   │  5   │  6   │  7   │  8   │  9   │  10 
══════════════════════╪══════╪══════╪══════╪══════╪══════╪══════╪══════╪══════╪══════╪══════╪══════
 Contains             │ 9244 │ 8576 │ 8543 │ 8485 │ 8455 │ 8416 │ 8359 │ 8302 │ 8205 │ 7971 │ 7125 
 PluralityThenMinDist │ 9244 │ 8348 │ 8252 │ 8153 │ 8046 │ 7915 │ 7745 │ 7490 │ 7127 │ 6529 │ 5410 
 Plurality            │ 9244 │ 8280 │ 8157 │ 8033 │ 7887 │ 7720 │ 7509 │ 7223 │ 6779 │ 6141 │ 4993 
 Majority             │ 9244 │ 7707 │ 7497 │ 7322 │ 7144 │ 6938 │ 6692 │ 6328 │ 5865 │ 5191 │ 4075 
 Exact                │ 9244 │ 3904 │ 3315 │ 2886 │ 2601 │ 2334 │ 2060 │ 1796 │ 1519 │ 1220 │  907 

[2019-06-12T21:44:50Z INFO  dns_sequence::stats::plot] Dump json of plotting data
[2019-06-12T21:44:50Z INFO  dns_sequence::stats::plot] Dump json of plotting data
[2019-06-12T21:44:51Z INFO  dns_sequence::stats::plot] Dump json of plotting data
[2019-06-12T21:44:51Z INFO  dns_sequence::stats::plot] Dump json of plotting data
[2019-06-12T21:44:51Z INFO  dns_sequence::stats::plot] Dump json of plotting data
