[2019-06-12T10:12:55Z INFO  dns_sequence] Start loading confusion domains...
[2019-06-12T10:12:55Z INFO  dns_sequence] Done loading confusion domains.
[2019-06-12T10:12:55Z INFO  dns_sequence] Start loading dnstap files...
[2019-06-12T10:12:55Z INFO  dns_sequence] Done loading dnstap files. Found 9244 domains.
[2019-06-12T10:12:55Z INFO  dns_sequence] Testing for fold 0
[2019-06-12T10:12:55Z INFO  dns_sequence] Start splitting trainings and test data...
[2019-06-12T10:12:55Z INFO  dns_sequence] Done splitting trainings and test data.
[2019-06-12T10:12:55Z INFO  dns_sequence] Start classification for k=1...
[2019-06-12T10:19:50Z INFO  dns_sequence] Done classification for k=1, start evaluation...
[2019-06-12T10:19:50Z INFO  dns_sequence] Done evaluation for k=1
[2019-06-12T10:19:50Z INFO  dns_sequence] Start classification for k=3...
[2019-06-12T10:27:15Z INFO  dns_sequence] Done classification for k=3, start evaluation...
[2019-06-12T10:27:15Z INFO  dns_sequence] Done evaluation for k=3
[2019-06-12T10:27:15Z INFO  dns_sequence] Start classification for k=5...
[2019-06-12T10:34:52Z INFO  dns_sequence] Done classification for k=5, start evaluation...
[2019-06-12T10:34:53Z INFO  dns_sequence] Done evaluation for k=5
[2019-06-12T10:34:53Z INFO  dns_sequence] Start classification for k=7...
[2019-06-12T10:42:38Z INFO  dns_sequence] Done classification for k=7, start evaluation...
[2019-06-12T10:42:38Z INFO  dns_sequence] Done evaluation for k=7
[2019-06-12T10:42:38Z INFO  dns_sequence] Start classification for k=9...
[2019-06-12T10:50:30Z INFO  dns_sequence] Done classification for k=9, start evaluation...
[2019-06-12T10:50:30Z INFO  dns_sequence] Done evaluation for k=9
[2019-06-12T10:50:30Z INFO  dns_sequence] Testing for fold 1
[2019-06-12T10:50:30Z INFO  dns_sequence] Start splitting trainings and test data...
[2019-06-12T10:50:30Z INFO  dns_sequence] Done splitting trainings and test data.
[2019-06-12T10:50:30Z INFO  dns_sequence] Start classification for k=1...
[2019-06-12T10:57:23Z INFO  dns_sequence] Done classification for k=1, start evaluation...
[2019-06-12T10:57:23Z INFO  dns_sequence] Done evaluation for k=1
[2019-06-12T10:57:23Z INFO  dns_sequence] Start classification for k=3...
[2019-06-12T11:04:45Z INFO  dns_sequence] Done classification for k=3, start evaluation...
[2019-06-12T11:04:45Z INFO  dns_sequence] Done evaluation for k=3
[2019-06-12T11:04:45Z INFO  dns_sequence] Start classification for k=5...
[2019-06-12T11:12:20Z INFO  dns_sequence] Done classification for k=5, start evaluation...
[2019-06-12T11:12:20Z INFO  dns_sequence] Done evaluation for k=5
[2019-06-12T11:12:20Z INFO  dns_sequence] Start classification for k=7...
[2019-06-12T11:20:04Z INFO  dns_sequence] Done classification for k=7, start evaluation...
[2019-06-12T11:20:04Z INFO  dns_sequence] Done evaluation for k=7
[2019-06-12T11:20:04Z INFO  dns_sequence] Start classification for k=9...
[2019-06-12T11:27:54Z INFO  dns_sequence] Done classification for k=9, start evaluation...
[2019-06-12T11:27:54Z INFO  dns_sequence] Done evaluation for k=9
[2019-06-12T11:27:54Z INFO  dns_sequence] Testing for fold 2
[2019-06-12T11:27:54Z INFO  dns_sequence] Start splitting trainings and test data...
[2019-06-12T11:27:54Z INFO  dns_sequence] Done splitting trainings and test data.
[2019-06-12T11:27:54Z INFO  dns_sequence] Start classification for k=1...
[2019-06-12T11:34:44Z INFO  dns_sequence] Done classification for k=1, start evaluation...
[2019-06-12T11:34:44Z INFO  dns_sequence] Done evaluation for k=1
[2019-06-12T11:34:44Z INFO  dns_sequence] Start classification for k=3...
[2019-06-12T11:42:04Z INFO  dns_sequence] Done classification for k=3, start evaluation...
[2019-06-12T11:42:04Z INFO  dns_sequence] Done evaluation for k=3
[2019-06-12T11:42:04Z INFO  dns_sequence] Start classification for k=5...
[2019-06-12T11:49:36Z INFO  dns_sequence] Done classification for k=5, start evaluation...
[2019-06-12T11:49:36Z INFO  dns_sequence] Done evaluation for k=5
[2019-06-12T11:49:36Z INFO  dns_sequence] Start classification for k=7...
[2019-06-12T11:57:18Z INFO  dns_sequence] Done classification for k=7, start evaluation...
[2019-06-12T11:57:18Z INFO  dns_sequence] Done evaluation for k=7
[2019-06-12T11:57:18Z INFO  dns_sequence] Start classification for k=9...
[2019-06-12T12:05:06Z INFO  dns_sequence] Done classification for k=9, start evaluation...
[2019-06-12T12:05:06Z INFO  dns_sequence] Done evaluation for k=9
[2019-06-12T12:05:06Z INFO  dns_sequence] Testing for fold 3
[2019-06-12T12:05:06Z INFO  dns_sequence] Start splitting trainings and test data...
[2019-06-12T12:05:06Z INFO  dns_sequence] Done splitting trainings and test data.
[2019-06-12T12:05:06Z INFO  dns_sequence] Start classification for k=1...
[2019-06-12T12:11:53Z INFO  dns_sequence] Done classification for k=1, start evaluation...
[2019-06-12T12:11:53Z INFO  dns_sequence] Done evaluation for k=1
[2019-06-12T12:11:53Z INFO  dns_sequence] Start classification for k=3...
[2019-06-12T12:19:11Z INFO  dns_sequence] Done classification for k=3, start evaluation...
[2019-06-12T12:19:11Z INFO  dns_sequence] Done evaluation for k=3
[2019-06-12T12:19:11Z INFO  dns_sequence] Start classification for k=5...
[2019-06-12T12:26:42Z INFO  dns_sequence] Done classification for k=5, start evaluation...
[2019-06-12T12:26:42Z INFO  dns_sequence] Done evaluation for k=5
[2019-06-12T12:26:42Z INFO  dns_sequence] Start classification for k=7...
[2019-06-12T12:34:22Z INFO  dns_sequence] Done classification for k=7, start evaluation...
[2019-06-12T12:34:22Z INFO  dns_sequence] Done evaluation for k=7
[2019-06-12T12:34:22Z INFO  dns_sequence] Start classification for k=9...
[2019-06-12T12:42:09Z INFO  dns_sequence] Done classification for k=9, start evaluation...
[2019-06-12T12:42:09Z INFO  dns_sequence] Done evaluation for k=9
[2019-06-12T12:42:09Z INFO  dns_sequence] Testing for fold 4
[2019-06-12T12:42:09Z INFO  dns_sequence] Start splitting trainings and test data...
[2019-06-12T12:42:09Z INFO  dns_sequence] Done splitting trainings and test data.
[2019-06-12T12:42:09Z INFO  dns_sequence] Start classification for k=1...
[2019-06-12T12:48:54Z INFO  dns_sequence] Done classification for k=1, start evaluation...
[2019-06-12T12:48:54Z INFO  dns_sequence] Done evaluation for k=1
[2019-06-12T12:48:54Z INFO  dns_sequence] Start classification for k=3...
[2019-06-12T12:56:09Z INFO  dns_sequence] Done classification for k=3, start evaluation...
[2019-06-12T12:56:09Z INFO  dns_sequence] Done evaluation for k=3
[2019-06-12T12:56:09Z INFO  dns_sequence] Start classification for k=5...
[2019-06-12T13:03:38Z INFO  dns_sequence] Done classification for k=5, start evaluation...
[2019-06-12T13:03:38Z INFO  dns_sequence] Done evaluation for k=5
[2019-06-12T13:03:38Z INFO  dns_sequence] Start classification for k=7...
[2019-06-12T13:11:17Z INFO  dns_sequence] Done classification for k=7, start evaluation...
[2019-06-12T13:11:17Z INFO  dns_sequence] Done evaluation for k=7
[2019-06-12T13:11:17Z INFO  dns_sequence] Start classification for k=9...
[2019-06-12T13:19:03Z INFO  dns_sequence] Done classification for k=9, start evaluation...
[2019-06-12T13:19:03Z INFO  dns_sequence] Done evaluation for k=9
[2019-06-12T13:19:03Z INFO  dns_sequence] Testing for fold 5
[2019-06-12T13:19:03Z INFO  dns_sequence] Start splitting trainings and test data...
[2019-06-12T13:19:03Z INFO  dns_sequence] Done splitting trainings and test data.
[2019-06-12T13:19:03Z INFO  dns_sequence] Start classification for k=1...
[2019-06-12T13:25:48Z INFO  dns_sequence] Done classification for k=1, start evaluation...
[2019-06-12T13:25:48Z INFO  dns_sequence] Done evaluation for k=1
[2019-06-12T13:25:48Z INFO  dns_sequence] Start classification for k=3...
[2019-06-12T13:33:03Z INFO  dns_sequence] Done classification for k=3, start evaluation...
[2019-06-12T13:33:03Z INFO  dns_sequence] Done evaluation for k=3
[2019-06-12T13:33:03Z INFO  dns_sequence] Start classification for k=5...
[2019-06-12T13:40:32Z INFO  dns_sequence] Done classification for k=5, start evaluation...
[2019-06-12T13:40:32Z INFO  dns_sequence] Done evaluation for k=5
[2019-06-12T13:40:32Z INFO  dns_sequence] Start classification for k=7...
[2019-06-12T13:48:10Z INFO  dns_sequence] Done classification for k=7, start evaluation...
[2019-06-12T13:48:10Z INFO  dns_sequence] Done evaluation for k=7
[2019-06-12T13:48:10Z INFO  dns_sequence] Start classification for k=9...
[2019-06-12T13:55:56Z INFO  dns_sequence] Done classification for k=9, start evaluation...
[2019-06-12T13:55:56Z INFO  dns_sequence] Done evaluation for k=9
[2019-06-12T13:55:56Z INFO  dns_sequence] Testing for fold 6
[2019-06-12T13:55:56Z INFO  dns_sequence] Start splitting trainings and test data...
[2019-06-12T13:55:56Z INFO  dns_sequence] Done splitting trainings and test data.
[2019-06-12T13:55:56Z INFO  dns_sequence] Start classification for k=1...
[2019-06-12T14:02:41Z INFO  dns_sequence] Done classification for k=1, start evaluation...
[2019-06-12T14:02:41Z INFO  dns_sequence] Done evaluation for k=1
[2019-06-12T14:02:41Z INFO  dns_sequence] Start classification for k=3...
[2019-06-12T14:09:57Z INFO  dns_sequence] Done classification for k=3, start evaluation...
[2019-06-12T14:09:57Z INFO  dns_sequence] Done evaluation for k=3
[2019-06-12T14:09:57Z INFO  dns_sequence] Start classification for k=5...
[2019-06-12T14:17:26Z INFO  dns_sequence] Done classification for k=5, start evaluation...
[2019-06-12T14:17:26Z INFO  dns_sequence] Done evaluation for k=5
[2019-06-12T14:17:26Z INFO  dns_sequence] Start classification for k=7...
[2019-06-12T14:25:04Z INFO  dns_sequence] Done classification for k=7, start evaluation...
[2019-06-12T14:25:04Z INFO  dns_sequence] Done evaluation for k=7
[2019-06-12T14:25:04Z INFO  dns_sequence] Start classification for k=9...
[2019-06-12T14:32:49Z INFO  dns_sequence] Done classification for k=9, start evaluation...
[2019-06-12T14:32:49Z INFO  dns_sequence] Done evaluation for k=9
[2019-06-12T14:32:49Z INFO  dns_sequence] Testing for fold 7
[2019-06-12T14:32:49Z INFO  dns_sequence] Start splitting trainings and test data...
[2019-06-12T14:32:49Z INFO  dns_sequence] Done splitting trainings and test data.
[2019-06-12T14:32:49Z INFO  dns_sequence] Start classification for k=1...
[2019-06-12T14:39:33Z INFO  dns_sequence] Done classification for k=1, start evaluation...
[2019-06-12T14:39:33Z INFO  dns_sequence] Done evaluation for k=1
[2019-06-12T14:39:33Z INFO  dns_sequence] Start classification for k=3...
[2019-06-12T14:46:47Z INFO  dns_sequence] Done classification for k=3, start evaluation...
[2019-06-12T14:46:47Z INFO  dns_sequence] Done evaluation for k=3
[2019-06-12T14:46:47Z INFO  dns_sequence] Start classification for k=5...
[2019-06-12T14:54:15Z INFO  dns_sequence] Done classification for k=5, start evaluation...
[2019-06-12T14:54:15Z INFO  dns_sequence] Done evaluation for k=5
[2019-06-12T14:54:15Z INFO  dns_sequence] Start classification for k=7...
[2019-06-12T15:01:53Z INFO  dns_sequence] Done classification for k=7, start evaluation...
[2019-06-12T15:01:53Z INFO  dns_sequence] Done evaluation for k=7
[2019-06-12T15:01:53Z INFO  dns_sequence] Start classification for k=9...
[2019-06-12T15:09:36Z INFO  dns_sequence] Done classification for k=9, start evaluation...
[2019-06-12T15:09:36Z INFO  dns_sequence] Done evaluation for k=9
[2019-06-12T15:09:36Z INFO  dns_sequence] Testing for fold 8
[2019-06-12T15:09:36Z INFO  dns_sequence] Start splitting trainings and test data...
[2019-06-12T15:09:36Z INFO  dns_sequence] Done splitting trainings and test data.
[2019-06-12T15:09:36Z INFO  dns_sequence] Start classification for k=1...
[2019-06-12T15:16:18Z INFO  dns_sequence] Done classification for k=1, start evaluation...
[2019-06-12T15:16:18Z INFO  dns_sequence] Done evaluation for k=1
[2019-06-12T15:16:18Z INFO  dns_sequence] Start classification for k=3...
[2019-06-12T15:23:29Z INFO  dns_sequence] Done classification for k=3, start evaluation...
[2019-06-12T15:23:29Z INFO  dns_sequence] Done evaluation for k=3
[2019-06-12T15:23:29Z INFO  dns_sequence] Start classification for k=5...
[2019-06-12T15:30:56Z INFO  dns_sequence] Done classification for k=5, start evaluation...
[2019-06-12T15:30:56Z INFO  dns_sequence] Done evaluation for k=5
[2019-06-12T15:30:56Z INFO  dns_sequence] Start classification for k=7...
[2019-06-12T15:38:31Z INFO  dns_sequence] Done classification for k=7, start evaluation...
[2019-06-12T15:38:31Z INFO  dns_sequence] Done evaluation for k=7
[2019-06-12T15:38:31Z INFO  dns_sequence] Start classification for k=9...
[2019-06-12T15:46:13Z INFO  dns_sequence] Done classification for k=9, start evaluation...
[2019-06-12T15:46:14Z INFO  dns_sequence] Done evaluation for k=9
[2019-06-12T15:46:14Z INFO  dns_sequence] Testing for fold 9
[2019-06-12T15:46:14Z INFO  dns_sequence] Start splitting trainings and test data...
[2019-06-12T15:46:14Z INFO  dns_sequence] Done splitting trainings and test data.
[2019-06-12T15:46:14Z INFO  dns_sequence] Start classification for k=1...
[2019-06-12T15:52:53Z INFO  dns_sequence] Done classification for k=1, start evaluation...
[2019-06-12T15:52:53Z INFO  dns_sequence] Done evaluation for k=1
[2019-06-12T15:52:53Z INFO  dns_sequence] Start classification for k=3...
[2019-06-12T16:00:02Z INFO  dns_sequence] Done classification for k=3, start evaluation...
[2019-06-12T16:00:02Z INFO  dns_sequence] Done evaluation for k=3
[2019-06-12T16:00:02Z INFO  dns_sequence] Start classification for k=5...
[2019-06-12T16:07:24Z INFO  dns_sequence] Done classification for k=5, start evaluation...
[2019-06-12T16:07:24Z INFO  dns_sequence] Done evaluation for k=5
[2019-06-12T16:07:24Z INFO  dns_sequence] Start classification for k=7...
[2019-06-12T16:14:55Z INFO  dns_sequence] Done classification for k=7, start evaluation...
[2019-06-12T16:14:56Z INFO  dns_sequence] Done evaluation for k=7
[2019-06-12T16:14:56Z INFO  dns_sequence] Start classification for k=9...
[2019-06-12T16:22:34Z INFO  dns_sequence] Done classification for k=9, start evaluation...
[2019-06-12T16:22:34Z INFO  dns_sequence] Done evaluation for k=9
knn with k=1:
       Quality        │   #   │ #With Prob. │ Total 
══════════════════════╪═══════╪═════════════╪═══════
 Exact                │ 62798 │         342 │ 63140 
 Majority             │     0 │           0 │     0 
 Plurality            │     0 │           0 │     0 
 PluralityThenMinDist │     0 │           0 │     0 
 Contains             │     0 │           0 │     0 
 Wrong                │ 23615 │        5567 │ 29182 
 NoResult             │     0 │           0 │     0 

#Domains with at least x classification results of quality or higher:
        Method        │  0   │  1   │  2   │  3   │  4   │  5   │  6   │  7   │  8   │  9   │  10 
══════════════════════╪══════╪══════╪══════╪══════╪══════╪══════╪══════╪══════╪══════╪══════╪══════
 Contains             │ 9244 │ 8255 │ 8112 │ 7861 │ 7581 │ 7236 │ 6720 │ 6054 │ 5155 │ 3939 │ 2227 
 PluralityThenMinDist │ 9244 │ 8255 │ 8112 │ 7861 │ 7581 │ 7236 │ 6720 │ 6054 │ 5155 │ 3939 │ 2227 
 Plurality            │ 9244 │ 8255 │ 8112 │ 7861 │ 7581 │ 7236 │ 6720 │ 6054 │ 5155 │ 3939 │ 2227 
 Majority             │ 9244 │ 8255 │ 8112 │ 7861 │ 7581 │ 7236 │ 6720 │ 6054 │ 5155 │ 3939 │ 2227 
 Exact                │ 9244 │ 8255 │ 8112 │ 7861 │ 7581 │ 7236 │ 6720 │ 6054 │ 5155 │ 3939 │ 2227 


knn with k=3:
       Quality        │   #   │ #With Prob. │ Total 
══════════════════════╪═══════╪═════════════╪═══════
 Exact                │ 38004 │         279 │ 38283 
 Majority             │ 17526 │          76 │ 17602 
 Plurality            │     0 │           0 │     0 
 PluralityThenMinDist │  7443 │           4 │  7447 
 Contains             │  7455 │          89 │  7544 
 Wrong                │ 15985 │        5461 │ 21446 
 NoResult             │     0 │           0 │     0 

#Domains with at least x classification results of quality or higher:
        Method        │  0   │  1   │  2   │  3   │  4   │  5   │  6   │  7   │  8   │  9   │  10 
══════════════════════╪══════╪══════╪══════╪══════╪══════╪══════╪══════╪══════╪══════╪══════╪══════
 Contains             │ 9244 │ 8426 │ 8357 │ 8205 │ 8069 │ 7843 │ 7556 │ 7121 │ 6441 │ 5362 │ 3496 
 PluralityThenMinDist │ 9244 │ 8235 │ 8087 │ 7853 │ 7566 │ 7215 │ 6713 │ 6072 │ 5213 │ 4018 │ 2360 
 Plurality            │ 9244 │ 7948 │ 7617 │ 7288 │ 6872 │ 6365 │ 5761 │ 5076 │ 4154 │ 3058 │ 1746 
 Majority             │ 9244 │ 7948 │ 7617 │ 7288 │ 6872 │ 6365 │ 5761 │ 5076 │ 4154 │ 3058 │ 1746 
 Exact                │ 9244 │ 6750 │ 6013 │ 5422 │ 4854 │ 4252 │ 3609 │ 2936 │ 2235 │ 1489 │  723 


knn with k=5:
       Quality        │   #   │ #With Prob. │ Total 
══════════════════════╪═══════╪═════════════╪═══════
 Exact                │ 21385 │         219 │ 21604 
 Majority             │ 26927 │         154 │ 27081 
 Plurality            │  9365 │           4 │  9369 
 PluralityThenMinDist │  5742 │           8 │  5750 
 Contains             │  9722 │         112 │  9834 
 Wrong                │ 13272 │        5412 │ 18684 
 NoResult             │     0 │           0 │     0 

#Domains with at least x classification results of quality or higher:
        Method        │  0   │  1   │  2   │  3   │  4   │  5   │  6   │  7   │  8   │  9   │  10 
══════════════════════╪══════╪══════╪══════╪══════╪══════╪══════╪══════╪══════╪══════╪══════╪══════
 Contains             │ 9244 │ 8485 │ 8423 │ 8313 │ 8197 │ 8037 │ 7819 │ 7481 │ 6912 │ 5924 │ 4047 
 PluralityThenMinDist │ 9244 │ 8240 │ 8070 │ 7850 │ 7586 │ 7222 │ 6756 │ 6151 │ 5293 │ 4154 │ 2482 
 Plurality            │ 9244 │ 8029 │ 7726 │ 7434 │ 7062 │ 6613 │ 6055 │ 5338 │ 4488 │ 3367 │ 1942 
 Majority             │ 9244 │ 7427 │ 6943 │ 6479 │ 6058 │ 5510 │ 4892 │ 4211 │ 3394 │ 2444 │ 1327 
 Exact                │ 9244 │ 4518 │ 3663 │ 3110 │ 2657 │ 2240 │ 1846 │ 1456 │ 1084 │  698 │  332 


knn with k=7:
       Quality        │   #   │ #With Prob. │ Total 
══════════════════════╪═══════╪═════════════╪═══════
 Exact                │  9692 │         144 │  9836 
 Majority             │ 31663 │         211 │ 31874 
 Plurality            │ 16458 │          34 │ 16492 
 PluralityThenMinDist │  5417 │           2 │  5419 
 Contains             │ 11463 │         171 │ 11634 
 Wrong                │ 11720 │        5347 │ 17067 
 NoResult             │     0 │           0 │     0 

#Domains with at least x classification results of quality or higher:
        Method        │  0   │  1   │  2   │  3   │  4   │  5   │  6   │  7   │  8   │  9   │  10 
══════════════════════╪══════╪══════╪══════╪══════╪══════╪══════╪══════╪══════╪══════╪══════╪══════
 Contains             │ 9244 │ 8531 │ 8483 │ 8372 │ 8285 │ 8140 │ 7959 │ 7658 │ 7169 │ 6252 │ 4406 
 PluralityThenMinDist │ 9244 │ 8229 │ 8044 │ 7828 │ 7535 │ 7188 │ 6742 │ 6112 │ 5265 │ 4158 │ 2520 
 Plurality            │ 9244 │ 8052 │ 7751 │ 7415 │ 7056 │ 6621 │ 6084 │ 5360 │ 4490 │ 3408 │ 1965 
 Majority             │ 9244 │ 6803 │ 6174 │ 5643 │ 5145 │ 4671 │ 4114 │ 3458 │ 2736 │ 1938 │ 1028 
 Exact                │ 9244 │ 2392 │ 1724 │ 1371 │ 1104 │  904 │  758 │  607 │  476 │  328 │  172 


knn with k=9:
       Quality        │   #   │ #With Prob. │ Total 
══════════════════════╪═══════╪═════════════╪═══════
 Exact                │  2343 │          75 │  2418 
 Majority             │ 32025 │         258 │ 32283 
 Plurality            │ 23020 │          44 │ 23064 
 PluralityThenMinDist │  5569 │           7 │  5576 
 Contains             │ 12864 │         244 │ 13108 
 Wrong                │ 10592 │        5281 │ 15873 
 NoResult             │     0 │           0 │     0 

#Domains with at least x classification results of quality or higher:
        Method        │  0   │  1   │  2   │  3   │  4   │  5   │  6   │  7   │  8   │  9   │  10 
══════════════════════╪══════╪══════╪══════╪══════╪══════╪══════╪══════╪══════╪══════╪══════╪══════
 Contains             │ 9244 │ 8561 │ 8517 │ 8429 │ 8345 │ 8220 │ 8055 │ 7792 │ 7350 │ 6505 │ 4675 
 PluralityThenMinDist │ 9244 │ 8214 │ 8017 │ 7776 │ 7491 │ 7176 │ 6704 │ 6054 │ 5260 │ 4152 │ 2497 
 Plurality            │ 9244 │ 8035 │ 7702 │ 7364 │ 6982 │ 6542 │ 6007 │ 5321 │ 4481 │ 3386 │ 1945 
 Majority             │ 9244 │ 5978 │ 5262 │ 4705 │ 4224 │ 3799 │ 3365 │ 2826 │ 2208 │ 1517 │  817 
 Exact                │ 9244 │  678 │  427 │  317 │  242 │  199 │  167 │  135 │  105 │   87 │   61 

[2019-06-12T16:22:34Z INFO  dns_sequence::stats::plot] Dump json of plotting data
[2019-06-12T16:22:34Z INFO  dns_sequence::stats::plot] Dump json of plotting data
[2019-06-12T16:22:34Z INFO  dns_sequence::stats::plot] Dump json of plotting data
[2019-06-12T16:22:34Z INFO  dns_sequence::stats::plot] Dump json of plotting data
[2019-06-12T16:22:34Z INFO  dns_sequence::stats::plot] Dump json of plotting data
