knn with k=1:
       Quality        │   #   │ #With Prob. │ Total 
══════════════════════╪═══════╪═════════════╪═══════
 Exact                │ 64628 │          88 │ 64716 
 Majority             │     0 │           0 │     0 
 Plurality            │     0 │           0 │     0 
 PluralityThenMinDist │     0 │           0 │     0 
 Contains             │     0 │           0 │     0 
 Wrong                │ 23137 │        4197 │ 27334 
 NoResult             │     0 │           0 │     0 

#Domains with at least x classification results of quality or higher:
        Method        │  0   │  1   │  2   │  3   │  4   │  5   │  6   │  7   │  8   │  9   │  10 
══════════════════════╪══════╪══════╪══════╪══════╪══════╪══════╪══════╪══════╪══════╪══════╪══════
 Contains             │ 9205 │ 8640 │ 8464 │ 8161 │ 7780 │ 7270 │ 6730 │ 6026 │ 5167 │ 4018 │ 2460 
 PluralityThenMinDist │ 9205 │ 8640 │ 8464 │ 8161 │ 7780 │ 7270 │ 6730 │ 6026 │ 5167 │ 4018 │ 2460 
 Plurality            │ 9205 │ 8640 │ 8464 │ 8161 │ 7780 │ 7270 │ 6730 │ 6026 │ 5167 │ 4018 │ 2460 
 Majority             │ 9205 │ 8640 │ 8464 │ 8161 │ 7780 │ 7270 │ 6730 │ 6026 │ 5167 │ 4018 │ 2460 
 Exact                │ 9205 │ 8640 │ 8464 │ 8161 │ 7780 │ 7270 │ 6730 │ 6026 │ 5167 │ 4018 │ 2460 


knn with k=3:
       Quality        │   #   │ #With Prob. │ Total 
══════════════════════╪═══════╪═════════════╪═══════
 Exact                │ 39102 │          31 │ 39133 
 Majority             │ 18189 │          53 │ 18242 
 Plurality            │     0 │           0 │     0 
 PluralityThenMinDist │  7872 │           1 │  7873 
 Contains             │  8052 │         112 │  8164 
 Wrong                │ 14550 │        4088 │ 18638 
 NoResult             │     0 │           0 │     0 

#Domains with at least x classification results of quality or higher:
        Method        │  0   │  1   │  2   │  3   │  4   │  5   │  6   │  7   │  8   │  9   │  10 
══════════════════════╪══════╪══════╪══════╪══════╪══════╪══════╪══════╪══════╪══════╪══════╪══════
 Contains             │ 9205 │ 8766 │ 8723 │ 8572 │ 8388 │ 8140 │ 7772 │ 7228 │ 6561 │ 5509 │ 3753 
 PluralityThenMinDist │ 9205 │ 8606 │ 8412 │ 8125 │ 7749 │ 7294 │ 6753 │ 6119 │ 5295 │ 4212 │ 2683 
 Plurality            │ 9205 │ 8221 │ 7847 │ 7412 │ 6940 │ 6351 │ 5793 │ 5154 │ 4298 │ 3308 │ 2051 
 Majority             │ 9205 │ 8221 │ 7847 │ 7412 │ 6940 │ 6351 │ 5793 │ 5154 │ 4298 │ 3308 │ 2051 
 Exact                │ 9205 │ 6875 │ 6062 │ 5420 │ 4847 │ 4285 │ 3670 │ 3023 │ 2363 │ 1685 │  903 


knn with k=5:
       Quality        │   #   │ #With Prob. │ Total 
══════════════════════╪═══════╪═════════════╪═══════
 Exact                │ 23053 │          24 │ 23077 
 Majority             │ 27301 │          43 │ 27344 
 Plurality            │  9936 │          26 │  9962 
 PluralityThenMinDist │  5688 │           1 │  5689 
 Contains             │ 10230 │         199 │ 10429 
 Wrong                │ 11557 │        3992 │ 15549 
 NoResult             │     0 │           0 │     0 

#Domains with at least x classification results of quality or higher:
        Method        │  0   │  1   │  2   │  3   │  4   │  5   │  6   │  7   │  8   │  9   │  10 
══════════════════════╪══════╪══════╪══════╪══════╪══════╪══════╪══════╪══════╪══════╪══════╪══════
 Contains             │ 9205 │ 8809 │ 8779 │ 8685 │ 8566 │ 8387 │ 8118 │ 7675 │ 7064 │ 6084 │ 4334 
 PluralityThenMinDist │ 9205 │ 8602 │ 8395 │ 8120 │ 7789 │ 7365 │ 6831 │ 6230 │ 5462 │ 4395 │ 2883 
 Plurality            │ 9205 │ 8389 │ 8017 │ 7652 │ 7236 │ 6712 │ 6142 │ 5487 │ 4665 │ 3706 │ 2377 
 Majority             │ 9205 │ 7678 │ 7111 │ 6574 │ 6094 │ 5560 │ 4988 │ 4331 │ 3613 │ 2764 │ 1708 
 Exact                │ 9205 │ 4700 │ 3844 │ 3275 │ 2759 │ 2381 │ 1991 │ 1603 │ 1242 │  834 │  448 


knn with k=7:
       Quality        │   #   │ #With Prob. │ Total 
══════════════════════╪═══════╪═════════════╪═══════
 Exact                │ 12095 │          17 │ 12112 
 Majority             │ 31524 │          41 │ 31565 
 Plurality            │ 17137 │          53 │ 17190 
 PluralityThenMinDist │  5480 │           4 │  5484 
 Contains             │ 11617 │         258 │ 11875 
 Wrong                │  9912 │        3912 │ 13824 
 NoResult             │     0 │           0 │     0 

#Domains with at least x classification results of quality or higher:
        Method        │  0   │  1   │  2   │  3   │  4   │  5   │  6   │  7   │  8   │  9   │  10 
══════════════════════╪══════╪══════╪══════╪══════╪══════╪══════╪══════╪══════╪══════╪══════╪══════
 Contains             │ 9205 │ 8831 │ 8810 │ 8742 │ 8655 │ 8501 │ 8269 │ 7912 │ 7352 │ 6438 │ 4716 
 PluralityThenMinDist │ 9205 │ 8589 │ 8382 │ 8094 │ 7783 │ 7388 │ 6879 │ 6271 │ 5522 │ 4486 │ 2957 
 Plurality            │ 9205 │ 8391 │ 8033 │ 7652 │ 7265 │ 6745 │ 6179 │ 5578 │ 4760 │ 3805 │ 2459 
 Majority             │ 9205 │ 6924 │ 6269 │ 5758 │ 5257 │ 4786 │ 4256 │ 3700 │ 3020 │ 2301 │ 1406 
 Exact                │ 9205 │ 2819 │ 2108 │ 1672 │ 1358 │ 1137 │  956 │  774 │  607 │  447 │  234 


knn with k=9:
       Quality        │   #   │ #With Prob. │ Total 
══════════════════════╪═══════╪═════════════╪═══════
 Exact                │  4748 │           0 │  4748 
 Majority             │ 32332 │          44 │ 32376 
 Plurality            │ 23445 │          78 │ 23523 
 PluralityThenMinDist │  5426 │           5 │  5431 
 Contains             │ 13026 │         341 │ 13367 
 Wrong                │  8788 │        3817 │ 12605 
 NoResult             │     0 │           0 │     0 

#Domains with at least x classification results of quality or higher:
        Method        │  0   │  1   │  2   │  3   │  4   │  5   │  6   │  7   │  8   │  9   │  10 
══════════════════════╪══════╪══════╪══════╪══════╪══════╪══════╪══════╪══════╪══════╪══════╪══════
 Contains             │ 9205 │ 8858 │ 8837 │ 8775 │ 8703 │ 8578 │ 8381 │ 8066 │ 7578 │ 6692 │ 4977 
 PluralityThenMinDist │ 9205 │ 8561 │ 8337 │ 8049 │ 7735 │ 7355 │ 6833 │ 6250 │ 5521 │ 4475 │ 2962 
 Plurality            │ 9205 │ 8348 │ 8006 │ 7623 │ 7221 │ 6715 │ 6161 │ 5539 │ 4761 │ 3803 │ 2470 
 Majority             │ 9205 │ 6098 │ 5395 │ 4890 │ 4452 │ 4004 │ 3593 │ 3095 │ 2525 │ 1906 │ 1166 
 Exact                │ 9205 │ 1128 │  787 │  633 │  523 │  429 │  371 │  313 │  256 │  196 │  112 

