knn with k=1:
       Quality        │   #   │ #With Prob. │ Total 
══════════════════════╪═══════╪═════════════╪═══════
 Exact                │ 31368 │           0 │ 31368 
 Majority             │     0 │           0 │     0 
 Plurality            │     0 │           0 │     0 
 PluralityThenMinDist │     0 │           0 │     0 
 Contains             │     0 │           0 │     0 
 Wrong                │ 60682 │           0 │ 60682 
 NoResult             │     0 │           0 │     0 

#Domains with at least x classification results of quality or higher:
        Method        │  0   │  1   │  2   │  3   │  4   │  5   │  6   │  7   │  8   │  9  │ 10 
══════════════════════╪══════╪══════╪══════╪══════╪══════╪══════╪══════╪══════╪══════╪═════╪═════
 Contains             │ 9205 │ 7069 │ 5961 │ 4859 │ 3903 │ 3082 │ 2351 │ 1733 │ 1202 │ 797 │ 411 
 PluralityThenMinDist │ 9205 │ 7069 │ 5961 │ 4859 │ 3903 │ 3082 │ 2351 │ 1733 │ 1202 │ 797 │ 411 
 Plurality            │ 9205 │ 7069 │ 5961 │ 4859 │ 3903 │ 3082 │ 2351 │ 1733 │ 1202 │ 797 │ 411 
 Majority             │ 9205 │ 7069 │ 5961 │ 4859 │ 3903 │ 3082 │ 2351 │ 1733 │ 1202 │ 797 │ 411 
 Exact                │ 9205 │ 7069 │ 5961 │ 4859 │ 3903 │ 3082 │ 2351 │ 1733 │ 1202 │ 797 │ 411 


knn with k=3:
       Quality        │   #   │ #With Prob. │ Total 
══════════════════════╪═══════╪═════════════╪═══════
 Exact                │ 10058 │           0 │ 10058 
 Majority             │ 11522 │           0 │ 11522 
 Plurality            │     0 │           0 │     0 
 PluralityThenMinDist │  9763 │           0 │  9763 
 Contains             │ 11048 │           0 │ 11048 
 Wrong                │ 49659 │           0 │ 49659 
 NoResult             │     0 │           0 │     0 

#Domains with at least x classification results of quality or higher:
        Method        │  0   │  1   │  2   │  3   │  4   │  5   │  6   │  7   │  8   │  9   │ 10 
══════════════════════╪══════╪══════╪══════╪══════╪══════╪══════╪══════╪══════╪══════╪══════╪═════
 Contains             │ 9205 │ 7927 │ 7195 │ 6289 │ 5399 │ 4508 │ 3719 │ 2944 │ 2169 │ 1470 │ 771 
 PluralityThenMinDist │ 9205 │ 6946 │ 5818 │ 4773 │ 3866 │ 3107 │ 2400 │ 1796 │ 1279 │  859 │ 499 
 Plurality            │ 9205 │ 5281 │ 4022 │ 3218 │ 2511 │ 1995 │ 1530 │ 1188 │  877 │  598 │ 360 
 Majority             │ 9205 │ 5281 │ 4022 │ 3218 │ 2511 │ 1995 │ 1530 │ 1188 │  877 │  598 │ 360 
 Exact                │ 9205 │ 2807 │ 1899 │ 1416 │ 1113 │  861 │  686 │  518 │  375 │  253 │ 130 


knn with k=5:
       Quality        │   #   │ #With Prob. │ Total 
══════════════════════╪═══════╪═════════════╪═══════
 Exact                │  4692 │           0 │  4692 
 Majority             │ 11013 │           0 │ 11013 
 Plurality            │  9999 │           0 │  9999 
 PluralityThenMinDist │  7135 │           0 │  7135 
 Contains             │ 14575 │           0 │ 14575 
 Wrong                │ 44636 │           0 │ 44636 
 NoResult             │     0 │           0 │     0 

#Domains with at least x classification results of quality or higher:
        Method        │  0   │  1   │  2   │  3   │  4   │  5   │  6   │  7   │  8   │  9   │  10 
══════════════════════╪══════╪══════╪══════╪══════╪══════╪══════╪══════╪══════╪══════╪══════╪══════
 Contains             │ 9205 │ 8200 │ 7631 │ 6860 │ 6054 │ 5217 │ 4372 │ 3523 │ 2701 │ 1841 │ 1015 
 PluralityThenMinDist │ 9205 │ 7006 │ 5927 │ 4941 │ 4053 │ 3305 │ 2630 │ 2016 │ 1456 │  970 │  535 
 Plurality            │ 9205 │ 5902 │ 4678 │ 3836 │ 3101 │ 2485 │ 1953 │ 1470 │ 1111 │  748 │  420 
 Majority             │ 9205 │ 3956 │ 2885 │ 2258 │ 1794 │ 1406 │ 1123 │  882 │  651 │  455 │  295 
 Exact                │ 9205 │ 1254 │  836 │  614 │  500 │  422 │  353 │  280 │  215 │  147 │   71 


knn with k=7:
       Quality        │   #   │ #With Prob. │ Total 
══════════════════════╪═══════╪═════════════╪═══════
 Exact                │  2526 │           0 │  2526 
 Majority             │  9326 │           0 │  9326 
 Plurality            │ 15418 │           0 │ 15418 
 PluralityThenMinDist │  6355 │           0 │  6355 
 Contains             │ 17139 │           0 │ 17139 
 Wrong                │ 41286 │           0 │ 41286 
 NoResult             │     0 │           0 │     0 

#Domains with at least x classification results of quality or higher:
        Method        │  0   │  1   │  2   │  3   │  4   │  5   │  6   │  7   │  8   │  9   │  10 
══════════════════════╪══════╪══════╪══════╪══════╪══════╪══════╪══════╪══════╪══════╪══════╪══════
 Contains             │ 9205 │ 8363 │ 7886 │ 7210 │ 6453 │ 5674 │ 4823 │ 3965 │ 3063 │ 2129 │ 1198 
 PluralityThenMinDist │ 9205 │ 7078 │ 5974 │ 5018 │ 4144 │ 3394 │ 2748 │ 2098 │ 1543 │ 1048 │  580 
 Plurality            │ 9205 │ 6192 │ 4971 │ 4036 │ 3298 │ 2668 │ 2072 │ 1584 │ 1191 │  808 │  450 
 Majority             │ 9205 │ 2977 │ 2096 │ 1659 │ 1326 │ 1095 │  876 │  693 │  502 │  377 │  251 
 Exact                │ 9205 │  584 │  408 │  334 │  276 │  248 │  213 │  185 │  147 │   95 │   36 


knn with k=9:
       Quality        │   #   │ #With Prob. │ Total 
══════════════════════╪═══════╪═════════════╪═══════
 Exact                │  1615 │           0 │  1615 
 Majority             │  7298 │           0 │  7298 
 Plurality            │ 19041 │           0 │ 19041 
 PluralityThenMinDist │  6074 │           0 │  6074 
 Contains             │ 19234 │           0 │ 19234 
 Wrong                │ 38788 │           0 │ 38788 
 NoResult             │     0 │           0 │     0 

#Domains with at least x classification results of quality or higher:
        Method        │  0   │  1   │  2   │  3   │  4   │  5   │  6   │  7   │  8   │  9   │  10 
══════════════════════╪══════╪══════╪══════╪══════╪══════╪══════╪══════╪══════╪══════╪══════╪══════
 Contains             │ 9205 │ 8469 │ 8047 │ 7458 │ 6743 │ 6014 │ 5176 │ 4305 │ 3357 │ 2351 │ 1342 
 PluralityThenMinDist │ 9205 │ 7076 │ 5990 │ 5074 │ 4224 │ 3469 │ 2796 │ 2151 │ 1579 │ 1072 │  597 
 Plurality            │ 9205 │ 6276 │ 5071 │ 4123 │ 3391 │ 2745 │ 2150 │ 1661 │ 1222 │  844 │  471 
 Majority             │ 9205 │ 2190 │ 1562 │ 1194 │  990 │  817 │  668 │  534 │  418 │  326 │  214 
 Exact                │ 9205 │  310 │  244 │  215 │  200 │  175 │  158 │  133 │  100 │   57 │   23 

