knn with k=1:
       Quality        │   #   │ #With Prob. │ Total 
══════════════════════╪═══════╪═════════════╪═══════
 Exact                │  1878 │          50 │  1928 
 Majority             │     0 │           0 │     0 
 Plurality            │     0 │           0 │     0 
 PluralityThenMinDist │     0 │           0 │     0 
 Contains             │     0 │           0 │     0 
 Wrong                │ 82665 │        7457 │ 90122 
 NoResult             │     0 │           0 │     0 

#Domains with at least x classification results of quality or higher:
        Method        │  0   │  1  │  2  │  3  │  4  │  5  │  6  │  7  │  8  │ 9  │ 10 
══════════════════════╪══════╪═════╪═════╪═════╪═════╪═════╪═════╪═════╪═════╪════╪════
 Contains             │ 9205 │ 363 │ 332 │ 273 │ 235 │ 192 │ 169 │ 137 │ 108 │ 81 │ 38 
 PluralityThenMinDist │ 9205 │ 363 │ 332 │ 273 │ 235 │ 192 │ 169 │ 137 │ 108 │ 81 │ 38 
 Plurality            │ 9205 │ 363 │ 332 │ 273 │ 235 │ 192 │ 169 │ 137 │ 108 │ 81 │ 38 
 Majority             │ 9205 │ 363 │ 332 │ 273 │ 235 │ 192 │ 169 │ 137 │ 108 │ 81 │ 38 
 Exact                │ 9205 │ 363 │ 332 │ 273 │ 235 │ 192 │ 169 │ 137 │ 108 │ 81 │ 38 


knn with k=3:
       Quality        │   #   │ #With Prob. │ Total 
══════════════════════╪═══════╪═════════════╪═══════
 Exact                │   969 │          43 │  1012 
 Majority             │   576 │          14 │   590 
 Plurality            │     0 │           0 │     0 
 PluralityThenMinDist │   235 │           2 │   237 
 Contains             │   753 │          11 │   764 
 Wrong                │ 82010 │        7437 │ 89447 
 NoResult             │     0 │           0 │     0 

#Domains with at least x classification results of quality or higher:
        Method        │  0   │  1  │  2  │  3  │  4  │  5  │  6  │  7  │  8  │  9  │ 10 
══════════════════════╪══════╪═════╪═════╪═════╪═════╪═════╪═════╪═════╪═════╪═════╪════
 Contains             │ 9205 │ 481 │ 454 │ 377 │ 331 │ 264 │ 224 │ 184 │ 139 │ 100 │ 49 
 PluralityThenMinDist │ 9205 │ 352 │ 322 │ 271 │ 221 │ 195 │ 165 │ 122 │  91 │  67 │ 33 
 Plurality            │ 9205 │ 301 │ 271 │ 247 │ 198 │ 174 │ 144 │ 101 │  80 │  57 │ 29 
 Majority             │ 9205 │ 301 │ 271 │ 247 │ 198 │ 174 │ 144 │ 101 │  80 │  57 │ 29 
 Exact                │ 9205 │ 186 │ 155 │ 145 │ 138 │ 110 │  88 │  73 │  57 │  37 │ 23 


knn with k=5:
       Quality        │   #   │ #With Prob. │ Total 
══════════════════════╪═══════╪═════════════╪═══════
 Exact                │   605 │          34 │   639 
 Majority             │   698 │          24 │   722 
 Plurality            │   224 │           0 │   224 
 PluralityThenMinDist │   178 │           0 │   178 
 Contains             │  1302 │          17 │  1319 
 Wrong                │ 81536 │        7432 │ 88968 
 NoResult             │     0 │           0 │     0 

#Domains with at least x classification results of quality or higher:
        Method        │  0   │  1  │  2  │  3  │  4  │  5  │  6  │  7  │  8  │  9  │ 10 
══════════════════════╪══════╪═════╪═════╪═════╪═════╪═════╪═════╪═════╪═════╪═════╪════
 Contains             │ 9205 │ 550 │ 523 │ 444 │ 389 │ 322 │ 274 │ 225 │ 172 │ 123 │ 60 
 PluralityThenMinDist │ 9205 │ 351 │ 305 │ 271 │ 224 │ 181 │ 146 │ 111 │  87 │  58 │ 29 
 Plurality            │ 9205 │ 311 │ 274 │ 242 │ 203 │ 169 │ 131 │  98 │  76 │  54 │ 27 
 Majority             │ 9205 │ 243 │ 214 │ 202 │ 193 │ 156 │ 117 │  88 │  72 │  50 │ 26 
 Exact                │ 9205 │ 103 │  88 │  83 │  78 │  76 │  74 │  58 │  39 │  24 │ 16 


knn with k=7:
       Quality        │   #   │ #With Prob. │ Total 
══════════════════════╪═══════╪═════════════╪═══════
 Exact                │   351 │          31 │   382 
 Majority             │   739 │          23 │   762 
 Plurality            │   378 │           0 │   378 
 PluralityThenMinDist │   158 │           3 │   161 
 Contains             │  1793 │          29 │  1822 
 Wrong                │ 81124 │        7421 │ 88545 
 NoResult             │     0 │           0 │     0 

#Domains with at least x classification results of quality or higher:
        Method        │  0   │  1  │  2  │  3  │  4  │  5  │  6  │  7  │  8  │  9  │ 10 
══════════════════════╪══════╪═════╪═════╪═════╪═════╪═════╪═════╪═════╪═════╪═════╪════
 Contains             │ 9205 │ 605 │ 581 │ 497 │ 453 │ 382 │ 320 │ 263 │ 199 │ 137 │ 68 
 PluralityThenMinDist │ 9205 │ 328 │ 293 │ 256 │ 215 │ 182 │ 141 │ 106 │  82 │  53 │ 27 
 Plurality            │ 9205 │ 294 │ 252 │ 223 │ 201 │ 176 │ 133 │  96 │  70 │  51 │ 26 
 Majority             │ 9205 │ 194 │ 174 │ 162 │ 156 │ 150 │ 111 │  78 │  58 │  40 │ 21 
 Exact                │ 9205 │  61 │  53 │  45 │  43 │  37 │  36 │  35 │  32 │  24 │ 16 


knn with k=9:
       Quality        │   #   │ #With Prob. │ Total 
══════════════════════╪═══════╪═════════════╪═══════
 Exact                │   152 │          10 │   162 
 Majority             │   741 │          33 │   774 
 Plurality            │   521 │           5 │   526 
 PluralityThenMinDist │   156 │           1 │   157 
 Contains             │  2204 │          62 │  2266 
 Wrong                │ 80769 │        7396 │ 88165 
 NoResult             │     0 │           0 │     0 

#Domains with at least x classification results of quality or higher:
        Method        │  0   │  1  │  2  │  3  │  4  │  5  │  6  │  7  │  8  │  9  │ 10 
══════════════════════╪══════╪═════╪═════╪═════╪═════╪═════╪═════╪═════╪═════╪═════╪════
 Contains             │ 9205 │ 664 │ 629 │ 544 │ 497 │ 432 │ 368 │ 291 │ 231 │ 152 │ 77 
 PluralityThenMinDist │ 9205 │ 322 │ 275 │ 248 │ 210 │ 174 │ 137 │ 102 │  77 │  49 │ 25 
 Plurality            │ 9205 │ 286 │ 236 │ 221 │ 196 │ 166 │ 129 │  93 │  67 │  44 │ 24 
 Majority             │ 9205 │ 149 │ 136 │ 126 │ 115 │ 113 │ 109 │  77 │  56 │  35 │ 20 
 Exact                │ 9205 │  22 │  18 │  17 │  16 │  15 │  15 │  15 │  15 │  15 │ 14 

