knn with k=1:
       Quality        │   #   │ #With Prob. │ Total 
══════════════════════╪═══════╪═════════════╪═══════
 Exact                │ 64559 │          45 │ 64604 
 Majority             │     0 │           0 │     0 
 Plurality            │     0 │           0 │     0 
 PluralityThenMinDist │     0 │           0 │     0 
 Contains             │     0 │           0 │     0 
 Wrong                │ 24400 │        3048 │ 27448 
 NoResult             │     0 │           0 │     0 

#Domains with at least x classification results of quality or higher:
        Method        │  0   │  1   │  2   │  3   │  4   │  5   │  6   │  7   │  8   │  9   │  10 
══════════════════════╪══════╪══════╪══════╪══════╪══════╪══════╪══════╪══════╪══════╪══════╪══════
 Contains             │ 9207 │ 8629 │ 8459 │ 8143 │ 7773 │ 7285 │ 6721 │ 6012 │ 5140 │ 3999 │ 2443 
 PluralityThenMinDist │ 9207 │ 8629 │ 8459 │ 8143 │ 7773 │ 7285 │ 6721 │ 6012 │ 5140 │ 3999 │ 2443 
 Plurality            │ 9207 │ 8629 │ 8459 │ 8143 │ 7773 │ 7285 │ 6721 │ 6012 │ 5140 │ 3999 │ 2443 
 Majority             │ 9207 │ 8629 │ 8459 │ 8143 │ 7773 │ 7285 │ 6721 │ 6012 │ 5140 │ 3999 │ 2443 
 Exact                │ 9207 │ 8629 │ 8459 │ 8143 │ 7773 │ 7285 │ 6721 │ 6012 │ 5140 │ 3999 │ 2443 


knn with k=3:
       Quality        │   #   │ #With Prob. │ Total 
══════════════════════╪═══════╪═════════════╪═══════
 Exact                │ 38849 │          40 │ 38889 
 Majority             │ 18298 │           4 │ 18302 
 Plurality            │     0 │           0 │     0 
 PluralityThenMinDist │  8001 │           0 │  8001 
 Contains             │  8110 │           7 │  8117 
 Wrong                │ 15701 │        3042 │ 18743 
 NoResult             │     0 │           0 │     0 

#Domains with at least x classification results of quality or higher:
        Method        │  0   │  1   │  2   │  3   │  4   │  5   │  6   │  7   │  8   │  9   │  10 
══════════════════════╪══════╪══════╪══════╪══════╪══════╪══════╪══════╪══════╪══════╪══════╪══════
 Contains             │ 9207 │ 8770 │ 8726 │ 8563 │ 8381 │ 8134 │ 7764 │ 7224 │ 6536 │ 5481 │ 3730 
 PluralityThenMinDist │ 9207 │ 8605 │ 8413 │ 8109 │ 7750 │ 7285 │ 6755 │ 6105 │ 5284 │ 4209 │ 2677 
 Plurality            │ 9207 │ 8206 │ 7820 │ 7390 │ 6910 │ 6332 │ 5772 │ 5119 │ 4297 │ 3309 │ 2036 
 Majority             │ 9207 │ 8206 │ 7820 │ 7390 │ 6910 │ 6332 │ 5772 │ 5119 │ 4297 │ 3309 │ 2036 
 Exact                │ 9207 │ 6856 │ 6054 │ 5387 │ 4815 │ 4251 │ 3637 │ 2990 │ 2332 │ 1677 │  890 


knn with k=5:
       Quality        │   #   │ #With Prob. │ Total 
══════════════════════╪═══════╪═════════════╪═══════
 Exact                │ 22841 │          31 │ 22872 
 Majority             │ 27375 │          15 │ 27390 
 Plurality            │  9967 │           3 │  9970 
 PluralityThenMinDist │  5774 │           0 │  5774 
 Contains             │ 10417 │          13 │ 10430 
 Wrong                │ 12585 │        3031 │ 15616 
 NoResult             │     0 │           0 │     0 

#Domains with at least x classification results of quality or higher:
        Method        │  0   │  1   │  2   │  3   │  4   │  5   │  6   │  7   │  8   │  9   │  10 
══════════════════════╪══════╪══════╪══════╪══════╪══════╪══════╪══════╪══════╪══════╪══════╪══════
 Contains             │ 9207 │ 8817 │ 8786 │ 8692 │ 8569 │ 8381 │ 8109 │ 7662 │ 7042 │ 6057 │ 4321 
 PluralityThenMinDist │ 9207 │ 8607 │ 8392 │ 8119 │ 7788 │ 7351 │ 6813 │ 6219 │ 5458 │ 4374 │ 2885 
 Plurality            │ 9207 │ 8391 │ 8003 │ 7647 │ 7212 │ 6710 │ 6122 │ 5465 │ 4651 │ 3669 │ 2362 
 Majority             │ 9207 │ 7667 │ 7085 │ 6570 │ 6083 │ 5545 │ 4952 │ 4309 │ 3597 │ 2749 │ 1705 
 Exact                │ 9207 │ 4667 │ 3840 │ 3244 │ 2725 │ 2358 │ 1977 │ 1579 │ 1220 │  825 │  437 


knn with k=7:
       Quality        │   #   │ #With Prob. │ Total 
══════════════════════╪═══════╪═════════════╪═══════
 Exact                │ 11904 │          18 │ 11922 
 Majority             │ 31538 │          24 │ 31562 
 Plurality            │ 17281 │           5 │ 17286 
 PluralityThenMinDist │  5474 │           0 │  5474 
 Contains             │ 11947 │          32 │ 11979 
 Wrong                │ 10815 │        3014 │ 13829 
 NoResult             │     0 │           0 │     0 

#Domains with at least x classification results of quality or higher:
        Method        │  0   │  1   │  2   │  3   │  4   │  5   │  6   │  7   │  8   │  9   │  10 
══════════════════════╪══════╪══════╪══════╪══════╪══════╪══════╪══════╪══════╪══════╪══════╪══════
 Contains             │ 9207 │ 8840 │ 8819 │ 8744 │ 8647 │ 8496 │ 8267 │ 7914 │ 7356 │ 6434 │ 4706 
 PluralityThenMinDist │ 9207 │ 8588 │ 8388 │ 8096 │ 7787 │ 7377 │ 6861 │ 6257 │ 5491 │ 4463 │ 2936 
 Plurality            │ 9207 │ 8389 │ 8030 │ 7653 │ 7253 │ 6753 │ 6185 │ 5541 │ 4746 │ 3781 │ 2439 
 Majority             │ 9207 │ 6918 │ 6261 │ 5726 │ 5240 │ 4777 │ 4224 │ 3657 │ 2991 │ 2281 │ 1409 
 Exact                │ 9207 │ 2783 │ 2084 │ 1645 │ 1338 │ 1121 │  933 │  760 │  591 │  438 │  229 


knn with k=9:
       Quality        │   #   │ #With Prob. │ Total 
══════════════════════╪═══════╪═════════════╪═══════
 Exact                │  4606 │          10 │  4616 
 Majority             │ 32281 │          27 │ 32308 
 Plurality            │ 23583 │           8 │ 23591 
 PluralityThenMinDist │  5491 │           0 │  5491 
 Contains             │ 13434 │          50 │ 13484 
 Wrong                │  9564 │        2998 │ 12562 
 NoResult             │     0 │           0 │     0 

#Domains with at least x classification results of quality or higher:
        Method        │  0   │  1   │  2   │  3   │  4   │  5   │  6   │  7   │  8   │  9   │  10 
══════════════════════╪══════╪══════╪══════╪══════╪══════╪══════╪══════╪══════╪══════╪══════╪══════
 Contains             │ 9207 │ 8863 │ 8845 │ 8779 │ 8699 │ 8574 │ 8394 │ 8073 │ 7580 │ 6700 │ 4983 
 PluralityThenMinDist │ 9207 │ 8554 │ 8339 │ 8055 │ 7738 │ 7338 │ 6838 │ 6238 │ 5487 │ 4459 │ 2960 
 Plurality            │ 9207 │ 8342 │ 7988 │ 7624 │ 7226 │ 6703 │ 6153 │ 5507 │ 4721 │ 3786 │ 2465 
 Majority             │ 9207 │ 6073 │ 5379 │ 4865 │ 4422 │ 3979 │ 3571 │ 3078 │ 2512 │ 1886 │ 1159 
 Exact                │ 9207 │ 1116 │  767 │  606 │  509 │  415 │  354 │  303 │  249 │  191 │  106 

