knn with k=1:
       Quality        │   #    │ #With Prob. │ Total 
══════════════════════╪════════╪═════════════╪════════
 Exact                │ 130208 │         279 │ 130487 
 Majority             │      0 │           0 │      0 
 Plurality            │      0 │           0 │      0 
 PluralityThenMinDist │      0 │           0 │      0 
 Contains             │      0 │           0 │      0 
 Wrong                │  35983 │        8810 │  44793 
 NoResult             │      0 │           0 │      0 

#Domains with at least x classification results of quality or higher:
        Method        │  0   │  1   │  2   │  3   │  4   │  5   │  6   │  7   │  8   │  9   │  10  │      │      │      │      │      │      │      │      │      │  
══════════════════════╪══════╪══════╪══════╪══════╪══════╪══════╪══════╪══════╪══════╪══════╪══════╪══════╪══════╪══════╪══════╪══════╪══════╪══════╪══════╪══════╪══════
 Contains             │ 8764 │ 8302 │ 8268 │ 8193 │ 8124 │ 8044 │ 7970 │ 7862 │ 7709 │ 7550 │ 7371 │ 7117 │ 6848 │ 6531 │ 6183 │ 5749 │ 5244 │ 4621 │ 3943 │ 3054 │ 1804 
 PluralityThenMinDist │ 8764 │ 8302 │ 8268 │ 8193 │ 8124 │ 8044 │ 7970 │ 7862 │ 7709 │ 7550 │ 7371 │ 7117 │ 6848 │ 6531 │ 6183 │ 5749 │ 5244 │ 4621 │ 3943 │ 3054 │ 1804 
 Plurality            │ 8764 │ 8302 │ 8268 │ 8193 │ 8124 │ 8044 │ 7970 │ 7862 │ 7709 │ 7550 │ 7371 │ 7117 │ 6848 │ 6531 │ 6183 │ 5749 │ 5244 │ 4621 │ 3943 │ 3054 │ 1804 
 Majority             │ 8764 │ 8302 │ 8268 │ 8193 │ 8124 │ 8044 │ 7970 │ 7862 │ 7709 │ 7550 │ 7371 │ 7117 │ 6848 │ 6531 │ 6183 │ 5749 │ 5244 │ 4621 │ 3943 │ 3054 │ 1804 
 Exact                │ 8764 │ 8302 │ 8268 │ 8193 │ 8124 │ 8044 │ 7970 │ 7862 │ 7709 │ 7550 │ 7371 │ 7117 │ 6848 │ 6531 │ 6183 │ 5749 │ 5244 │ 4621 │ 3943 │ 3054 │ 1804 


knn with k=3:
       Quality        │   #   │ #With Prob. │ Total 
══════════════════════╪═══════╪═════════════╪═══════
 Exact                │ 87174 │         179 │ 87353 
 Majority             │ 32713 │          80 │ 32793 
 Plurality            │     0 │           0 │     0 
 PluralityThenMinDist │ 11646 │          14 │ 11660 
 Contains             │ 13514 │         196 │ 13710 
 Wrong                │ 21144 │        8620 │ 29764 
 NoResult             │     0 │           0 │     0 

#Domains with at least x classification results of quality or higher:
        Method        │  0   │  1   │  2   │  3   │  4   │  5   │  6   │  7   │  8   │  9   │  10  │      │      │      │      │      │      │      │      │      │  
══════════════════════╪══════╪══════╪══════╪══════╪══════╪══════╪══════╪══════╪══════╪══════╪══════╪══════╪══════╪══════╪══════╪══════╪══════╪══════╪══════╪══════╪══════
 Contains             │ 8764 │ 8365 │ 8356 │ 8319 │ 8287 │ 8246 │ 8215 │ 8173 │ 8110 │ 8042 │ 7968 │ 7841 │ 7700 │ 7529 │ 7304 │ 7025 │ 6677 │ 6171 │ 5504 │ 4612 │ 3072 
 PluralityThenMinDist │ 8764 │ 8294 │ 8251 │ 8192 │ 8109 │ 8017 │ 7943 │ 7852 │ 7714 │ 7555 │ 7369 │ 7133 │ 6908 │ 6610 │ 6272 │ 5872 │ 5406 │ 4853 │ 4130 │ 3292 │ 2034 
 Plurality            │ 8764 │ 8216 │ 8109 │ 8017 │ 7881 │ 7747 │ 7595 │ 7418 │ 7211 │ 6959 │ 6683 │ 6404 │ 6099 │ 5731 │ 5364 │ 4938 │ 4480 │ 3945 │ 3313 │ 2536 │ 1500 
 Majority             │ 8764 │ 8216 │ 8109 │ 8017 │ 7881 │ 7747 │ 7595 │ 7418 │ 7211 │ 6959 │ 6683 │ 6404 │ 6099 │ 5731 │ 5364 │ 4938 │ 4480 │ 3945 │ 3313 │ 2536 │ 1500 
 Exact                │ 8764 │ 7700 │ 7343 │ 7020 │ 6703 │ 6359 │ 6010 │ 5667 │ 5338 │ 4987 │ 4632 │ 4252 │ 3949 │ 3578 │ 3181 │ 2818 │ 2418 │ 2016 │ 1607 │ 1149 │  626 


knn with k=5:
       Quality        │   #   │ #With Prob. │ Total 
══════════════════════╪═══════╪═════════════╪═══════
 Exact                │ 57064 │         126 │ 57190 
 Majority             │ 52302 │         188 │ 52490 
 Plurality            │ 15916 │          42 │ 15958 
 PluralityThenMinDist │  8376 │           5 │  8381 
 Contains             │ 16221 │         240 │ 16461 
 Wrong                │ 16312 │        8488 │ 24800 
 NoResult             │     0 │           0 │     0 

#Domains with at least x classification results of quality or higher:
        Method        │  0   │  1   │  2   │  3   │  4   │  5   │  6   │  7   │  8   │  9   │  10  │      │      │      │      │      │      │      │      │      │  
══════════════════════╪══════╪══════╪══════╪══════╪══════╪══════╪══════╪══════╪══════╪══════╪══════╪══════╪══════╪══════╪══════╪══════╪══════╪══════╪══════╪══════╪══════
 Contains             │ 8764 │ 8389 │ 8384 │ 8360 │ 8341 │ 8317 │ 8276 │ 8247 │ 8209 │ 8171 │ 8116 │ 8033 │ 7941 │ 7805 │ 7629 │ 7406 │ 7127 │ 6714 │ 6139 │ 5220 │ 3656 
 PluralityThenMinDist │ 8764 │ 8310 │ 8264 │ 8210 │ 8137 │ 8057 │ 7973 │ 7876 │ 7741 │ 7604 │ 7419 │ 7231 │ 7003 │ 6729 │ 6423 │ 6065 │ 5654 │ 5118 │ 4395 │ 3558 │ 2252 
 Plurality            │ 8764 │ 8274 │ 8192 │ 8091 │ 7991 │ 7884 │ 7748 │ 7591 │ 7418 │ 7223 │ 6977 │ 6729 │ 6420 │ 6138 │ 5777 │ 5386 │ 4930 │ 4384 │ 3745 │ 2904 │ 1836 
 Majority             │ 8764 │ 8063 │ 7898 │ 7728 │ 7554 │ 7337 │ 7112 │ 6862 │ 6591 │ 6308 │ 5998 │ 5674 │ 5355 │ 4998 │ 4645 │ 4264 │ 3826 │ 3320 │ 2759 │ 2098 │ 1290 
 Exact                │ 8764 │ 6398 │ 5713 │ 5186 │ 4769 │ 4397 │ 4028 │ 3681 │ 3375 │ 3053 │ 2738 │ 2434 │ 2190 │ 1942 │ 1708 │ 1519 │ 1297 │ 1059 │  826 │  585 │  292 


knn with k=7:
       Quality        │   #   │ #With Prob. │ Total 
══════════════════════╪═══════╪═════════════╪═══════
 Exact                │ 34698 │          91 │ 34789 
 Majority             │ 63965 │         192 │ 64157 
 Plurality            │ 27555 │          99 │ 27654 
 PluralityThenMinDist │  7892 │           3 │  7895 
 Contains             │ 18515 │         336 │ 18851 
 Wrong                │ 13566 │        8368 │ 21934 
 NoResult             │     0 │           0 │     0 

#Domains with at least x classification results of quality or higher:
        Method        │  0   │  1   │  2   │  3   │  4   │  5   │  6   │  7   │  8   │  9   │  10  │      │      │      │      │      │      │      │      │      │  
══════════════════════╪══════╪══════╪══════╪══════╪══════╪══════╪══════╪══════╪══════╪══════╪══════╪══════╪══════╪══════╪══════╪══════╪══════╪══════╪══════╪══════╪══════
 Contains             │ 8764 │ 8407 │ 8403 │ 8380 │ 8369 │ 8350 │ 8321 │ 8294 │ 8268 │ 8236 │ 8189 │ 8135 │ 8060 │ 7960 │ 7814 │ 7640 │ 7379 │ 7011 │ 6485 │ 5633 │ 4012 
 PluralityThenMinDist │ 8764 │ 8312 │ 8269 │ 8208 │ 8140 │ 8045 │ 7960 │ 7868 │ 7751 │ 7614 │ 7434 │ 7234 │ 7029 │ 6774 │ 6482 │ 6145 │ 5691 │ 5136 │ 4470 │ 3599 │ 2334 
 Plurality            │ 8764 │ 8264 │ 8185 │ 8089 │ 7992 │ 7895 │ 7750 │ 7613 │ 7444 │ 7255 │ 7024 │ 6781 │ 6509 │ 6222 │ 5895 │ 5500 │ 5012 │ 4451 │ 3832 │ 2997 │ 1890 
 Majority             │ 8764 │ 7824 │ 7552 │ 7309 │ 7065 │ 6820 │ 6551 │ 6265 │ 5972 │ 5643 │ 5308 │ 4975 │ 4660 │ 4358 │ 4003 │ 3618 │ 3182 │ 2748 │ 2279 │ 1738 │ 1076 
 Exact                │ 8764 │ 4621 │ 3851 │ 3383 │ 2995 │ 2699 │ 2431 │ 2177 │ 1956 │ 1726 │ 1531 │ 1337 │ 1172 │ 1038 │  923 │  796 │  685 │  560 │  446 │  304 │  158 


knn with k=9:
       Quality        │   #   │ #With Prob. │ Total 
══════════════════════╪═══════╪═════════════╪═══════
 Exact                │ 17914 │          55 │ 17969 
 Majority             │ 69607 │         219 │ 69826 
 Plurality            │ 38579 │         113 │ 38692 
 PluralityThenMinDist │  8011 │          10 │  8021 
 Contains             │ 20337 │         427 │ 20764 
 Wrong                │ 11743 │        8265 │ 20008 
 NoResult             │     0 │           0 │     0 

#Domains with at least x classification results of quality or higher:
        Method        │  0   │  1   │  2   │  3   │  4   │  5   │  6   │  7   │  8   │  9   │  10  │      │      │      │      │      │      │      │      │      │  
══════════════════════╪══════╪══════╪══════╪══════╪══════╪══════╪══════╪══════╪══════╪══════╪══════╪══════╪══════╪══════╪══════╪══════╪══════╪══════╪══════╪══════╪══════
 Contains             │ 8764 │ 8420 │ 8413 │ 8390 │ 8382 │ 8366 │ 8350 │ 8328 │ 8302 │ 8276 │ 8235 │ 8183 │ 8127 │ 8053 │ 7929 │ 7760 │ 7550 │ 7217 │ 6728 │ 5938 │ 4325 
 PluralityThenMinDist │ 8764 │ 8306 │ 8254 │ 8192 │ 8117 │ 8044 │ 7954 │ 7848 │ 7723 │ 7593 │ 7438 │ 7246 │ 7036 │ 6790 │ 6489 │ 6144 │ 5729 │ 5154 │ 4458 │ 3623 │ 2370 
 Plurality            │ 8764 │ 8251 │ 8174 │ 8083 │ 7987 │ 7864 │ 7735 │ 7602 │ 7437 │ 7266 │ 7042 │ 6790 │ 6514 │ 6217 │ 5864 │ 5454 │ 4999 │ 4441 │ 3833 │ 3010 │ 1924 
 Majority             │ 8764 │ 7470 │ 7082 │ 6785 │ 6501 │ 6183 │ 5894 │ 5580 │ 5289 │ 4953 │ 4623 │ 4290 │ 3981 │ 3666 │ 3327 │ 3006 │ 2649 │ 2286 │ 1883 │ 1452 │  895 
 Exact                │ 8764 │ 2741 │ 2108 │ 1776 │ 1519 │ 1321 │ 1173 │ 1043 │  931 │  840 │  731 │  646 │  590 │  520 │  470 │  410 │  355 │  305 │  240 │  160 │   90 

