knn with k=1:
       Quality        │   #   │ #With Prob. │ Total 
══════════════════════╪═══════╪═════════════╪═══════
 Exact                │ 18195 │         109 │ 18304 
 Majority             │     0 │           0 │     0 
 Plurality            │     0 │           0 │     0 
 PluralityThenMinDist │     0 │           0 │     0 
 Contains             │     0 │           0 │     0 
 Wrong                │ 65152 │        4184 │ 69336 
 NoResult             │     0 │           0 │     0 

#Domains with at least x classification results of quality or higher:
        Method        │  0   │  1   │  2   │  3   │  4   │  5   │  6   │  7   │  8   │  9  │ 10 
══════════════════════╪══════╪══════╪══════╪══════╪══════╪══════╪══════╪══════╪══════╪═════╪═════
 Contains             │ 8764 │ 3729 │ 3024 │ 2550 │ 2167 │ 1846 │ 1555 │ 1264 │ 1003 │ 737 │ 429 
 PluralityThenMinDist │ 8764 │ 3729 │ 3024 │ 2550 │ 2167 │ 1846 │ 1555 │ 1264 │ 1003 │ 737 │ 429 
 Plurality            │ 8764 │ 3729 │ 3024 │ 2550 │ 2167 │ 1846 │ 1555 │ 1264 │ 1003 │ 737 │ 429 
 Majority             │ 8764 │ 3729 │ 3024 │ 2550 │ 2167 │ 1846 │ 1555 │ 1264 │ 1003 │ 737 │ 429 
 Exact                │ 8764 │ 3729 │ 3024 │ 2550 │ 2167 │ 1846 │ 1555 │ 1264 │ 1003 │ 737 │ 429 


knn with k=3:
       Quality        │   #   │ #With Prob. │ Total 
══════════════════════╪═══════╪═════════════╪═══════
 Exact                │  9154 │          71 │  9225 
 Majority             │  6251 │          40 │  6291 
 Plurality            │     0 │           0 │     0 
 PluralityThenMinDist │  3208 │           2 │  3210 
 Contains             │  5654 │          63 │  5717 
 Wrong                │ 59080 │        4117 │ 63197 
 NoResult             │     0 │           0 │     0 

#Domains with at least x classification results of quality or higher:
        Method        │  0   │  1   │  2   │  3   │  4   │  5   │  6   │  7   │  8   │  9   │ 10 
══════════════════════╪══════╪══════╪══════╪══════╪══════╪══════╪══════╪══════╪══════╪══════╪═════
 Contains             │ 8764 │ 4375 │ 3731 │ 3264 │ 2883 │ 2544 │ 2226 │ 1887 │ 1557 │ 1208 │ 768 
 PluralityThenMinDist │ 8764 │ 3701 │ 3026 │ 2560 │ 2202 │ 1896 │ 1614 │ 1345 │ 1083 │  795 │ 504 
 Plurality            │ 8764 │ 3155 │ 2541 │ 2124 │ 1821 │ 1572 │ 1300 │ 1086 │  872 │  637 │ 408 
 Majority             │ 8764 │ 3155 │ 2541 │ 2124 │ 1821 │ 1572 │ 1300 │ 1086 │  872 │  637 │ 408 
 Exact                │ 8764 │ 2129 │ 1604 │ 1303 │ 1055 │  875 │  749 │  585 │  443 │  307 │ 175 


knn with k=5:
       Quality        │   #   │ #With Prob. │ Total 
══════════════════════╪═══════╪═════════════╪═══════
 Exact                │  5633 │          49 │  5682 
 Majority             │  7754 │          62 │  7816 
 Plurality            │  3949 │          29 │  3978 
 PluralityThenMinDist │  2218 │           0 │  2218 
 Contains             │  7754 │          91 │  7845 
 Wrong                │ 56039 │        4062 │ 60101 
 NoResult             │     0 │           0 │     0 

#Domains with at least x classification results of quality or higher:
        Method        │  0   │  1   │  2   │  3   │  4   │  5   │  6   │  7   │  8   │  9   │ 10 
══════════════════════╪══════╪══════╪══════╪══════╪══════╪══════╪══════╪══════╪══════╪══════╪═════
 Contains             │ 8764 │ 4668 │ 4067 │ 3616 │ 3237 │ 2877 │ 2558 │ 2226 │ 1872 │ 1457 │ 961 
 PluralityThenMinDist │ 8764 │ 3755 │ 3105 │ 2686 │ 2318 │ 2014 │ 1719 │ 1453 │ 1182 │  891 │ 571 
 Plurality            │ 8764 │ 3431 │ 2813 │ 2408 │ 2042 │ 1773 │ 1497 │ 1253 │ 1012 │  768 │ 479 
 Majority             │ 8764 │ 2782 │ 2169 │ 1836 │ 1570 │ 1354 │ 1145 │  940 │  762 │  576 │ 364 
 Exact                │ 8764 │ 1340 │  980 │  790 │  657 │  545 │  445 │  365 │  277 │  181 │ 102 


knn with k=7:
       Quality        │   #   │ #With Prob. │ Total 
══════════════════════╪═══════╪═════════════╪═══════
 Exact                │  3582 │          36 │  3618 
 Majority             │  8113 │          76 │  8189 
 Plurality            │  6202 │          30 │  6232 
 PluralityThenMinDist │  2082 │           1 │  2083 
 Contains             │  9306 │         152 │  9458 
 Wrong                │ 54062 │        3998 │ 58060 
 NoResult             │     0 │           0 │     0 

#Domains with at least x classification results of quality or higher:
        Method        │  0   │  1   │  2   │  3   │  4   │  5   │  6   │  7   │  8   │  9   │  10 
══════════════════════╪══════╪══════╪══════╪══════╪══════╪══════╪══════╪══════╪══════╪══════╪══════
 Contains             │ 8764 │ 4859 │ 4281 │ 3858 │ 3461 │ 3119 │ 2783 │ 2430 │ 2065 │ 1627 │ 1097 
 PluralityThenMinDist │ 8764 │ 3778 │ 3168 │ 2724 │ 2364 │ 2053 │ 1771 │ 1502 │ 1223 │  929 │  610 
 Plurality            │ 8764 │ 3495 │ 2906 │ 2481 │ 2110 │ 1814 │ 1556 │ 1308 │ 1053 │  807 │  509 
 Majority             │ 8764 │ 2448 │ 1893 │ 1585 │ 1386 │ 1183 │  996 │  838 │  656 │  492 │  330 
 Exact                │ 8764 │  863 │  624 │  491 │  399 │  354 │  296 │  237 │  171 │  122 │   61 


knn with k=9:
       Quality        │   #   │ #With Prob. │ Total 
══════════════════════╪═══════╪═════════════╪═══════
 Exact                │  2277 │          18 │  2295 
 Majority             │  7907 │          79 │  7986 
 Plurality            │  7877 │          43 │  7920 
 PluralityThenMinDist │  2072 │           7 │  2079 
 Contains             │ 10744 │         206 │ 10950 
 Wrong                │ 52470 │        3940 │ 56410 
 NoResult             │     0 │           0 │     0 

#Domains with at least x classification results of quality or higher:
        Method        │  0   │  1   │  2   │  3   │  4   │  5   │  6   │  7   │  8   │  9   │  10 
══════════════════════╪══════╪══════╪══════╪══════╪══════╪══════╪══════╪══════╪══════╪══════╪══════
 Contains             │ 8764 │ 5023 │ 4445 │ 4041 │ 3643 │ 3313 │ 2959 │ 2606 │ 2209 │ 1764 │ 1227 
 PluralityThenMinDist │ 8764 │ 3803 │ 3181 │ 2738 │ 2383 │ 2067 │ 1795 │ 1515 │ 1229 │  947 │  622 
 Plurality            │ 8764 │ 3549 │ 2913 │ 2511 │ 2116 │ 1835 │ 1570 │ 1321 │ 1055 │  818 │  513 
 Majority             │ 8764 │ 2128 │ 1665 │ 1404 │ 1206 │ 1005 │  863 │  728 │  574 │  431 │  277 
 Exact                │ 8764 │  499 │  367 │  313 │  276 │  235 │  207 │  164 │  116 │   77 │   41 

