knn with k=1:
       Quality        │   #   │ #With Prob. │ Total 
══════════════════════╪═══════╪═════════════╪═══════
 Exact                │ 13457 │         114 │ 13571 
 Majority             │     0 │           0 │     0 
 Plurality            │     0 │           0 │     0 
 PluralityThenMinDist │     0 │           0 │     0 
 Contains             │     0 │           0 │     0 
 Wrong                │ 69387 │        4682 │ 74069 
 NoResult             │     0 │           0 │     0 

#Domains with at least x classification results of quality or higher:
        Method        │  0   │  1   │  2   │  3   │  4   │  5   │  6   │  7  │  8  │  9  │ 10 
══════════════════════╪══════╪══════╪══════╪══════╪══════╪══════╪══════╪═════╪═════╪═════╪═════
 Contains             │ 8764 │ 2814 │ 2223 │ 1871 │ 1586 │ 1342 │ 1124 │ 930 │ 738 │ 578 │ 365 
 PluralityThenMinDist │ 8764 │ 2814 │ 2223 │ 1871 │ 1586 │ 1342 │ 1124 │ 930 │ 738 │ 578 │ 365 
 Plurality            │ 8764 │ 2814 │ 2223 │ 1871 │ 1586 │ 1342 │ 1124 │ 930 │ 738 │ 578 │ 365 
 Majority             │ 8764 │ 2814 │ 2223 │ 1871 │ 1586 │ 1342 │ 1124 │ 930 │ 738 │ 578 │ 365 
 Exact                │ 8764 │ 2814 │ 2223 │ 1871 │ 1586 │ 1342 │ 1124 │ 930 │ 738 │ 578 │ 365 


knn with k=3:
       Quality        │   #   │ #With Prob. │ Total 
══════════════════════╪═══════╪═════════════╪═══════
 Exact                │  6876 │          63 │  6939 
 Majority             │  4358 │          89 │  4447 
 Plurality            │     0 │           0 │     0 
 PluralityThenMinDist │  2396 │           1 │  2397 
 Contains             │  4133 │          80 │  4213 
 Wrong                │ 65081 │        4563 │ 69644 
 NoResult             │     0 │           0 │     0 

#Domains with at least x classification results of quality or higher:
        Method        │  0   │  1   │  2   │  3   │  4   │  5   │  6   │  7   │  8   │  9  │ 10 
══════════════════════╪══════╪══════╪══════╪══════╪══════╪══════╪══════╪══════╪══════╪═════╪═════
 Contains             │ 8764 │ 3336 │ 2777 │ 2392 │ 2072 │ 1819 │ 1587 │ 1371 │ 1139 │ 887 │ 616 
 PluralityThenMinDist │ 8764 │ 2809 │ 2220 │ 1871 │ 1591 │ 1369 │ 1156 │  978 │  783 │ 599 │ 407 
 Plurality            │ 8764 │ 2344 │ 1852 │ 1531 │ 1290 │ 1125 │  958 │  807 │  648 │ 498 │ 333 
 Majority             │ 8764 │ 2344 │ 1852 │ 1531 │ 1290 │ 1125 │  958 │  807 │  648 │ 498 │ 333 
 Exact                │ 8764 │ 1578 │ 1159 │  919 │  775 │  663 │  551 │  453 │  375 │ 283 │ 183 


knn with k=5:
       Quality        │   #   │ #With Prob. │ Total 
══════════════════════╪═══════╪═════════════╪═══════
 Exact                │  4395 │          30 │  4425 
 Majority             │  5341 │         115 │  5456 
 Plurality            │  2677 │          15 │  2692 
 PluralityThenMinDist │  1687 │           3 │  1690 
 Contains             │  5744 │         124 │  5868 
 Wrong                │ 63000 │        4509 │ 67509 
 NoResult             │     0 │           0 │     0 

#Domains with at least x classification results of quality or higher:
        Method        │  0   │  1   │  2   │  3   │  4   │  5   │  6   │  7   │  8   │  9   │ 10 
══════════════════════╪══════╪══════╪══════╪══════╪══════╪══════╪══════╪══════╪══════╪══════╪═════
 Contains             │ 8764 │ 3569 │ 3014 │ 2634 │ 2325 │ 2067 │ 1809 │ 1573 │ 1331 │ 1052 │ 757 
 PluralityThenMinDist │ 8764 │ 2835 │ 2253 │ 1926 │ 1637 │ 1423 │ 1235 │ 1028 │  850 │  638 │ 438 
 Plurality            │ 8764 │ 2533 │ 2025 │ 1710 │ 1450 │ 1254 │ 1063 │  880 │  737 │  549 │ 372 
 Majority             │ 8764 │ 2033 │ 1597 │ 1335 │ 1131 │  969 │  809 │  691 │  568 │  435 │ 313 
 Exact                │ 8764 │ 1001 │  714 │  601 │  491 │  422 │  351 │  295 │  244 │  192 │ 114 


knn with k=7:
       Quality        │   #   │ #With Prob. │ Total 
══════════════════════╪═══════╪═════════════╪═══════
 Exact                │  2920 │          21 │  2941 
 Majority             │  5583 │         109 │  5692 
 Plurality            │  4288 │          31 │  4319 
 PluralityThenMinDist │  1567 │           4 │  1571 
 Contains             │  7022 │         163 │  7185 
 Wrong                │ 61464 │        4468 │ 65932 
 NoResult             │     0 │           0 │     0 

#Domains with at least x classification results of quality or higher:
        Method        │  0   │  1   │  2   │  3   │  4   │  5   │  6   │  7   │  8   │  9   │ 10 
══════════════════════╪══════╪══════╪══════╪══════╪══════╪══════╪══════╪══════╪══════╪══════╪═════
 Contains             │ 8764 │ 3727 │ 3176 │ 2808 │ 2509 │ 2243 │ 1964 │ 1722 │ 1483 │ 1206 │ 870 
 PluralityThenMinDist │ 8764 │ 2831 │ 2280 │ 1928 │ 1666 │ 1474 │ 1266 │ 1064 │  887 │  675 │ 452 
 Plurality            │ 8764 │ 2573 │ 2081 │ 1740 │ 1492 │ 1302 │ 1102 │  925 │  764 │  575 │ 398 
 Majority             │ 8764 │ 1769 │ 1389 │ 1149 │  965 │  835 │  717 │  607 │  517 │  399 │ 286 
 Exact                │ 8764 │  637 │  474 │  397 │  338 │  280 │  239 │  197 │  170 │  132 │  77 


knn with k=9:
       Quality        │   #   │ #With Prob. │ Total 
══════════════════════╪═══════╪═════════════╪═══════
 Exact                │  1961 │          11 │  1972 
 Majority             │  5371 │          89 │  5460 
 Plurality            │  5510 │          59 │  5569 
 PluralityThenMinDist │  1602 │           8 │  1610 
 Contains             │  8000 │         252 │  8252 
 Wrong                │ 60400 │        4377 │ 64777 
 NoResult             │     0 │           0 │     0 

#Domains with at least x classification results of quality or higher:
        Method        │  0   │  1   │  2   │  3   │  4   │  5   │  6   │  7   │  8   │  9   │ 10 
══════════════════════╪══════╪══════╪══════╪══════╪══════╪══════╪══════╪══════╪══════╪══════╪═════
 Contains             │ 8764 │ 3845 │ 3295 │ 2933 │ 2628 │ 2367 │ 2103 │ 1847 │ 1585 │ 1307 │ 953 
 PluralityThenMinDist │ 8764 │ 2832 │ 2284 │ 1937 │ 1690 │ 1469 │ 1275 │ 1074 │  894 │  693 │ 463 
 Plurality            │ 8764 │ 2588 │ 2058 │ 1748 │ 1499 │ 1295 │ 1095 │  939 │  781 │  591 │ 407 
 Majority             │ 8764 │ 1524 │ 1177 │  974 │  839 │  716 │  623 │  520 │  446 │  351 │ 262 
 Exact                │ 8764 │  388 │  296 │  262 │  225 │  194 │  170 │  154 │  130 │  103 │  50 

