knn with k=1:
       Quality        │   #   │ #With Prob. │ Total 
══════════════════════╪═══════╪═════════════╪═══════
 Exact                │ 67693 │         159 │ 67852 
 Majority             │     0 │           0 │     0 
 Plurality            │     0 │           0 │     0 
 PluralityThenMinDist │     0 │           0 │     0 
 Contains             │     0 │           0 │     0 
 Wrong                │ 15654 │        4134 │ 19788 
 NoResult             │     0 │           0 │     0 

#Domains with at least x classification results of quality or higher:
        Method        │  0   │  1   │  2   │  3   │  4   │  5   │  6   │  7   │  8   │  9   │  10 
══════════════════════╪══════╪══════╪══════╪══════╪══════╪══════╪══════╪══════╪══════╪══════╪══════
 Contains             │ 8764 │ 8273 │ 8195 │ 8038 │ 7849 │ 7561 │ 7179 │ 6685 │ 5992 │ 4884 │ 3196 
 PluralityThenMinDist │ 8764 │ 8273 │ 8195 │ 8038 │ 7849 │ 7561 │ 7179 │ 6685 │ 5992 │ 4884 │ 3196 
 Plurality            │ 8764 │ 8273 │ 8195 │ 8038 │ 7849 │ 7561 │ 7179 │ 6685 │ 5992 │ 4884 │ 3196 
 Majority             │ 8764 │ 8273 │ 8195 │ 8038 │ 7849 │ 7561 │ 7179 │ 6685 │ 5992 │ 4884 │ 3196 
 Exact                │ 8764 │ 8273 │ 8195 │ 8038 │ 7849 │ 7561 │ 7179 │ 6685 │ 5992 │ 4884 │ 3196 


knn with k=3:
       Quality        │   #   │ #With Prob. │ Total 
══════════════════════╪═══════╪═════════════╪═══════
 Exact                │ 46278 │         100 │ 46378 
 Majority             │ 16408 │          99 │ 16507 
 Plurality            │     0 │           0 │     0 
 PluralityThenMinDist │  5589 │           6 │  5595 
 Contains             │  6276 │          93 │  6369 
 Wrong                │  8796 │        3995 │ 12791 
 NoResult             │     0 │           0 │     0 

#Domains with at least x classification results of quality or higher:
        Method        │  0   │  1   │  2   │  3   │  4   │  5   │  6   │  7   │  8   │  9   │  10 
══════════════════════╪══════╪══════╪══════╪══════╪══════╪══════╪══════╪══════╪══════╪══════╪══════
 Contains             │ 8764 │ 8352 │ 8327 │ 8269 │ 8187 │ 8065 │ 7882 │ 7605 │ 7168 │ 6353 │ 4641 
 PluralityThenMinDist │ 8764 │ 8262 │ 8170 │ 8022 │ 7833 │ 7556 │ 7224 │ 6751 │ 6100 │ 5117 │ 3445 
 Plurality            │ 8764 │ 8103 │ 7881 │ 7670 │ 7373 │ 7013 │ 6571 │ 6010 │ 5262 │ 4225 │ 2777 
 Majority             │ 8764 │ 8103 │ 7881 │ 7670 │ 7373 │ 7013 │ 6571 │ 6010 │ 5262 │ 4225 │ 2777 
 Exact                │ 8764 │ 7277 │ 6719 │ 6221 │ 5705 │ 5148 │ 4592 │ 3896 │ 3152 │ 2331 │ 1337 


knn with k=5:
       Quality        │   #   │ #With Prob. │ Total 
══════════════════════╪═══════╪═════════════╪═══════
 Exact                │ 29610 │          47 │ 29657 
 Majority             │ 27780 │         147 │ 27927 
 Plurality            │  7448 │          25 │  7473 
 PluralityThenMinDist │  4182 │          10 │  4192 
 Contains             │  7671 │         159 │  7830 
 Wrong                │  6656 │        3905 │ 10561 
 NoResult             │     0 │           0 │     0 

#Domains with at least x classification results of quality or higher:
        Method        │  0   │  1   │  2   │  3   │  4   │  5   │  6   │  7   │  8   │  9   │  10 
══════════════════════╪══════╪══════╪══════╪══════╪══════╪══════╪══════╪══════╪══════╪══════╪══════
 Contains             │ 8764 │ 8396 │ 8377 │ 8338 │ 8277 │ 8190 │ 8067 │ 7864 │ 7500 │ 6842 │ 5228 
 PluralityThenMinDist │ 8764 │ 8273 │ 8160 │ 8026 │ 7826 │ 7593 │ 7270 │ 6876 │ 6260 │ 5289 │ 3676 
 Plurality            │ 8764 │ 8172 │ 7969 │ 7759 │ 7516 │ 7209 │ 6811 │ 6309 │ 5588 │ 4609 │ 3115 
 Majority             │ 8764 │ 7808 │ 7463 │ 7158 │ 6848 │ 6424 │ 5930 │ 5342 │ 4561 │ 3642 │ 2408 
 Exact                │ 8764 │ 5552 │ 4704 │ 4087 │ 3597 │ 3114 │ 2694 │ 2227 │ 1736 │ 1261 │  685 


knn with k=7:
       Quality        │   #   │ #With Prob. │ Total 
══════════════════════╪═══════╪═════════════╪═══════
 Exact                │ 16631 │          32 │ 16663 
 Majority             │ 34901 │         120 │ 35021 
 Plurality            │ 13451 │          65 │ 13516 
 PluralityThenMinDist │  4059 │           7 │  4066 
 Contains             │  8750 │         226 │  8976 
 Wrong                │  5555 │        3843 │  9398 
 NoResult             │     0 │           0 │     0 

#Domains with at least x classification results of quality or higher:
        Method        │  0   │  1   │  2   │  3   │  4   │  5   │  6   │  7   │  8   │  9   │  10 
══════════════════════╪══════╪══════╪══════╪══════╪══════╪══════╪══════╪══════╪══════╪══════╪══════
 Contains             │ 8764 │ 8407 │ 8390 │ 8361 │ 8328 │ 8258 │ 8146 │ 7990 │ 7677 │ 7106 │ 5579 
 PluralityThenMinDist │ 8764 │ 8256 │ 8134 │ 7972 │ 7810 │ 7579 │ 7280 │ 6883 │ 6258 │ 5342 │ 3752 
 Plurality            │ 8764 │ 8157 │ 7950 │ 7731 │ 7505 │ 7203 │ 6839 │ 6322 │ 5632 │ 4662 │ 3199 
 Majority             │ 8764 │ 7393 │ 6961 │ 6551 │ 6134 │ 5740 │ 5231 │ 4624 │ 3916 │ 3121 │ 2013 
 Exact                │ 8764 │ 3602 │ 2820 │ 2334 │ 1929 │ 1620 │ 1371 │ 1126 │  893 │  633 │  335 


knn with k=9:
       Quality        │   #   │ #With Prob. │ Total 
══════════════════════╪═══════╪═════════════╪═══════
 Exact                │  6506 │          11 │  6517 
 Majority             │ 38646 │         116 │ 38762 
 Plurality            │ 19649 │          88 │ 19737 
 PluralityThenMinDist │  4066 │          10 │  4076 
 Contains             │  9708 │         308 │ 10016 
 Wrong                │  4772 │        3760 │  8532 
 NoResult             │     0 │           0 │     0 

#Domains with at least x classification results of quality or higher:
        Method        │  0   │  1   │  2   │  3   │  4   │  5   │  6   │  7   │  8   │  9   │  10 
══════════════════════╪══════╪══════╪══════╪══════╪══════╪══════╪══════╪══════╪══════╪══════╪══════
 Contains             │ 8764 │ 8417 │ 8404 │ 8377 │ 8353 │ 8310 │ 8210 │ 8068 │ 7818 │ 7280 │ 5871 
 PluralityThenMinDist │ 8764 │ 8251 │ 8117 │ 7950 │ 7790 │ 7568 │ 7256 │ 6835 │ 6236 │ 5316 │ 3773 
 Plurality            │ 8764 │ 8149 │ 7923 │ 7719 │ 7471 │ 7169 │ 6791 │ 6292 │ 5626 │ 4664 │ 3212 
 Majority             │ 8764 │ 6794 │ 6267 │ 5826 │ 5389 │ 4926 │ 4472 │ 3935 │ 3329 │ 2640 │ 1701 
 Exact                │ 8764 │ 1600 │ 1104 │  866 │  724 │  598 │  490 │  415 │  341 │  238 │  141 

