knn with k=1:
       Quality        │   #   │ #With Prob. │ Total 
══════════════════════╪═══════╪═════════════╪═══════
 Exact                │ 66789 │         194 │ 66983 
 Majority             │     0 │           0 │     0 
 Plurality            │     0 │           0 │     0 
 PluralityThenMinDist │     0 │           0 │     0 
 Contains             │     0 │           0 │     0 
 Wrong                │ 16055 │        4602 │ 20657 
 NoResult             │     0 │           0 │     0 

#Domains with at least x classification results of quality or higher:
        Method        │  0   │  1   │  2   │  3   │  4   │  5   │  6   │  7   │  8   │  9   │  10 
══════════════════════╪══════╪══════╪══════╪══════╪══════╪══════╪══════╪══════╪══════╪══════╪══════
 Contains             │ 8764 │ 8184 │ 8070 │ 7901 │ 7678 │ 7393 │ 7027 │ 6539 │ 5895 │ 4932 │ 3364 
 PluralityThenMinDist │ 8764 │ 8184 │ 8070 │ 7901 │ 7678 │ 7393 │ 7027 │ 6539 │ 5895 │ 4932 │ 3364 
 Plurality            │ 8764 │ 8184 │ 8070 │ 7901 │ 7678 │ 7393 │ 7027 │ 6539 │ 5895 │ 4932 │ 3364 
 Majority             │ 8764 │ 8184 │ 8070 │ 7901 │ 7678 │ 7393 │ 7027 │ 6539 │ 5895 │ 4932 │ 3364 
 Exact                │ 8764 │ 8184 │ 8070 │ 7901 │ 7678 │ 7393 │ 7027 │ 6539 │ 5895 │ 4932 │ 3364 


knn with k=3:
       Quality        │   #   │ #With Prob. │ Total 
══════════════════════╪═══════╪═════════════╪═══════
 Exact                │ 46510 │         136 │ 46646 
 Majority             │ 15646 │          86 │ 15732 
 Plurality            │     0 │           0 │     0 
 PluralityThenMinDist │  5158 │           0 │  5158 
 Contains             │  6315 │         107 │  6422 
 Wrong                │  9215 │        4467 │ 13682 
 NoResult             │     0 │           0 │     0 

#Domains with at least x classification results of quality or higher:
        Method        │  0   │  1   │  2   │  3   │  4   │  5   │  6   │  7   │  8   │  9   │  10 
══════════════════════╪══════╪══════╪══════╪══════╪══════╪══════╪══════╪══════╪══════╪══════╪══════
 Contains             │ 8764 │ 8320 │ 8278 │ 8189 │ 8074 │ 7931 │ 7729 │ 7456 │ 7028 │ 6245 │ 4708 
 PluralityThenMinDist │ 8764 │ 8160 │ 8035 │ 7881 │ 7666 │ 7407 │ 7071 │ 6620 │ 6013 │ 5125 │ 3558 
 Plurality            │ 8764 │ 7991 │ 7787 │ 7582 │ 7235 │ 6885 │ 6470 │ 5931 │ 5273 │ 4316 │ 2908 
 Majority             │ 8764 │ 7991 │ 7787 │ 7582 │ 7235 │ 6885 │ 6470 │ 5931 │ 5273 │ 4316 │ 2908 
 Exact                │ 8764 │ 7186 │ 6627 │ 6160 │ 5692 │ 5156 │ 4596 │ 3975 │ 3281 │ 2490 │ 1483 


knn with k=5:
       Quality        │   #   │ #With Prob. │ Total 
══════════════════════╪═══════╪═════════════╪═══════
 Exact                │ 30916 │          62 │ 30978 
 Majority             │ 26329 │         151 │ 26480 
 Plurality            │  6974 │          45 │  7019 
 PluralityThenMinDist │  3888 │           3 │  3891 
 Contains             │  7725 │         151 │  7876 
 Wrong                │  7012 │        4384 │ 11396 
 NoResult             │     0 │           0 │     0 

#Domains with at least x classification results of quality or higher:
        Method        │  0   │  1   │  2   │  3   │  4   │  5   │  6   │  7   │  8   │  9   │  10 
══════════════════════╪══════╪══════╪══════╪══════╪══════╪══════╪══════╪══════╪══════╪══════╪══════
 Contains             │ 8764 │ 8352 │ 8329 │ 8268 │ 8193 │ 8084 │ 7939 │ 7712 │ 7377 │ 6746 │ 5244 
 PluralityThenMinDist │ 8764 │ 8170 │ 8044 │ 7910 │ 7721 │ 7462 │ 7142 │ 6724 │ 6150 │ 5298 │ 3747 
 Plurality            │ 8764 │ 8079 │ 7889 │ 7690 │ 7419 │ 7066 │ 6681 │ 6212 │ 5582 │ 4655 │ 3204 
 Majority             │ 8764 │ 7752 │ 7390 │ 7072 │ 6731 │ 6325 │ 5860 │ 5357 │ 4670 │ 3779 │ 2522 
 Exact                │ 8764 │ 5547 │ 4780 │ 4210 │ 3715 │ 3271 │ 2869 │ 2416 │ 1915 │ 1410 │  845 


knn with k=7:
       Quality        │   #   │ #With Prob. │ Total 
══════════════════════╪═══════╪═════════════╪═══════
 Exact                │ 18224 │          46 │ 18270 
 Majority             │ 33696 │         138 │ 33834 
 Plurality            │ 12508 │          54 │ 12562 
 PluralityThenMinDist │  3778 │           8 │  3786 
 Contains             │  8871 │         242 │  9113 
 Wrong                │  5767 │        4308 │ 10075 
 NoResult             │     0 │           0 │     0 

#Domains with at least x classification results of quality or higher:
        Method        │  0   │  1   │  2   │  3   │  4   │  5   │  6   │  7   │  8   │  9   │  10 
══════════════════════╪══════╪══════╪══════╪══════╪══════╪══════╪══════╪══════╪══════╪══════╪══════
 Contains             │ 8764 │ 8376 │ 8350 │ 8302 │ 8252 │ 8178 │ 8047 │ 7866 │ 7589 │ 7019 │ 5586 
 PluralityThenMinDist │ 8764 │ 8166 │ 8013 │ 7869 │ 7692 │ 7456 │ 7157 │ 6779 │ 6196 │ 5318 │ 3806 
 Plurality            │ 8764 │ 8069 │ 7874 │ 7658 │ 7411 │ 7105 │ 6735 │ 6260 │ 5607 │ 4708 │ 3239 
 Majority             │ 8764 │ 7317 │ 6866 │ 6512 │ 6123 │ 5742 │ 5290 │ 4752 │ 4083 │ 3280 │ 2139 
 Exact                │ 8764 │ 3753 │ 2993 │ 2502 │ 2110 │ 1810 │ 1531 │ 1278 │ 1038 │  788 │  467 


knn with k=9:
       Quality        │   #   │ #With Prob. │ Total 
══════════════════════╪═══════╪═════════════╪═══════
 Exact                │  7577 │          21 │  7598 
 Majority             │ 38645 │         114 │ 38759 
 Plurality            │ 17986 │          82 │ 18068 
 PluralityThenMinDist │  3857 │          11 │  3868 
 Contains             │  9762 │         359 │ 10121 
 Wrong                │  5017 │        4209 │  9226 
 NoResult             │     0 │           0 │     0 

#Domains with at least x classification results of quality or higher:
        Method        │  0   │  1   │  2   │  3   │  4   │  5   │  6   │  7   │  8   │  9   │  10 
══════════════════════╪══════╪══════╪══════╪══════╪══════╪══════╪══════╪══════╪══════╪══════╪══════
 Contains             │ 8764 │ 8388 │ 8379 │ 8328 │ 8294 │ 8228 │ 8106 │ 7965 │ 7695 │ 7203 │ 5828 
 PluralityThenMinDist │ 8764 │ 8154 │ 8006 │ 7855 │ 7675 │ 7452 │ 7138 │ 6733 │ 6141 │ 5317 │ 3822 
 Plurality            │ 8764 │ 8032 │ 7846 │ 7640 │ 7396 │ 7070 │ 6704 │ 6205 │ 5573 │ 4686 │ 3273 
 Majority             │ 8764 │ 6746 │ 6233 │ 5858 │ 5472 │ 5088 │ 4652 │ 4132 │ 3522 │ 2813 │ 1841 
 Exact                │ 8764 │ 1737 │ 1257 │ 1011 │  847 │  709 │  599 │  500 │  408 │  315 │  215 

